2025-09-25 01:40:01 | audio_manager        | INFO     | __init__       :14   | Initializing AudioManager
2025-09-25 01:40:01 | audio_manager        | INFO     | __init__       :48   | AudioManager initialized - Buffer: 180s, Sample Rate: 44100, Chunk Size: 1024
2025-09-25 01:40:02 | audio_manager        | DEBUG    | wrapper        :205  | CALL: get_audio_devices(1 args, 0 kwargs)
2025-09-25 01:40:02 | audio_manager        | DEBUG    | get_audio_devices:57   | Scanning for audio devices...
2025-09-25 01:40:02 | audio_manager        | INFO     | get_audio_devices:65   | Found 37 audio devices
2025-09-25 01:40:02 | audio_manager        | DEBUG    | get_audio_devices:75   | Device 0: 'Input' (raw: 'Microsoft Sound Mapper - Input') - In:2 Out:0
2025-09-25 01:40:02 | audio_manager        | DEBUG    | get_audio_devices:99   |   -> Added as INPUT device
2025-09-25 01:40:02 | audio_manager        | DEBUG    | get_audio_devices:75   | Device 1: 'Microphone (TONOR TC30 Audio De' (raw: 'Microphone (TONOR TC30 Audio De') - In:1 Out:0
2025-09-25 01:40:02 | audio_manager        | DEBUG    | get_audio_devices:99   |   -> Added as INPUT device
2025-09-25 01:40:02 | audio_manager        | DEBUG    | get_audio_devices:75   | Device 2: 'Microphone (Logi C615 HD WebCam' (raw: 'Microphone (Logi C615 HD WebCam') - In:1 Out:0
2025-09-25 01:40:02 | audio_manager        | DEBUG    | get_audio_devices:99   |   -> Added as INPUT device
2025-09-25 01:40:02 | audio_manager        | DEBUG    | get_audio_devices:75   | Device 3: 'Output' (raw: 'Microsoft Sound Mapper - Output') - In:0 Out:2
2025-09-25 01:40:02 | audio_manager        | DEBUG    | get_audio_devices:111  |   -> Added as OUTPUT device
2025-09-25 01:40:02 | audio_manager        | DEBUG    | get_audio_devices:75   | Device 4: 'Speakers (Logi Z407)' (raw: 'Speakers (Logi Z407)') - In:0 Out:2
2025-09-25 01:40:02 | audio_manager        | DEBUG    | get_audio_devices:111  |   -> Added as OUTPUT device
2025-09-25 01:40:02 | audio_manager        | DEBUG    | get_audio_devices:75   | Device 5: 'Realtek Digital Output (Realtek' (raw: 'Realtek Digital Output (Realtek') - In:0 Out:2
2025-09-25 01:40:02 | audio_manager        | DEBUG    | get_audio_devices:111  |   -> Added as OUTPUT device
2025-09-25 01:40:02 | audio_manager        | DEBUG    | get_audio_devices:75   | Device 6: 'Q27G4N (NVIDIA High Definition ' (raw: 'Q27G4N (NVIDIA High Definition ') - In:0 Out:2
2025-09-25 01:40:02 | audio_manager        | DEBUG    | get_audio_devices:111  |   -> Added as OUTPUT device
2025-09-25 01:40:02 | audio_manager        | DEBUG    | get_audio_devices:75   | Device 7: 'CR340HD (NVIDIA High Definition' (raw: 'CR340HD (NVIDIA High Definition') - In:0 Out:2
2025-09-25 01:40:02 | audio_manager        | DEBUG    | get_audio_devices:111  |   -> Added as OUTPUT device
2025-09-25 01:40:02 | audio_manager        | DEBUG    | get_audio_devices:75   | Device 8: 'LG ULTRAGEAR (NVIDIA High Defin' (raw: 'LG ULTRAGEAR (NVIDIA High Defin') - In:0 Out:2
2025-09-25 01:40:02 | audio_manager        | DEBUG    | get_audio_devices:111  |   -> Added as OUTPUT device
2025-09-25 01:40:02 | audio_manager        | DEBUG    | get_audio_devices:75   | Device 9: 'Primary Sound Capture Driver' (raw: 'Primary Sound Capture Driver') - In:2 Out:0
2025-09-25 01:40:02 | audio_manager        | DEBUG    | get_audio_devices:99   |   -> Added as INPUT device
2025-09-25 01:40:02 | audio_manager        | DEBUG    | get_audio_devices:75   | Device 10: 'Microphone (TONOR TC30 Audio Device)' (raw: 'Microphone (TONOR TC30 Audio Device)') - In:1 Out:0
2025-09-25 01:40:02 | audio_manager        | DEBUG    | get_audio_devices:99   |   -> Added as INPUT device
2025-09-25 01:40:02 | audio_manager        | DEBUG    | get_audio_devices:75   | Device 11: 'Microphone (Logi C615 HD WebCam)' (raw: 'Microphone (Logi C615 HD WebCam)') - In:1 Out:0
2025-09-25 01:40:02 | audio_manager        | DEBUG    | get_audio_devices:99   |   -> Added as INPUT device
2025-09-25 01:40:02 | audio_manager        | DEBUG    | get_audio_devices:75   | Device 12: 'Primary Sound Driver' (raw: 'Primary Sound Driver') - In:0 Out:2
2025-09-25 01:40:02 | audio_manager        | DEBUG    | get_audio_devices:111  |   -> Added as OUTPUT device
2025-09-25 01:40:02 | audio_manager        | DEBUG    | get_audio_devices:75   | Device 13: 'Speakers (Logi Z407)' (raw: 'Speakers (Logi Z407)') - In:0 Out:2
2025-09-25 01:40:02 | audio_manager        | DEBUG    | get_audio_devices:111  |   -> Added as OUTPUT device
2025-09-25 01:40:02 | audio_manager        | DEBUG    | get_audio_devices:75   | Device 14: 'Realtek Digital Output (Realtek(R) Audio)' (raw: 'Realtek Digital Output (Realtek(R) Audio)') - In:0 Out:2
2025-09-25 01:40:02 | audio_manager        | DEBUG    | get_audio_devices:111  |   -> Added as OUTPUT device
2025-09-25 01:40:02 | audio_manager        | DEBUG    | get_audio_devices:75   | Device 15: 'Q27G4N (NVIDIA High Definition Audio)' (raw: 'Q27G4N (NVIDIA High Definition Audio)') - In:0 Out:2
2025-09-25 01:40:02 | audio_manager        | DEBUG    | get_audio_devices:111  |   -> Added as OUTPUT device
2025-09-25 01:40:02 | audio_manager        | DEBUG    | get_audio_devices:75   | Device 16: 'CR340HD (NVIDIA High Definition Audio)' (raw: 'CR340HD (NVIDIA High Definition Audio)') - In:0 Out:2
2025-09-25 01:40:02 | audio_manager        | DEBUG    | get_audio_devices:111  |   -> Added as OUTPUT device
2025-09-25 01:40:02 | audio_manager        | DEBUG    | get_audio_devices:75   | Device 17: 'LG ULTRAGEAR (NVIDIA High Definition Audio)' (raw: 'LG ULTRAGEAR (NVIDIA High Definition Audio)') - In:0 Out:2
2025-09-25 01:40:02 | audio_manager        | DEBUG    | get_audio_devices:111  |   -> Added as OUTPUT device
2025-09-25 01:40:02 | audio_manager        | DEBUG    | get_audio_devices:75   | Device 18: 'Realtek Digital Output (Realtek(R) Audio)' (raw: 'Realtek Digital Output (Realtek(R) Audio)') - In:0 Out:2
2025-09-25 01:40:02 | audio_manager        | DEBUG    | get_audio_devices:111  |   -> Added as OUTPUT device
2025-09-25 01:40:02 | audio_manager        | DEBUG    | get_audio_devices:75   | Device 19: 'Q27G4N (NVIDIA High Definition Audio)' (raw: 'Q27G4N (NVIDIA High Definition Audio)') - In:0 Out:2
2025-09-25 01:40:02 | audio_manager        | DEBUG    | get_audio_devices:111  |   -> Added as OUTPUT device
2025-09-25 01:40:02 | audio_manager        | DEBUG    | get_audio_devices:75   | Device 20: 'CR340HD (NVIDIA High Definition Audio)' (raw: 'CR340HD (NVIDIA High Definition Audio)') - In:0 Out:2
2025-09-25 01:40:02 | audio_manager        | DEBUG    | get_audio_devices:111  |   -> Added as OUTPUT device
2025-09-25 01:40:02 | audio_manager        | DEBUG    | get_audio_devices:75   | Device 21: 'LG ULTRAGEAR (NVIDIA High Definition Audio)' (raw: 'LG ULTRAGEAR (NVIDIA High Definition Audio)') - In:0 Out:2
2025-09-25 01:40:02 | audio_manager        | DEBUG    | get_audio_devices:111  |   -> Added as OUTPUT device
2025-09-25 01:40:02 | audio_manager        | DEBUG    | get_audio_devices:75   | Device 22: 'Speakers (Logi Z407)' (raw: 'Speakers (Logi Z407)') - In:0 Out:2
2025-09-25 01:40:02 | audio_manager        | DEBUG    | get_audio_devices:111  |   -> Added as OUTPUT device
2025-09-25 01:40:02 | audio_manager        | DEBUG    | get_audio_devices:75   | Device 23: 'Microphone (Logi C615 HD WebCam)' (raw: 'Microphone (Logi C615 HD WebCam)') - In:1 Out:0
2025-09-25 01:40:02 | audio_manager        | DEBUG    | get_audio_devices:99   |   -> Added as INPUT device
2025-09-25 01:40:02 | audio_manager        | DEBUG    | get_audio_devices:75   | Device 24: 'Microphone (TONOR TC30 Audio Device)' (raw: 'Microphone (TONOR TC30 Audio Device)') - In:1 Out:0
2025-09-25 01:40:02 | audio_manager        | DEBUG    | get_audio_devices:99   |   -> Added as INPUT device
2025-09-25 01:40:02 | audio_manager        | DEBUG    | get_audio_devices:75   | Device 25: 'Microphone (Logi C615 HD WebCam)' (raw: 'Microphone (Logi C615 HD WebCam)') - In:1 Out:0
2025-09-25 01:40:02 | audio_manager        | DEBUG    | get_audio_devices:99   |   -> Added as INPUT device
2025-09-25 01:40:02 | audio_manager        | DEBUG    | get_audio_devices:75   | Device 26: 'Microphone (Realtek HD Audio Mic input)' (raw: 'Microphone (Realtek HD Audio Mic input)') - In:2 Out:0
2025-09-25 01:40:02 | audio_manager        | DEBUG    | get_audio_devices:99   |   -> Added as INPUT device
2025-09-25 01:40:02 | audio_manager        | DEBUG    | get_audio_devices:75   | Device 27: 'SPDIF Out (Realtek HDA SPDIF Out)' (raw: 'SPDIF Out (Realtek HDA SPDIF Out)') - In:0 Out:2
2025-09-25 01:40:02 | audio_manager        | DEBUG    | get_audio_devices:111  |   -> Added as OUTPUT device
2025-09-25 01:40:02 | audio_manager        | DEBUG    | get_audio_devices:75   | Device 28: 'Line In (Realtek HD Audio Line input)' (raw: 'Line In (Realtek HD Audio Line input)') - In:2 Out:0
2025-09-25 01:40:02 | audio_manager        | DEBUG    | get_audio_devices:99   |   -> Added as INPUT device
2025-09-25 01:40:02 | audio_manager        | DEBUG    | get_audio_devices:75   | Device 29: 'Headphones (Realtek HD Audio 2nd output)' (raw: 'Headphones (Realtek HD Audio 2nd output)') - In:0 Out:2
2025-09-25 01:40:02 | audio_manager        | DEBUG    | get_audio_devices:111  |   -> Added as OUTPUT device
2025-09-25 01:40:02 | audio_manager        | DEBUG    | get_audio_devices:75   | Device 30: 'Speakers (Realtek HD Audio output)' (raw: 'Speakers (Realtek HD Audio output)') - In:0 Out:8
2025-09-25 01:40:02 | audio_manager        | DEBUG    | get_audio_devices:111  |   -> Added as OUTPUT device
2025-09-25 01:40:02 | audio_manager        | DEBUG    | get_audio_devices:75   | Device 31: 'Stereo Mix (Realtek HD Audio Stereo input)' (raw: 'Stereo Mix (Realtek HD Audio Stereo input)') - In:2 Out:0
2025-09-25 01:40:02 | audio_manager        | DEBUG    | get_audio_devices:89   |   -> Added as SYSTEM RECORDING device
2025-09-25 01:40:02 | audio_manager        | DEBUG    | get_audio_devices:75   | Device 32: 'Output (NVIDIA High Definition Audio)' (raw: 'Output (NVIDIA High Definition Audio)') - In:0 Out:2
2025-09-25 01:40:02 | audio_manager        | DEBUG    | get_audio_devices:111  |   -> Added as OUTPUT device
2025-09-25 01:40:02 | audio_manager        | DEBUG    | get_audio_devices:75   | Device 33: 'Output (NVIDIA High Definition Audio)' (raw: 'Output (NVIDIA High Definition Audio)') - In:0 Out:2
2025-09-25 01:40:02 | audio_manager        | DEBUG    | get_audio_devices:111  |   -> Added as OUTPUT device
2025-09-25 01:40:02 | audio_manager        | DEBUG    | get_audio_devices:75   | Device 34: 'Output (NVIDIA High Definition Audio)' (raw: 'Output (NVIDIA High Definition Audio)') - In:0 Out:2
2025-09-25 01:40:02 | audio_manager        | DEBUG    | get_audio_devices:111  |   -> Added as OUTPUT device
2025-09-25 01:40:02 | audio_manager        | DEBUG    | get_audio_devices:75   | Device 35: 'Speakers (Logi Z407)' (raw: 'Speakers (Logi Z407)') - In:0 Out:2
2025-09-25 01:40:02 | audio_manager        | DEBUG    | get_audio_devices:111  |   -> Added as OUTPUT device
2025-09-25 01:40:02 | audio_manager        | DEBUG    | get_audio_devices:75   | Device 36: 'Microphone (TONOR TC30 Audio Device)' (raw: 'Microphone (TONOR TC30 Audio Device)') - In:1 Out:0
2025-09-25 01:40:02 | audio_manager        | DEBUG    | get_audio_devices:99   |   -> Added as INPUT device
2025-09-25 01:40:02 | audio_manager        | INFO     | get_audio_devices:117  | Device scan complete: 12 input, 24 output, 1 system recording
2025-09-25 01:40:02 | audio_manager        | DEBUG    | wrapper        :209  | RETURN: get_audio_devices -> dict
2025-09-25 01:40:02 | audio_manager        | DEBUG    | wrapper        :205  | CALL: get_audio_devices(1 args, 0 kwargs)
2025-09-25 01:40:02 | audio_manager        | DEBUG    | get_audio_devices:57   | Scanning for audio devices...
2025-09-25 01:40:02 | audio_manager        | INFO     | get_audio_devices:65   | Found 37 audio devices
2025-09-25 01:40:02 | audio_manager        | DEBUG    | get_audio_devices:75   | Device 0: 'Input' (raw: 'Microsoft Sound Mapper - Input') - In:2 Out:0
2025-09-25 01:40:02 | audio_manager        | DEBUG    | get_audio_devices:99   |   -> Added as INPUT device
2025-09-25 01:40:02 | audio_manager        | DEBUG    | get_audio_devices:75   | Device 1: 'Microphone (TONOR TC30 Audio De' (raw: 'Microphone (TONOR TC30 Audio De') - In:1 Out:0
2025-09-25 01:40:02 | audio_manager        | DEBUG    | get_audio_devices:99   |   -> Added as INPUT device
2025-09-25 01:40:02 | audio_manager        | DEBUG    | get_audio_devices:75   | Device 2: 'Microphone (Logi C615 HD WebCam' (raw: 'Microphone (Logi C615 HD WebCam') - In:1 Out:0
2025-09-25 01:40:02 | audio_manager        | DEBUG    | get_audio_devices:99   |   -> Added as INPUT device
2025-09-25 01:40:02 | audio_manager        | DEBUG    | get_audio_devices:75   | Device 3: 'Output' (raw: 'Microsoft Sound Mapper - Output') - In:0 Out:2
2025-09-25 01:40:02 | audio_manager        | DEBUG    | get_audio_devices:111  |   -> Added as OUTPUT device
2025-09-25 01:40:02 | audio_manager        | DEBUG    | get_audio_devices:75   | Device 4: 'Speakers (Logi Z407)' (raw: 'Speakers (Logi Z407)') - In:0 Out:2
2025-09-25 01:40:02 | audio_manager        | DEBUG    | get_audio_devices:111  |   -> Added as OUTPUT device
2025-09-25 01:40:02 | audio_manager        | DEBUG    | get_audio_devices:75   | Device 5: 'Realtek Digital Output (Realtek' (raw: 'Realtek Digital Output (Realtek') - In:0 Out:2
2025-09-25 01:40:02 | audio_manager        | DEBUG    | get_audio_devices:111  |   -> Added as OUTPUT device
2025-09-25 01:40:02 | audio_manager        | DEBUG    | get_audio_devices:75   | Device 6: 'Q27G4N (NVIDIA High Definition ' (raw: 'Q27G4N (NVIDIA High Definition ') - In:0 Out:2
2025-09-25 01:40:02 | audio_manager        | DEBUG    | get_audio_devices:111  |   -> Added as OUTPUT device
2025-09-25 01:40:02 | audio_manager        | DEBUG    | get_audio_devices:75   | Device 7: 'CR340HD (NVIDIA High Definition' (raw: 'CR340HD (NVIDIA High Definition') - In:0 Out:2
2025-09-25 01:40:02 | audio_manager        | DEBUG    | get_audio_devices:111  |   -> Added as OUTPUT device
2025-09-25 01:40:02 | audio_manager        | DEBUG    | get_audio_devices:75   | Device 8: 'LG ULTRAGEAR (NVIDIA High Defin' (raw: 'LG ULTRAGEAR (NVIDIA High Defin') - In:0 Out:2
2025-09-25 01:40:02 | audio_manager        | DEBUG    | get_audio_devices:111  |   -> Added as OUTPUT device
2025-09-25 01:40:02 | audio_manager        | DEBUG    | get_audio_devices:75   | Device 9: 'Primary Sound Capture Driver' (raw: 'Primary Sound Capture Driver') - In:2 Out:0
2025-09-25 01:40:02 | audio_manager        | DEBUG    | get_audio_devices:99   |   -> Added as INPUT device
2025-09-25 01:40:02 | audio_manager        | DEBUG    | get_audio_devices:75   | Device 10: 'Microphone (TONOR TC30 Audio Device)' (raw: 'Microphone (TONOR TC30 Audio Device)') - In:1 Out:0
2025-09-25 01:40:02 | audio_manager        | DEBUG    | get_audio_devices:99   |   -> Added as INPUT device
2025-09-25 01:40:02 | audio_manager        | DEBUG    | get_audio_devices:75   | Device 11: 'Microphone (Logi C615 HD WebCam)' (raw: 'Microphone (Logi C615 HD WebCam)') - In:1 Out:0
2025-09-25 01:40:02 | audio_manager        | DEBUG    | get_audio_devices:99   |   -> Added as INPUT device
2025-09-25 01:40:02 | audio_manager        | DEBUG    | get_audio_devices:75   | Device 12: 'Primary Sound Driver' (raw: 'Primary Sound Driver') - In:0 Out:2
2025-09-25 01:40:02 | audio_manager        | DEBUG    | get_audio_devices:111  |   -> Added as OUTPUT device
2025-09-25 01:40:02 | audio_manager        | DEBUG    | get_audio_devices:75   | Device 13: 'Speakers (Logi Z407)' (raw: 'Speakers (Logi Z407)') - In:0 Out:2
2025-09-25 01:40:02 | audio_manager        | DEBUG    | get_audio_devices:111  |   -> Added as OUTPUT device
2025-09-25 01:40:02 | audio_manager        | DEBUG    | get_audio_devices:75   | Device 14: 'Realtek Digital Output (Realtek(R) Audio)' (raw: 'Realtek Digital Output (Realtek(R) Audio)') - In:0 Out:2
2025-09-25 01:40:02 | audio_manager        | DEBUG    | get_audio_devices:111  |   -> Added as OUTPUT device
2025-09-25 01:40:02 | audio_manager        | DEBUG    | get_audio_devices:75   | Device 15: 'Q27G4N (NVIDIA High Definition Audio)' (raw: 'Q27G4N (NVIDIA High Definition Audio)') - In:0 Out:2
2025-09-25 01:40:02 | audio_manager        | DEBUG    | get_audio_devices:111  |   -> Added as OUTPUT device
2025-09-25 01:40:02 | audio_manager        | DEBUG    | get_audio_devices:75   | Device 16: 'CR340HD (NVIDIA High Definition Audio)' (raw: 'CR340HD (NVIDIA High Definition Audio)') - In:0 Out:2
2025-09-25 01:40:02 | audio_manager        | DEBUG    | get_audio_devices:111  |   -> Added as OUTPUT device
2025-09-25 01:40:02 | audio_manager        | DEBUG    | get_audio_devices:75   | Device 17: 'LG ULTRAGEAR (NVIDIA High Definition Audio)' (raw: 'LG ULTRAGEAR (NVIDIA High Definition Audio)') - In:0 Out:2
2025-09-25 01:40:02 | audio_manager        | DEBUG    | get_audio_devices:111  |   -> Added as OUTPUT device
2025-09-25 01:40:02 | audio_manager        | DEBUG    | get_audio_devices:75   | Device 18: 'Realtek Digital Output (Realtek(R) Audio)' (raw: 'Realtek Digital Output (Realtek(R) Audio)') - In:0 Out:2
2025-09-25 01:40:02 | audio_manager        | DEBUG    | get_audio_devices:111  |   -> Added as OUTPUT device
2025-09-25 01:40:02 | audio_manager        | DEBUG    | get_audio_devices:75   | Device 19: 'Q27G4N (NVIDIA High Definition Audio)' (raw: 'Q27G4N (NVIDIA High Definition Audio)') - In:0 Out:2
2025-09-25 01:40:02 | audio_manager        | DEBUG    | get_audio_devices:111  |   -> Added as OUTPUT device
2025-09-25 01:40:02 | audio_manager        | DEBUG    | get_audio_devices:75   | Device 20: 'CR340HD (NVIDIA High Definition Audio)' (raw: 'CR340HD (NVIDIA High Definition Audio)') - In:0 Out:2
2025-09-25 01:40:02 | audio_manager        | DEBUG    | get_audio_devices:111  |   -> Added as OUTPUT device
2025-09-25 01:40:02 | audio_manager        | DEBUG    | get_audio_devices:75   | Device 21: 'LG ULTRAGEAR (NVIDIA High Definition Audio)' (raw: 'LG ULTRAGEAR (NVIDIA High Definition Audio)') - In:0 Out:2
2025-09-25 01:40:02 | audio_manager        | DEBUG    | get_audio_devices:111  |   -> Added as OUTPUT device
2025-09-25 01:40:02 | audio_manager        | DEBUG    | get_audio_devices:75   | Device 22: 'Speakers (Logi Z407)' (raw: 'Speakers (Logi Z407)') - In:0 Out:2
2025-09-25 01:40:02 | audio_manager        | DEBUG    | get_audio_devices:111  |   -> Added as OUTPUT device
2025-09-25 01:40:02 | audio_manager        | DEBUG    | get_audio_devices:75   | Device 23: 'Microphone (Logi C615 HD WebCam)' (raw: 'Microphone (Logi C615 HD WebCam)') - In:1 Out:0
2025-09-25 01:40:02 | audio_manager        | DEBUG    | get_audio_devices:99   |   -> Added as INPUT device
2025-09-25 01:40:02 | audio_manager        | DEBUG    | get_audio_devices:75   | Device 24: 'Microphone (TONOR TC30 Audio Device)' (raw: 'Microphone (TONOR TC30 Audio Device)') - In:1 Out:0
2025-09-25 01:40:02 | audio_manager        | DEBUG    | get_audio_devices:99   |   -> Added as INPUT device
2025-09-25 01:40:02 | audio_manager        | DEBUG    | get_audio_devices:75   | Device 25: 'Microphone (Logi C615 HD WebCam)' (raw: 'Microphone (Logi C615 HD WebCam)') - In:1 Out:0
2025-09-25 01:40:02 | audio_manager        | DEBUG    | get_audio_devices:99   |   -> Added as INPUT device
2025-09-25 01:40:02 | audio_manager        | DEBUG    | get_audio_devices:75   | Device 26: 'Microphone (Realtek HD Audio Mic input)' (raw: 'Microphone (Realtek HD Audio Mic input)') - In:2 Out:0
2025-09-25 01:40:02 | audio_manager        | DEBUG    | get_audio_devices:99   |   -> Added as INPUT device
2025-09-25 01:40:02 | audio_manager        | DEBUG    | get_audio_devices:75   | Device 27: 'SPDIF Out (Realtek HDA SPDIF Out)' (raw: 'SPDIF Out (Realtek HDA SPDIF Out)') - In:0 Out:2
2025-09-25 01:40:02 | audio_manager        | DEBUG    | get_audio_devices:111  |   -> Added as OUTPUT device
2025-09-25 01:40:02 | audio_manager        | DEBUG    | get_audio_devices:75   | Device 28: 'Line In (Realtek HD Audio Line input)' (raw: 'Line In (Realtek HD Audio Line input)') - In:2 Out:0
2025-09-25 01:40:02 | audio_manager        | DEBUG    | get_audio_devices:99   |   -> Added as INPUT device
2025-09-25 01:40:02 | audio_manager        | DEBUG    | get_audio_devices:75   | Device 29: 'Headphones (Realtek HD Audio 2nd output)' (raw: 'Headphones (Realtek HD Audio 2nd output)') - In:0 Out:2
2025-09-25 01:40:02 | audio_manager        | DEBUG    | get_audio_devices:111  |   -> Added as OUTPUT device
2025-09-25 01:40:02 | audio_manager        | DEBUG    | get_audio_devices:75   | Device 30: 'Speakers (Realtek HD Audio output)' (raw: 'Speakers (Realtek HD Audio output)') - In:0 Out:8
2025-09-25 01:40:02 | audio_manager        | DEBUG    | get_audio_devices:111  |   -> Added as OUTPUT device
2025-09-25 01:40:02 | audio_manager        | DEBUG    | get_audio_devices:75   | Device 31: 'Stereo Mix (Realtek HD Audio Stereo input)' (raw: 'Stereo Mix (Realtek HD Audio Stereo input)') - In:2 Out:0
2025-09-25 01:40:02 | audio_manager        | DEBUG    | get_audio_devices:89   |   -> Added as SYSTEM RECORDING device
2025-09-25 01:40:02 | audio_manager        | DEBUG    | get_audio_devices:75   | Device 32: 'Output (NVIDIA High Definition Audio)' (raw: 'Output (NVIDIA High Definition Audio)') - In:0 Out:2
2025-09-25 01:40:02 | audio_manager        | DEBUG    | get_audio_devices:111  |   -> Added as OUTPUT device
2025-09-25 01:40:02 | audio_manager        | DEBUG    | get_audio_devices:75   | Device 33: 'Output (NVIDIA High Definition Audio)' (raw: 'Output (NVIDIA High Definition Audio)') - In:0 Out:2
2025-09-25 01:40:02 | audio_manager        | DEBUG    | get_audio_devices:111  |   -> Added as OUTPUT device
2025-09-25 01:40:02 | audio_manager        | DEBUG    | get_audio_devices:75   | Device 34: 'Output (NVIDIA High Definition Audio)' (raw: 'Output (NVIDIA High Definition Audio)') - In:0 Out:2
2025-09-25 01:40:02 | audio_manager        | DEBUG    | get_audio_devices:111  |   -> Added as OUTPUT device
2025-09-25 01:40:02 | audio_manager        | DEBUG    | get_audio_devices:75   | Device 35: 'Speakers (Logi Z407)' (raw: 'Speakers (Logi Z407)') - In:0 Out:2
2025-09-25 01:40:02 | audio_manager        | DEBUG    | get_audio_devices:111  |   -> Added as OUTPUT device
2025-09-25 01:40:02 | audio_manager        | DEBUG    | get_audio_devices:75   | Device 36: 'Microphone (TONOR TC30 Audio Device)' (raw: 'Microphone (TONOR TC30 Audio Device)') - In:1 Out:0
2025-09-25 01:40:02 | audio_manager        | DEBUG    | get_audio_devices:99   |   -> Added as INPUT device
2025-09-25 01:40:02 | audio_manager        | INFO     | get_audio_devices:117  | Device scan complete: 12 input, 24 output, 1 system recording
2025-09-25 01:40:02 | audio_manager        | DEBUG    | wrapper        :209  | RETURN: get_audio_devices -> dict
2025-09-25 01:40:08 | audio_manager        | DEBUG    | wrapper        :205  | CALL: get_audio_devices(1 args, 0 kwargs)
2025-09-25 01:40:08 | audio_manager        | DEBUG    | get_audio_devices:57   | Scanning for audio devices...
2025-09-25 01:40:08 | audio_manager        | INFO     | get_audio_devices:65   | Found 37 audio devices
2025-09-25 01:40:08 | audio_manager        | DEBUG    | get_audio_devices:75   | Device 0: 'Input' (raw: 'Microsoft Sound Mapper - Input') - In:2 Out:0
2025-09-25 01:40:08 | audio_manager        | DEBUG    | get_audio_devices:99   |   -> Added as INPUT device
2025-09-25 01:40:08 | audio_manager        | DEBUG    | get_audio_devices:75   | Device 1: 'Microphone (TONOR TC30 Audio De' (raw: 'Microphone (TONOR TC30 Audio De') - In:1 Out:0
2025-09-25 01:40:08 | audio_manager        | DEBUG    | get_audio_devices:99   |   -> Added as INPUT device
2025-09-25 01:40:08 | audio_manager        | DEBUG    | get_audio_devices:75   | Device 2: 'Microphone (Logi C615 HD WebCam' (raw: 'Microphone (Logi C615 HD WebCam') - In:1 Out:0
2025-09-25 01:40:08 | audio_manager        | DEBUG    | get_audio_devices:99   |   -> Added as INPUT device
2025-09-25 01:40:08 | audio_manager        | DEBUG    | get_audio_devices:75   | Device 3: 'Output' (raw: 'Microsoft Sound Mapper - Output') - In:0 Out:2
2025-09-25 01:40:08 | audio_manager        | DEBUG    | get_audio_devices:111  |   -> Added as OUTPUT device
2025-09-25 01:40:08 | audio_manager        | DEBUG    | get_audio_devices:75   | Device 4: 'Speakers (Logi Z407)' (raw: 'Speakers (Logi Z407)') - In:0 Out:2
2025-09-25 01:40:08 | audio_manager        | DEBUG    | get_audio_devices:111  |   -> Added as OUTPUT device
2025-09-25 01:40:08 | audio_manager        | DEBUG    | get_audio_devices:75   | Device 5: 'Realtek Digital Output (Realtek' (raw: 'Realtek Digital Output (Realtek') - In:0 Out:2
2025-09-25 01:40:08 | audio_manager        | DEBUG    | get_audio_devices:111  |   -> Added as OUTPUT device
2025-09-25 01:40:08 | audio_manager        | DEBUG    | get_audio_devices:75   | Device 6: 'Q27G4N (NVIDIA High Definition ' (raw: 'Q27G4N (NVIDIA High Definition ') - In:0 Out:2
2025-09-25 01:40:08 | audio_manager        | DEBUG    | get_audio_devices:111  |   -> Added as OUTPUT device
2025-09-25 01:40:08 | audio_manager        | DEBUG    | get_audio_devices:75   | Device 7: 'CR340HD (NVIDIA High Definition' (raw: 'CR340HD (NVIDIA High Definition') - In:0 Out:2
2025-09-25 01:40:08 | audio_manager        | DEBUG    | get_audio_devices:111  |   -> Added as OUTPUT device
2025-09-25 01:40:08 | audio_manager        | DEBUG    | get_audio_devices:75   | Device 8: 'LG ULTRAGEAR (NVIDIA High Defin' (raw: 'LG ULTRAGEAR (NVIDIA High Defin') - In:0 Out:2
2025-09-25 01:40:08 | audio_manager        | DEBUG    | get_audio_devices:111  |   -> Added as OUTPUT device
2025-09-25 01:40:08 | audio_manager        | DEBUG    | get_audio_devices:75   | Device 9: 'Primary Sound Capture Driver' (raw: 'Primary Sound Capture Driver') - In:2 Out:0
2025-09-25 01:40:08 | audio_manager        | DEBUG    | get_audio_devices:99   |   -> Added as INPUT device
2025-09-25 01:40:08 | audio_manager        | DEBUG    | get_audio_devices:75   | Device 10: 'Microphone (TONOR TC30 Audio Device)' (raw: 'Microphone (TONOR TC30 Audio Device)') - In:1 Out:0
2025-09-25 01:40:08 | audio_manager        | DEBUG    | get_audio_devices:99   |   -> Added as INPUT device
2025-09-25 01:40:08 | audio_manager        | DEBUG    | get_audio_devices:75   | Device 11: 'Microphone (Logi C615 HD WebCam)' (raw: 'Microphone (Logi C615 HD WebCam)') - In:1 Out:0
2025-09-25 01:40:08 | audio_manager        | DEBUG    | get_audio_devices:99   |   -> Added as INPUT device
2025-09-25 01:40:08 | audio_manager        | DEBUG    | get_audio_devices:75   | Device 12: 'Primary Sound Driver' (raw: 'Primary Sound Driver') - In:0 Out:2
2025-09-25 01:40:08 | audio_manager        | DEBUG    | get_audio_devices:111  |   -> Added as OUTPUT device
2025-09-25 01:40:08 | audio_manager        | DEBUG    | get_audio_devices:75   | Device 13: 'Speakers (Logi Z407)' (raw: 'Speakers (Logi Z407)') - In:0 Out:2
2025-09-25 01:40:08 | audio_manager        | DEBUG    | get_audio_devices:111  |   -> Added as OUTPUT device
2025-09-25 01:40:08 | audio_manager        | DEBUG    | get_audio_devices:75   | Device 14: 'Realtek Digital Output (Realtek(R) Audio)' (raw: 'Realtek Digital Output (Realtek(R) Audio)') - In:0 Out:2
2025-09-25 01:40:08 | audio_manager        | DEBUG    | get_audio_devices:111  |   -> Added as OUTPUT device
2025-09-25 01:40:08 | audio_manager        | DEBUG    | get_audio_devices:75   | Device 15: 'Q27G4N (NVIDIA High Definition Audio)' (raw: 'Q27G4N (NVIDIA High Definition Audio)') - In:0 Out:2
2025-09-25 01:40:08 | audio_manager        | DEBUG    | get_audio_devices:111  |   -> Added as OUTPUT device
2025-09-25 01:40:08 | audio_manager        | DEBUG    | get_audio_devices:75   | Device 16: 'CR340HD (NVIDIA High Definition Audio)' (raw: 'CR340HD (NVIDIA High Definition Audio)') - In:0 Out:2
2025-09-25 01:40:08 | audio_manager        | DEBUG    | get_audio_devices:111  |   -> Added as OUTPUT device
2025-09-25 01:40:08 | audio_manager        | DEBUG    | get_audio_devices:75   | Device 17: 'LG ULTRAGEAR (NVIDIA High Definition Audio)' (raw: 'LG ULTRAGEAR (NVIDIA High Definition Audio)') - In:0 Out:2
2025-09-25 01:40:08 | audio_manager        | DEBUG    | get_audio_devices:111  |   -> Added as OUTPUT device
2025-09-25 01:40:08 | audio_manager        | DEBUG    | get_audio_devices:75   | Device 18: 'Realtek Digital Output (Realtek(R) Audio)' (raw: 'Realtek Digital Output (Realtek(R) Audio)') - In:0 Out:2
2025-09-25 01:40:08 | audio_manager        | DEBUG    | get_audio_devices:111  |   -> Added as OUTPUT device
2025-09-25 01:40:08 | audio_manager        | DEBUG    | get_audio_devices:75   | Device 19: 'Q27G4N (NVIDIA High Definition Audio)' (raw: 'Q27G4N (NVIDIA High Definition Audio)') - In:0 Out:2
2025-09-25 01:40:08 | audio_manager        | DEBUG    | get_audio_devices:111  |   -> Added as OUTPUT device
2025-09-25 01:40:08 | audio_manager        | DEBUG    | get_audio_devices:75   | Device 20: 'CR340HD (NVIDIA High Definition Audio)' (raw: 'CR340HD (NVIDIA High Definition Audio)') - In:0 Out:2
2025-09-25 01:40:08 | audio_manager        | DEBUG    | get_audio_devices:111  |   -> Added as OUTPUT device
2025-09-25 01:40:08 | audio_manager        | DEBUG    | get_audio_devices:75   | Device 21: 'LG ULTRAGEAR (NVIDIA High Definition Audio)' (raw: 'LG ULTRAGEAR (NVIDIA High Definition Audio)') - In:0 Out:2
2025-09-25 01:40:08 | audio_manager        | DEBUG    | get_audio_devices:111  |   -> Added as OUTPUT device
2025-09-25 01:40:08 | audio_manager        | DEBUG    | get_audio_devices:75   | Device 22: 'Speakers (Logi Z407)' (raw: 'Speakers (Logi Z407)') - In:0 Out:2
2025-09-25 01:40:08 | audio_manager        | DEBUG    | get_audio_devices:111  |   -> Added as OUTPUT device
2025-09-25 01:40:08 | audio_manager        | DEBUG    | get_audio_devices:75   | Device 23: 'Microphone (Logi C615 HD WebCam)' (raw: 'Microphone (Logi C615 HD WebCam)') - In:1 Out:0
2025-09-25 01:40:08 | audio_manager        | DEBUG    | get_audio_devices:99   |   -> Added as INPUT device
2025-09-25 01:40:08 | audio_manager        | DEBUG    | get_audio_devices:75   | Device 24: 'Microphone (TONOR TC30 Audio Device)' (raw: 'Microphone (TONOR TC30 Audio Device)') - In:1 Out:0
2025-09-25 01:40:08 | audio_manager        | DEBUG    | get_audio_devices:99   |   -> Added as INPUT device
2025-09-25 01:40:08 | audio_manager        | DEBUG    | get_audio_devices:75   | Device 25: 'Microphone (Logi C615 HD WebCam)' (raw: 'Microphone (Logi C615 HD WebCam)') - In:1 Out:0
2025-09-25 01:40:08 | audio_manager        | DEBUG    | get_audio_devices:99   |   -> Added as INPUT device
2025-09-25 01:40:08 | audio_manager        | DEBUG    | get_audio_devices:75   | Device 26: 'Microphone (Realtek HD Audio Mic input)' (raw: 'Microphone (Realtek HD Audio Mic input)') - In:2 Out:0
2025-09-25 01:40:08 | audio_manager        | DEBUG    | get_audio_devices:99   |   -> Added as INPUT device
2025-09-25 01:40:08 | audio_manager        | DEBUG    | get_audio_devices:75   | Device 27: 'SPDIF Out (Realtek HDA SPDIF Out)' (raw: 'SPDIF Out (Realtek HDA SPDIF Out)') - In:0 Out:2
2025-09-25 01:40:08 | audio_manager        | DEBUG    | get_audio_devices:111  |   -> Added as OUTPUT device
2025-09-25 01:40:08 | audio_manager        | DEBUG    | get_audio_devices:75   | Device 28: 'Line In (Realtek HD Audio Line input)' (raw: 'Line In (Realtek HD Audio Line input)') - In:2 Out:0
2025-09-25 01:40:08 | audio_manager        | DEBUG    | get_audio_devices:99   |   -> Added as INPUT device
2025-09-25 01:40:08 | audio_manager        | DEBUG    | get_audio_devices:75   | Device 29: 'Headphones (Realtek HD Audio 2nd output)' (raw: 'Headphones (Realtek HD Audio 2nd output)') - In:0 Out:2
2025-09-25 01:40:08 | audio_manager        | DEBUG    | get_audio_devices:111  |   -> Added as OUTPUT device
2025-09-25 01:40:08 | audio_manager        | DEBUG    | get_audio_devices:75   | Device 30: 'Speakers (Realtek HD Audio output)' (raw: 'Speakers (Realtek HD Audio output)') - In:0 Out:8
2025-09-25 01:40:08 | audio_manager        | DEBUG    | get_audio_devices:111  |   -> Added as OUTPUT device
2025-09-25 01:40:08 | audio_manager        | DEBUG    | get_audio_devices:75   | Device 31: 'Stereo Mix (Realtek HD Audio Stereo input)' (raw: 'Stereo Mix (Realtek HD Audio Stereo input)') - In:2 Out:0
2025-09-25 01:40:08 | audio_manager        | DEBUG    | get_audio_devices:89   |   -> Added as SYSTEM RECORDING device
2025-09-25 01:40:08 | audio_manager        | DEBUG    | get_audio_devices:75   | Device 32: 'Output (NVIDIA High Definition Audio)' (raw: 'Output (NVIDIA High Definition Audio)') - In:0 Out:2
2025-09-25 01:40:08 | audio_manager        | DEBUG    | get_audio_devices:111  |   -> Added as OUTPUT device
2025-09-25 01:40:08 | audio_manager        | DEBUG    | get_audio_devices:75   | Device 33: 'Output (NVIDIA High Definition Audio)' (raw: 'Output (NVIDIA High Definition Audio)') - In:0 Out:2
2025-09-25 01:40:08 | audio_manager        | DEBUG    | get_audio_devices:111  |   -> Added as OUTPUT device
2025-09-25 01:40:08 | audio_manager        | DEBUG    | get_audio_devices:75   | Device 34: 'Output (NVIDIA High Definition Audio)' (raw: 'Output (NVIDIA High Definition Audio)') - In:0 Out:2
2025-09-25 01:40:08 | audio_manager        | DEBUG    | get_audio_devices:111  |   -> Added as OUTPUT device
2025-09-25 01:40:08 | audio_manager        | DEBUG    | get_audio_devices:75   | Device 35: 'Speakers (Logi Z407)' (raw: 'Speakers (Logi Z407)') - In:0 Out:2
2025-09-25 01:40:08 | audio_manager        | DEBUG    | get_audio_devices:111  |   -> Added as OUTPUT device
2025-09-25 01:40:08 | audio_manager        | DEBUG    | get_audio_devices:75   | Device 36: 'Microphone (TONOR TC30 Audio Device)' (raw: 'Microphone (TONOR TC30 Audio Device)') - In:1 Out:0
2025-09-25 01:40:08 | audio_manager        | DEBUG    | get_audio_devices:99   |   -> Added as INPUT device
2025-09-25 01:40:08 | audio_manager        | INFO     | get_audio_devices:117  | Device scan complete: 12 input, 24 output, 1 system recording
2025-09-25 01:40:08 | audio_manager        | DEBUG    | wrapper        :209  | RETURN: get_audio_devices -> dict
2025-09-25 01:40:08 | audio_manager        | INFO     | set_input_device:401  | Setting input device to index 1
2025-09-25 01:40:08 | audio_manager        | INFO     | set_input_device:414  | Input device set: 'Microphone (TONOR TC30 Audio De' (channels: 1)
2025-09-25 01:40:08 | audio_manager        | DEBUG    | wrapper        :205  | CALL: get_audio_devices(1 args, 0 kwargs)
2025-09-25 01:40:08 | audio_manager        | DEBUG    | get_audio_devices:57   | Scanning for audio devices...
2025-09-25 01:40:08 | audio_manager        | INFO     | get_audio_devices:65   | Found 37 audio devices
2025-09-25 01:40:08 | audio_manager        | DEBUG    | get_audio_devices:75   | Device 0: 'Input' (raw: 'Microsoft Sound Mapper - Input') - In:2 Out:0
2025-09-25 01:40:08 | audio_manager        | DEBUG    | get_audio_devices:99   |   -> Added as INPUT device
2025-09-25 01:40:08 | audio_manager        | DEBUG    | get_audio_devices:75   | Device 1: 'Microphone (TONOR TC30 Audio De' (raw: 'Microphone (TONOR TC30 Audio De') - In:1 Out:0
2025-09-25 01:40:08 | audio_manager        | DEBUG    | get_audio_devices:99   |   -> Added as INPUT device
2025-09-25 01:40:08 | audio_manager        | DEBUG    | get_audio_devices:75   | Device 2: 'Microphone (Logi C615 HD WebCam' (raw: 'Microphone (Logi C615 HD WebCam') - In:1 Out:0
2025-09-25 01:40:08 | audio_manager        | DEBUG    | get_audio_devices:99   |   -> Added as INPUT device
2025-09-25 01:40:08 | audio_manager        | DEBUG    | get_audio_devices:75   | Device 3: 'Output' (raw: 'Microsoft Sound Mapper - Output') - In:0 Out:2
2025-09-25 01:40:08 | audio_manager        | DEBUG    | get_audio_devices:111  |   -> Added as OUTPUT device
2025-09-25 01:40:08 | audio_manager        | DEBUG    | get_audio_devices:75   | Device 4: 'Speakers (Logi Z407)' (raw: 'Speakers (Logi Z407)') - In:0 Out:2
2025-09-25 01:40:08 | audio_manager        | DEBUG    | get_audio_devices:111  |   -> Added as OUTPUT device
2025-09-25 01:40:08 | audio_manager        | DEBUG    | get_audio_devices:75   | Device 5: 'Realtek Digital Output (Realtek' (raw: 'Realtek Digital Output (Realtek') - In:0 Out:2
2025-09-25 01:40:08 | audio_manager        | DEBUG    | get_audio_devices:111  |   -> Added as OUTPUT device
2025-09-25 01:40:08 | audio_manager        | DEBUG    | get_audio_devices:75   | Device 6: 'Q27G4N (NVIDIA High Definition ' (raw: 'Q27G4N (NVIDIA High Definition ') - In:0 Out:2
2025-09-25 01:40:08 | audio_manager        | DEBUG    | get_audio_devices:111  |   -> Added as OUTPUT device
2025-09-25 01:40:08 | audio_manager        | DEBUG    | get_audio_devices:75   | Device 7: 'CR340HD (NVIDIA High Definition' (raw: 'CR340HD (NVIDIA High Definition') - In:0 Out:2
2025-09-25 01:40:08 | audio_manager        | DEBUG    | get_audio_devices:111  |   -> Added as OUTPUT device
2025-09-25 01:40:08 | audio_manager        | DEBUG    | get_audio_devices:75   | Device 8: 'LG ULTRAGEAR (NVIDIA High Defin' (raw: 'LG ULTRAGEAR (NVIDIA High Defin') - In:0 Out:2
2025-09-25 01:40:08 | audio_manager        | DEBUG    | get_audio_devices:111  |   -> Added as OUTPUT device
2025-09-25 01:40:08 | audio_manager        | DEBUG    | get_audio_devices:75   | Device 9: 'Primary Sound Capture Driver' (raw: 'Primary Sound Capture Driver') - In:2 Out:0
2025-09-25 01:40:08 | audio_manager        | DEBUG    | get_audio_devices:99   |   -> Added as INPUT device
2025-09-25 01:40:08 | audio_manager        | DEBUG    | get_audio_devices:75   | Device 10: 'Microphone (TONOR TC30 Audio Device)' (raw: 'Microphone (TONOR TC30 Audio Device)') - In:1 Out:0
2025-09-25 01:40:08 | audio_manager        | DEBUG    | get_audio_devices:99   |   -> Added as INPUT device
2025-09-25 01:40:08 | audio_manager        | DEBUG    | get_audio_devices:75   | Device 11: 'Microphone (Logi C615 HD WebCam)' (raw: 'Microphone (Logi C615 HD WebCam)') - In:1 Out:0
2025-09-25 01:40:08 | audio_manager        | DEBUG    | get_audio_devices:99   |   -> Added as INPUT device
2025-09-25 01:40:08 | audio_manager        | DEBUG    | get_audio_devices:75   | Device 12: 'Primary Sound Driver' (raw: 'Primary Sound Driver') - In:0 Out:2
2025-09-25 01:40:08 | audio_manager        | DEBUG    | get_audio_devices:111  |   -> Added as OUTPUT device
2025-09-25 01:40:08 | audio_manager        | DEBUG    | get_audio_devices:75   | Device 13: 'Speakers (Logi Z407)' (raw: 'Speakers (Logi Z407)') - In:0 Out:2
2025-09-25 01:40:08 | audio_manager        | DEBUG    | get_audio_devices:111  |   -> Added as OUTPUT device
2025-09-25 01:40:08 | audio_manager        | DEBUG    | get_audio_devices:75   | Device 14: 'Realtek Digital Output (Realtek(R) Audio)' (raw: 'Realtek Digital Output (Realtek(R) Audio)') - In:0 Out:2
2025-09-25 01:40:08 | audio_manager        | DEBUG    | get_audio_devices:111  |   -> Added as OUTPUT device
2025-09-25 01:40:08 | audio_manager        | DEBUG    | get_audio_devices:75   | Device 15: 'Q27G4N (NVIDIA High Definition Audio)' (raw: 'Q27G4N (NVIDIA High Definition Audio)') - In:0 Out:2
2025-09-25 01:40:08 | audio_manager        | DEBUG    | get_audio_devices:111  |   -> Added as OUTPUT device
2025-09-25 01:40:08 | audio_manager        | DEBUG    | get_audio_devices:75   | Device 16: 'CR340HD (NVIDIA High Definition Audio)' (raw: 'CR340HD (NVIDIA High Definition Audio)') - In:0 Out:2
2025-09-25 01:40:08 | audio_manager        | DEBUG    | get_audio_devices:111  |   -> Added as OUTPUT device
2025-09-25 01:40:08 | audio_manager        | DEBUG    | get_audio_devices:75   | Device 17: 'LG ULTRAGEAR (NVIDIA High Definition Audio)' (raw: 'LG ULTRAGEAR (NVIDIA High Definition Audio)') - In:0 Out:2
2025-09-25 01:40:08 | audio_manager        | DEBUG    | get_audio_devices:111  |   -> Added as OUTPUT device
2025-09-25 01:40:08 | audio_manager        | DEBUG    | get_audio_devices:75   | Device 18: 'Realtek Digital Output (Realtek(R) Audio)' (raw: 'Realtek Digital Output (Realtek(R) Audio)') - In:0 Out:2
2025-09-25 01:40:08 | audio_manager        | DEBUG    | get_audio_devices:111  |   -> Added as OUTPUT device
2025-09-25 01:40:08 | audio_manager        | DEBUG    | get_audio_devices:75   | Device 19: 'Q27G4N (NVIDIA High Definition Audio)' (raw: 'Q27G4N (NVIDIA High Definition Audio)') - In:0 Out:2
2025-09-25 01:40:08 | audio_manager        | DEBUG    | get_audio_devices:111  |   -> Added as OUTPUT device
2025-09-25 01:40:08 | audio_manager        | DEBUG    | get_audio_devices:75   | Device 20: 'CR340HD (NVIDIA High Definition Audio)' (raw: 'CR340HD (NVIDIA High Definition Audio)') - In:0 Out:2
2025-09-25 01:40:08 | audio_manager        | DEBUG    | get_audio_devices:111  |   -> Added as OUTPUT device
2025-09-25 01:40:08 | audio_manager        | DEBUG    | get_audio_devices:75   | Device 21: 'LG ULTRAGEAR (NVIDIA High Definition Audio)' (raw: 'LG ULTRAGEAR (NVIDIA High Definition Audio)') - In:0 Out:2
2025-09-25 01:40:08 | audio_manager        | DEBUG    | get_audio_devices:111  |   -> Added as OUTPUT device
2025-09-25 01:40:08 | audio_manager        | DEBUG    | get_audio_devices:75   | Device 22: 'Speakers (Logi Z407)' (raw: 'Speakers (Logi Z407)') - In:0 Out:2
2025-09-25 01:40:08 | audio_manager        | DEBUG    | get_audio_devices:111  |   -> Added as OUTPUT device
2025-09-25 01:40:08 | audio_manager        | DEBUG    | get_audio_devices:75   | Device 23: 'Microphone (Logi C615 HD WebCam)' (raw: 'Microphone (Logi C615 HD WebCam)') - In:1 Out:0
2025-09-25 01:40:08 | audio_manager        | DEBUG    | get_audio_devices:99   |   -> Added as INPUT device
2025-09-25 01:40:08 | audio_manager        | DEBUG    | get_audio_devices:75   | Device 24: 'Microphone (TONOR TC30 Audio Device)' (raw: 'Microphone (TONOR TC30 Audio Device)') - In:1 Out:0
2025-09-25 01:40:08 | audio_manager        | DEBUG    | get_audio_devices:99   |   -> Added as INPUT device
2025-09-25 01:40:08 | audio_manager        | DEBUG    | get_audio_devices:75   | Device 25: 'Microphone (Logi C615 HD WebCam)' (raw: 'Microphone (Logi C615 HD WebCam)') - In:1 Out:0
2025-09-25 01:40:08 | audio_manager        | DEBUG    | get_audio_devices:99   |   -> Added as INPUT device
2025-09-25 01:40:08 | audio_manager        | DEBUG    | get_audio_devices:75   | Device 26: 'Microphone (Realtek HD Audio Mic input)' (raw: 'Microphone (Realtek HD Audio Mic input)') - In:2 Out:0
2025-09-25 01:40:08 | audio_manager        | DEBUG    | get_audio_devices:99   |   -> Added as INPUT device
2025-09-25 01:40:08 | audio_manager        | DEBUG    | get_audio_devices:75   | Device 27: 'SPDIF Out (Realtek HDA SPDIF Out)' (raw: 'SPDIF Out (Realtek HDA SPDIF Out)') - In:0 Out:2
2025-09-25 01:40:08 | audio_manager        | DEBUG    | get_audio_devices:111  |   -> Added as OUTPUT device
2025-09-25 01:40:08 | audio_manager        | DEBUG    | get_audio_devices:75   | Device 28: 'Line In (Realtek HD Audio Line input)' (raw: 'Line In (Realtek HD Audio Line input)') - In:2 Out:0
2025-09-25 01:40:08 | audio_manager        | DEBUG    | get_audio_devices:99   |   -> Added as INPUT device
2025-09-25 01:40:08 | audio_manager        | DEBUG    | get_audio_devices:75   | Device 29: 'Headphones (Realtek HD Audio 2nd output)' (raw: 'Headphones (Realtek HD Audio 2nd output)') - In:0 Out:2
2025-09-25 01:40:08 | audio_manager        | DEBUG    | get_audio_devices:111  |   -> Added as OUTPUT device
2025-09-25 01:40:08 | audio_manager        | DEBUG    | get_audio_devices:75   | Device 30: 'Speakers (Realtek HD Audio output)' (raw: 'Speakers (Realtek HD Audio output)') - In:0 Out:8
2025-09-25 01:40:08 | audio_manager        | DEBUG    | get_audio_devices:111  |   -> Added as OUTPUT device
2025-09-25 01:40:08 | audio_manager        | DEBUG    | get_audio_devices:75   | Device 31: 'Stereo Mix (Realtek HD Audio Stereo input)' (raw: 'Stereo Mix (Realtek HD Audio Stereo input)') - In:2 Out:0
2025-09-25 01:40:08 | audio_manager        | DEBUG    | get_audio_devices:89   |   -> Added as SYSTEM RECORDING device
2025-09-25 01:40:08 | audio_manager        | DEBUG    | get_audio_devices:75   | Device 32: 'Output (NVIDIA High Definition Audio)' (raw: 'Output (NVIDIA High Definition Audio)') - In:0 Out:2
2025-09-25 01:40:08 | audio_manager        | DEBUG    | get_audio_devices:111  |   -> Added as OUTPUT device
2025-09-25 01:40:08 | audio_manager        | DEBUG    | get_audio_devices:75   | Device 33: 'Output (NVIDIA High Definition Audio)' (raw: 'Output (NVIDIA High Definition Audio)') - In:0 Out:2
2025-09-25 01:40:08 | audio_manager        | DEBUG    | get_audio_devices:111  |   -> Added as OUTPUT device
2025-09-25 01:40:08 | audio_manager        | DEBUG    | get_audio_devices:75   | Device 34: 'Output (NVIDIA High Definition Audio)' (raw: 'Output (NVIDIA High Definition Audio)') - In:0 Out:2
2025-09-25 01:40:08 | audio_manager        | DEBUG    | get_audio_devices:111  |   -> Added as OUTPUT device
2025-09-25 01:40:08 | audio_manager        | DEBUG    | get_audio_devices:75   | Device 35: 'Speakers (Logi Z407)' (raw: 'Speakers (Logi Z407)') - In:0 Out:2
2025-09-25 01:40:08 | audio_manager        | DEBUG    | get_audio_devices:111  |   -> Added as OUTPUT device
2025-09-25 01:40:08 | audio_manager        | DEBUG    | get_audio_devices:75   | Device 36: 'Microphone (TONOR TC30 Audio Device)' (raw: 'Microphone (TONOR TC30 Audio Device)') - In:1 Out:0
2025-09-25 01:40:08 | audio_manager        | DEBUG    | get_audio_devices:99   |   -> Added as INPUT device
2025-09-25 01:40:08 | audio_manager        | INFO     | get_audio_devices:117  | Device scan complete: 12 input, 24 output, 1 system recording
2025-09-25 01:40:08 | audio_manager        | DEBUG    | wrapper        :209  | RETURN: get_audio_devices -> dict
2025-09-25 01:40:08 | audio_manager        | DEBUG    | preflight_open :488  | Preflight testing device: wasapi_loopback
2025-09-25 01:40:08 | audio_manager        | DEBUG    | supports_wasapi_loopback:171  | WASAPI host API not found
2025-09-25 01:40:08 | audio_manager        | DEBUG    | open_system_loopback_stream:182  | WASAPI loopback not supported
2025-09-25 01:40:08 | audio_manager        | DEBUG    | preflight_open :498  | WASAPI loopback preflight: FAILED
2025-09-25 01:40:08 | audio_manager        | DEBUG    | preflight_open :488  | Preflight testing device: 31
2025-09-25 01:40:08 | audio_manager        | DEBUG    | preflight_open :533  | Preflight FAILED: Device 31 - [Errno -9999] Unanticipated host error
2025-09-25 01:40:08 | audio_manager        | DEBUG    | preflight_open :488  | Preflight testing device: mic_only
2025-09-25 01:40:08 | audio_manager        | DEBUG    | preflight_open :503  | Mic-only preflight: SUCCESS (no system audio)
2025-09-25 01:40:08 | audio_manager        | INFO     | set_system_audio_mode:462  | Setting system audio mode to: mic_only
2025-09-25 01:40:08 | audio_manager        | INFO     | set_system_audio_mode:475  | System audio mode set to: mic_only
2025-09-25 01:40:08 | audio_manager        | DEBUG    | wrapper        :205  | CALL: start_recording(1 args, 0 kwargs)
2025-09-25 01:40:08 | audio_manager        | INFO     | start_recording:594  | Starting audio recording...
2025-09-25 01:40:08 | audio_manager        | DEBUG    | start_recording:621  | Testing device compatibility...
2025-09-25 01:40:08 | audio_manager        | DEBUG    | start_recording:634  | Microphone device test passed: Microphone (TONOR TC30 Audio De
2025-09-25 01:40:08 | audio_manager        | DEBUG    | start_recording:658  | Mic-only mode - skipping system audio test
2025-09-25 01:40:08 | audio_manager        | DEBUG    | start_recording:686  | Device validation passed - Mic: Microphone (TONOR TC30 Audio De (1 ch), System mode: mic_only
2025-09-25 01:40:08 | audio_manager        | DEBUG    | start_recording:696  | Creating recording thread...
2025-09-25 01:40:08 | audio_manager        | DEBUG    | _recording_loop:711  | Recording loop thread started
2025-09-25 01:40:08 | audio_manager        | INFO     | start_recording:701  | Audio recording started successfully
2025-09-25 01:40:08 | audio_manager        | DEBUG    | _recording_loop:730  | Opening microphone stream (device 1)
2025-09-25 01:40:08 | audio_manager        | DEBUG    | wrapper        :209  | RETURN: start_recording -> tuple
2025-09-25 01:40:08 | audio_manager        | DEBUG    | _recording_loop:750  | Mic-only mode - no system audio stream
2025-09-25 01:40:08 | audio_manager        | INFO     | _recording_loop:765  | Recording loop ready - Buffer max size: 7751 chunks (180s)
2025-09-25 01:40:38 | audio_manager        | DEBUG    | _recording_loop:829  | Recording status: 1291 chunks, 30.0s buffered, Mic:19.0, Sys:0.0
2025-09-25 01:41:08 | audio_manager        | DEBUG    | _recording_loop:829  | Recording status: 2582 chunks, 60.0s buffered, Mic:17.5, Sys:0.0
2025-09-25 01:41:38 | audio_manager        | DEBUG    | _recording_loop:829  | Recording status: 3873 chunks, 89.9s buffered, Mic:71.5, Sys:0.0
2025-09-25 01:42:08 | audio_manager        | DEBUG    | _recording_loop:829  | Recording status: 5164 chunks, 119.9s buffered, Mic:74.0, Sys:0.0
2025-09-25 01:42:38 | audio_manager        | DEBUG    | _recording_loop:829  | Recording status: 6455 chunks, 149.9s buffered, Mic:53.1, Sys:0.0
2025-09-25 01:43:08 | audio_manager        | DEBUG    | _recording_loop:829  | Recording status: 7746 chunks, 179.9s buffered, Mic:75.6, Sys:0.0
2025-09-25 01:43:38 | audio_manager        | DEBUG    | _recording_loop:829  | Recording status: 9037 chunks, 180.0s buffered, Mic:30.1, Sys:0.0
2025-09-25 01:44:08 | audio_manager        | DEBUG    | _recording_loop:829  | Recording status: 10328 chunks, 180.0s buffered, Mic:18.1, Sys:0.0
2025-09-25 01:44:38 | audio_manager        | DEBUG    | _recording_loop:829  | Recording status: 11619 chunks, 180.0s buffered, Mic:47.1, Sys:0.0
2025-09-25 01:45:06 | audio_manager        | DEBUG    | wrapper        :205  | CALL: stop_recording(1 args, 0 kwargs)
2025-09-25 01:45:06 | audio_manager        | INFO     | stop_recording :920  | Stopping audio recording...
2025-09-25 01:45:06 | audio_manager        | DEBUG    | stop_recording :934  | Waiting for recording thread to finish...
2025-09-25 01:45:06 | audio_manager        | INFO     | _recording_loop:847  | Recording loop ended after 12836 chunks
2025-09-25 01:45:06 | audio_manager        | DEBUG    | _recording_loop:893  | Microphone stream closed
2025-09-25 01:45:06 | audio_manager        | DEBUG    | _recording_loop:915  | Recording loop thread finished
2025-09-25 01:45:06 | audio_manager        | DEBUG    | stop_recording :940  | Recording thread finished cleanly
2025-09-25 01:45:06 | audio_manager        | INFO     | stop_recording :948  | Recording stopped - Buffer contains 180.0s (7751 chunks)
2025-09-25 01:45:06 | audio_manager        | DEBUG    | wrapper        :209  | RETURN: stop_recording -> NoneType
2025-09-25 01:45:10 | audio_manager        | DEBUG    | wrapper        :205  | CALL: get_audio_devices(1 args, 0 kwargs)
2025-09-25 01:45:10 | audio_manager        | DEBUG    | get_audio_devices:57   | Scanning for audio devices...
2025-09-25 01:45:10 | audio_manager        | INFO     | get_audio_devices:65   | Found 37 audio devices
2025-09-25 01:45:10 | audio_manager        | DEBUG    | get_audio_devices:75   | Device 0: 'Input' (raw: 'Microsoft Sound Mapper - Input') - In:2 Out:0
2025-09-25 01:45:10 | audio_manager        | DEBUG    | get_audio_devices:99   |   -> Added as INPUT device
2025-09-25 01:45:10 | audio_manager        | DEBUG    | get_audio_devices:75   | Device 1: 'Microphone (TONOR TC30 Audio De' (raw: 'Microphone (TONOR TC30 Audio De') - In:1 Out:0
2025-09-25 01:45:10 | audio_manager        | DEBUG    | get_audio_devices:99   |   -> Added as INPUT device
2025-09-25 01:45:10 | audio_manager        | DEBUG    | get_audio_devices:75   | Device 2: 'Microphone (Logi C615 HD WebCam' (raw: 'Microphone (Logi C615 HD WebCam') - In:1 Out:0
2025-09-25 01:45:10 | audio_manager        | DEBUG    | get_audio_devices:99   |   -> Added as INPUT device
2025-09-25 01:45:10 | audio_manager        | DEBUG    | get_audio_devices:75   | Device 3: 'Output' (raw: 'Microsoft Sound Mapper - Output') - In:0 Out:2
2025-09-25 01:45:10 | audio_manager        | DEBUG    | get_audio_devices:111  |   -> Added as OUTPUT device
2025-09-25 01:45:10 | audio_manager        | DEBUG    | get_audio_devices:75   | Device 4: 'Speakers (Logi Z407)' (raw: 'Speakers (Logi Z407)') - In:0 Out:2
2025-09-25 01:45:10 | audio_manager        | DEBUG    | get_audio_devices:111  |   -> Added as OUTPUT device
2025-09-25 01:45:10 | audio_manager        | DEBUG    | get_audio_devices:75   | Device 5: 'Realtek Digital Output (Realtek' (raw: 'Realtek Digital Output (Realtek') - In:0 Out:2
2025-09-25 01:45:10 | audio_manager        | DEBUG    | get_audio_devices:111  |   -> Added as OUTPUT device
2025-09-25 01:45:10 | audio_manager        | DEBUG    | get_audio_devices:75   | Device 6: 'Q27G4N (NVIDIA High Definition ' (raw: 'Q27G4N (NVIDIA High Definition ') - In:0 Out:2
2025-09-25 01:45:10 | audio_manager        | DEBUG    | get_audio_devices:111  |   -> Added as OUTPUT device
2025-09-25 01:45:10 | audio_manager        | DEBUG    | get_audio_devices:75   | Device 7: 'CR340HD (NVIDIA High Definition' (raw: 'CR340HD (NVIDIA High Definition') - In:0 Out:2
2025-09-25 01:45:10 | audio_manager        | DEBUG    | get_audio_devices:111  |   -> Added as OUTPUT device
2025-09-25 01:45:10 | audio_manager        | DEBUG    | get_audio_devices:75   | Device 8: 'LG ULTRAGEAR (NVIDIA High Defin' (raw: 'LG ULTRAGEAR (NVIDIA High Defin') - In:0 Out:2
2025-09-25 01:45:10 | audio_manager        | DEBUG    | get_audio_devices:111  |   -> Added as OUTPUT device
2025-09-25 01:45:10 | audio_manager        | DEBUG    | get_audio_devices:75   | Device 9: 'Primary Sound Capture Driver' (raw: 'Primary Sound Capture Driver') - In:2 Out:0
2025-09-25 01:45:10 | audio_manager        | DEBUG    | get_audio_devices:99   |   -> Added as INPUT device
2025-09-25 01:45:10 | audio_manager        | DEBUG    | get_audio_devices:75   | Device 10: 'Microphone (TONOR TC30 Audio Device)' (raw: 'Microphone (TONOR TC30 Audio Device)') - In:1 Out:0
2025-09-25 01:45:10 | audio_manager        | DEBUG    | get_audio_devices:99   |   -> Added as INPUT device
2025-09-25 01:45:10 | audio_manager        | DEBUG    | get_audio_devices:75   | Device 11: 'Microphone (Logi C615 HD WebCam)' (raw: 'Microphone (Logi C615 HD WebCam)') - In:1 Out:0
2025-09-25 01:45:10 | audio_manager        | DEBUG    | get_audio_devices:99   |   -> Added as INPUT device
2025-09-25 01:45:10 | audio_manager        | DEBUG    | get_audio_devices:75   | Device 12: 'Primary Sound Driver' (raw: 'Primary Sound Driver') - In:0 Out:2
2025-09-25 01:45:10 | audio_manager        | DEBUG    | get_audio_devices:111  |   -> Added as OUTPUT device
2025-09-25 01:45:10 | audio_manager        | DEBUG    | get_audio_devices:75   | Device 13: 'Speakers (Logi Z407)' (raw: 'Speakers (Logi Z407)') - In:0 Out:2
2025-09-25 01:45:10 | audio_manager        | DEBUG    | get_audio_devices:111  |   -> Added as OUTPUT device
2025-09-25 01:45:10 | audio_manager        | DEBUG    | get_audio_devices:75   | Device 14: 'Realtek Digital Output (Realtek(R) Audio)' (raw: 'Realtek Digital Output (Realtek(R) Audio)') - In:0 Out:2
2025-09-25 01:45:10 | audio_manager        | DEBUG    | get_audio_devices:111  |   -> Added as OUTPUT device
2025-09-25 01:45:10 | audio_manager        | DEBUG    | get_audio_devices:75   | Device 15: 'Q27G4N (NVIDIA High Definition Audio)' (raw: 'Q27G4N (NVIDIA High Definition Audio)') - In:0 Out:2
2025-09-25 01:45:10 | audio_manager        | DEBUG    | get_audio_devices:111  |   -> Added as OUTPUT device
2025-09-25 01:45:10 | audio_manager        | DEBUG    | get_audio_devices:75   | Device 16: 'CR340HD (NVIDIA High Definition Audio)' (raw: 'CR340HD (NVIDIA High Definition Audio)') - In:0 Out:2
2025-09-25 01:45:10 | audio_manager        | DEBUG    | get_audio_devices:111  |   -> Added as OUTPUT device
2025-09-25 01:45:10 | audio_manager        | DEBUG    | get_audio_devices:75   | Device 17: 'LG ULTRAGEAR (NVIDIA High Definition Audio)' (raw: 'LG ULTRAGEAR (NVIDIA High Definition Audio)') - In:0 Out:2
2025-09-25 01:45:10 | audio_manager        | DEBUG    | get_audio_devices:111  |   -> Added as OUTPUT device
2025-09-25 01:45:10 | audio_manager        | DEBUG    | get_audio_devices:75   | Device 18: 'Realtek Digital Output (Realtek(R) Audio)' (raw: 'Realtek Digital Output (Realtek(R) Audio)') - In:0 Out:2
2025-09-25 01:45:10 | audio_manager        | DEBUG    | get_audio_devices:111  |   -> Added as OUTPUT device
2025-09-25 01:45:10 | audio_manager        | DEBUG    | get_audio_devices:75   | Device 19: 'Q27G4N (NVIDIA High Definition Audio)' (raw: 'Q27G4N (NVIDIA High Definition Audio)') - In:0 Out:2
2025-09-25 01:45:10 | audio_manager        | DEBUG    | get_audio_devices:111  |   -> Added as OUTPUT device
2025-09-25 01:45:10 | audio_manager        | DEBUG    | get_audio_devices:75   | Device 20: 'CR340HD (NVIDIA High Definition Audio)' (raw: 'CR340HD (NVIDIA High Definition Audio)') - In:0 Out:2
2025-09-25 01:45:10 | audio_manager        | DEBUG    | get_audio_devices:111  |   -> Added as OUTPUT device
2025-09-25 01:45:10 | audio_manager        | DEBUG    | get_audio_devices:75   | Device 21: 'LG ULTRAGEAR (NVIDIA High Definition Audio)' (raw: 'LG ULTRAGEAR (NVIDIA High Definition Audio)') - In:0 Out:2
2025-09-25 01:45:10 | audio_manager        | DEBUG    | get_audio_devices:111  |   -> Added as OUTPUT device
2025-09-25 01:45:10 | audio_manager        | DEBUG    | get_audio_devices:75   | Device 22: 'Speakers (Logi Z407)' (raw: 'Speakers (Logi Z407)') - In:0 Out:2
2025-09-25 01:45:10 | audio_manager        | DEBUG    | get_audio_devices:111  |   -> Added as OUTPUT device
2025-09-25 01:45:10 | audio_manager        | DEBUG    | get_audio_devices:75   | Device 23: 'Microphone (Logi C615 HD WebCam)' (raw: 'Microphone (Logi C615 HD WebCam)') - In:1 Out:0
2025-09-25 01:45:10 | audio_manager        | DEBUG    | get_audio_devices:99   |   -> Added as INPUT device
2025-09-25 01:45:10 | audio_manager        | DEBUG    | get_audio_devices:75   | Device 24: 'Microphone (TONOR TC30 Audio Device)' (raw: 'Microphone (TONOR TC30 Audio Device)') - In:1 Out:0
2025-09-25 01:45:10 | audio_manager        | DEBUG    | get_audio_devices:99   |   -> Added as INPUT device
2025-09-25 01:45:10 | audio_manager        | DEBUG    | get_audio_devices:75   | Device 25: 'Microphone (Logi C615 HD WebCam)' (raw: 'Microphone (Logi C615 HD WebCam)') - In:1 Out:0
2025-09-25 01:45:10 | audio_manager        | DEBUG    | get_audio_devices:99   |   -> Added as INPUT device
2025-09-25 01:45:10 | audio_manager        | DEBUG    | get_audio_devices:75   | Device 26: 'Microphone (Realtek HD Audio Mic input)' (raw: 'Microphone (Realtek HD Audio Mic input)') - In:2 Out:0
2025-09-25 01:45:10 | audio_manager        | DEBUG    | get_audio_devices:99   |   -> Added as INPUT device
2025-09-25 01:45:10 | audio_manager        | DEBUG    | get_audio_devices:75   | Device 27: 'SPDIF Out (Realtek HDA SPDIF Out)' (raw: 'SPDIF Out (Realtek HDA SPDIF Out)') - In:0 Out:2
2025-09-25 01:45:10 | audio_manager        | DEBUG    | get_audio_devices:111  |   -> Added as OUTPUT device
2025-09-25 01:45:10 | audio_manager        | DEBUG    | get_audio_devices:75   | Device 28: 'Line In (Realtek HD Audio Line input)' (raw: 'Line In (Realtek HD Audio Line input)') - In:2 Out:0
2025-09-25 01:45:10 | audio_manager        | DEBUG    | get_audio_devices:99   |   -> Added as INPUT device
2025-09-25 01:45:10 | audio_manager        | DEBUG    | get_audio_devices:75   | Device 29: 'Headphones (Realtek HD Audio 2nd output)' (raw: 'Headphones (Realtek HD Audio 2nd output)') - In:0 Out:2
2025-09-25 01:45:10 | audio_manager        | DEBUG    | get_audio_devices:111  |   -> Added as OUTPUT device
2025-09-25 01:45:10 | audio_manager        | DEBUG    | get_audio_devices:75   | Device 30: 'Speakers (Realtek HD Audio output)' (raw: 'Speakers (Realtek HD Audio output)') - In:0 Out:8
2025-09-25 01:45:10 | audio_manager        | DEBUG    | get_audio_devices:111  |   -> Added as OUTPUT device
2025-09-25 01:45:10 | audio_manager        | DEBUG    | get_audio_devices:75   | Device 31: 'Stereo Mix (Realtek HD Audio Stereo input)' (raw: 'Stereo Mix (Realtek HD Audio Stereo input)') - In:2 Out:0
2025-09-25 01:45:10 | audio_manager        | DEBUG    | get_audio_devices:89   |   -> Added as SYSTEM RECORDING device
2025-09-25 01:45:10 | audio_manager        | DEBUG    | get_audio_devices:75   | Device 32: 'Output (NVIDIA High Definition Audio)' (raw: 'Output (NVIDIA High Definition Audio)') - In:0 Out:2
2025-09-25 01:45:10 | audio_manager        | DEBUG    | get_audio_devices:111  |   -> Added as OUTPUT device
2025-09-25 01:45:10 | audio_manager        | DEBUG    | get_audio_devices:75   | Device 33: 'Output (NVIDIA High Definition Audio)' (raw: 'Output (NVIDIA High Definition Audio)') - In:0 Out:2
2025-09-25 01:45:10 | audio_manager        | DEBUG    | get_audio_devices:111  |   -> Added as OUTPUT device
2025-09-25 01:45:10 | audio_manager        | DEBUG    | get_audio_devices:75   | Device 34: 'Output (NVIDIA High Definition Audio)' (raw: 'Output (NVIDIA High Definition Audio)') - In:0 Out:2
2025-09-25 01:45:10 | audio_manager        | DEBUG    | get_audio_devices:111  |   -> Added as OUTPUT device
2025-09-25 01:45:10 | audio_manager        | DEBUG    | get_audio_devices:75   | Device 35: 'Speakers (Logi Z407)' (raw: 'Speakers (Logi Z407)') - In:0 Out:2
2025-09-25 01:45:10 | audio_manager        | DEBUG    | get_audio_devices:111  |   -> Added as OUTPUT device
2025-09-25 01:45:10 | audio_manager        | DEBUG    | get_audio_devices:75   | Device 36: 'Microphone (TONOR TC30 Audio Device)' (raw: 'Microphone (TONOR TC30 Audio Device)') - In:1 Out:0
2025-09-25 01:45:10 | audio_manager        | DEBUG    | get_audio_devices:99   |   -> Added as INPUT device
2025-09-25 01:45:10 | audio_manager        | INFO     | get_audio_devices:117  | Device scan complete: 12 input, 24 output, 1 system recording
2025-09-25 01:45:10 | audio_manager        | DEBUG    | wrapper        :209  | RETURN: get_audio_devices -> dict
2025-09-25 01:45:10 | audio_manager        | INFO     | set_input_device:401  | Setting input device to index 1
2025-09-25 01:45:10 | audio_manager        | INFO     | set_input_device:414  | Input device set: 'Microphone (TONOR TC30 Audio De' (channels: 1)
2025-09-25 01:45:10 | audio_manager        | DEBUG    | wrapper        :205  | CALL: get_audio_devices(1 args, 0 kwargs)
2025-09-25 01:45:10 | audio_manager        | DEBUG    | get_audio_devices:57   | Scanning for audio devices...
2025-09-25 01:45:10 | audio_manager        | INFO     | get_audio_devices:65   | Found 37 audio devices
2025-09-25 01:45:10 | audio_manager        | DEBUG    | get_audio_devices:75   | Device 0: 'Input' (raw: 'Microsoft Sound Mapper - Input') - In:2 Out:0
2025-09-25 01:45:10 | audio_manager        | DEBUG    | get_audio_devices:99   |   -> Added as INPUT device
2025-09-25 01:45:10 | audio_manager        | DEBUG    | get_audio_devices:75   | Device 1: 'Microphone (TONOR TC30 Audio De' (raw: 'Microphone (TONOR TC30 Audio De') - In:1 Out:0
2025-09-25 01:45:10 | audio_manager        | DEBUG    | get_audio_devices:99   |   -> Added as INPUT device
2025-09-25 01:45:10 | audio_manager        | DEBUG    | get_audio_devices:75   | Device 2: 'Microphone (Logi C615 HD WebCam' (raw: 'Microphone (Logi C615 HD WebCam') - In:1 Out:0
2025-09-25 01:45:10 | audio_manager        | DEBUG    | get_audio_devices:99   |   -> Added as INPUT device
2025-09-25 01:45:10 | audio_manager        | DEBUG    | get_audio_devices:75   | Device 3: 'Output' (raw: 'Microsoft Sound Mapper - Output') - In:0 Out:2
2025-09-25 01:45:10 | audio_manager        | DEBUG    | get_audio_devices:111  |   -> Added as OUTPUT device
2025-09-25 01:45:10 | audio_manager        | DEBUG    | get_audio_devices:75   | Device 4: 'Speakers (Logi Z407)' (raw: 'Speakers (Logi Z407)') - In:0 Out:2
2025-09-25 01:45:10 | audio_manager        | DEBUG    | get_audio_devices:111  |   -> Added as OUTPUT device
2025-09-25 01:45:10 | audio_manager        | DEBUG    | get_audio_devices:75   | Device 5: 'Realtek Digital Output (Realtek' (raw: 'Realtek Digital Output (Realtek') - In:0 Out:2
2025-09-25 01:45:10 | audio_manager        | DEBUG    | get_audio_devices:111  |   -> Added as OUTPUT device
2025-09-25 01:45:10 | audio_manager        | DEBUG    | get_audio_devices:75   | Device 6: 'Q27G4N (NVIDIA High Definition ' (raw: 'Q27G4N (NVIDIA High Definition ') - In:0 Out:2
2025-09-25 01:45:10 | audio_manager        | DEBUG    | get_audio_devices:111  |   -> Added as OUTPUT device
2025-09-25 01:45:10 | audio_manager        | DEBUG    | get_audio_devices:75   | Device 7: 'CR340HD (NVIDIA High Definition' (raw: 'CR340HD (NVIDIA High Definition') - In:0 Out:2
2025-09-25 01:45:10 | audio_manager        | DEBUG    | get_audio_devices:111  |   -> Added as OUTPUT device
2025-09-25 01:45:10 | audio_manager        | DEBUG    | get_audio_devices:75   | Device 8: 'LG ULTRAGEAR (NVIDIA High Defin' (raw: 'LG ULTRAGEAR (NVIDIA High Defin') - In:0 Out:2
2025-09-25 01:45:10 | audio_manager        | DEBUG    | get_audio_devices:111  |   -> Added as OUTPUT device
2025-09-25 01:45:10 | audio_manager        | DEBUG    | get_audio_devices:75   | Device 9: 'Primary Sound Capture Driver' (raw: 'Primary Sound Capture Driver') - In:2 Out:0
2025-09-25 01:45:10 | audio_manager        | DEBUG    | get_audio_devices:99   |   -> Added as INPUT device
2025-09-25 01:45:10 | audio_manager        | DEBUG    | get_audio_devices:75   | Device 10: 'Microphone (TONOR TC30 Audio Device)' (raw: 'Microphone (TONOR TC30 Audio Device)') - In:1 Out:0
2025-09-25 01:45:10 | audio_manager        | DEBUG    | get_audio_devices:99   |   -> Added as INPUT device
2025-09-25 01:45:10 | audio_manager        | DEBUG    | get_audio_devices:75   | Device 11: 'Microphone (Logi C615 HD WebCam)' (raw: 'Microphone (Logi C615 HD WebCam)') - In:1 Out:0
2025-09-25 01:45:10 | audio_manager        | DEBUG    | get_audio_devices:99   |   -> Added as INPUT device
2025-09-25 01:45:10 | audio_manager        | DEBUG    | get_audio_devices:75   | Device 12: 'Primary Sound Driver' (raw: 'Primary Sound Driver') - In:0 Out:2
2025-09-25 01:45:10 | audio_manager        | DEBUG    | get_audio_devices:111  |   -> Added as OUTPUT device
2025-09-25 01:45:10 | audio_manager        | DEBUG    | get_audio_devices:75   | Device 13: 'Speakers (Logi Z407)' (raw: 'Speakers (Logi Z407)') - In:0 Out:2
2025-09-25 01:45:10 | audio_manager        | DEBUG    | get_audio_devices:111  |   -> Added as OUTPUT device
2025-09-25 01:45:10 | audio_manager        | DEBUG    | get_audio_devices:75   | Device 14: 'Realtek Digital Output (Realtek(R) Audio)' (raw: 'Realtek Digital Output (Realtek(R) Audio)') - In:0 Out:2
2025-09-25 01:45:10 | audio_manager        | DEBUG    | get_audio_devices:111  |   -> Added as OUTPUT device
2025-09-25 01:45:10 | audio_manager        | DEBUG    | get_audio_devices:75   | Device 15: 'Q27G4N (NVIDIA High Definition Audio)' (raw: 'Q27G4N (NVIDIA High Definition Audio)') - In:0 Out:2
2025-09-25 01:45:10 | audio_manager        | DEBUG    | get_audio_devices:111  |   -> Added as OUTPUT device
2025-09-25 01:45:10 | audio_manager        | DEBUG    | get_audio_devices:75   | Device 16: 'CR340HD (NVIDIA High Definition Audio)' (raw: 'CR340HD (NVIDIA High Definition Audio)') - In:0 Out:2
2025-09-25 01:45:10 | audio_manager        | DEBUG    | get_audio_devices:111  |   -> Added as OUTPUT device
2025-09-25 01:45:10 | audio_manager        | DEBUG    | get_audio_devices:75   | Device 17: 'LG ULTRAGEAR (NVIDIA High Definition Audio)' (raw: 'LG ULTRAGEAR (NVIDIA High Definition Audio)') - In:0 Out:2
2025-09-25 01:45:10 | audio_manager        | DEBUG    | get_audio_devices:111  |   -> Added as OUTPUT device
2025-09-25 01:45:10 | audio_manager        | DEBUG    | get_audio_devices:75   | Device 18: 'Realtek Digital Output (Realtek(R) Audio)' (raw: 'Realtek Digital Output (Realtek(R) Audio)') - In:0 Out:2
2025-09-25 01:45:10 | audio_manager        | DEBUG    | get_audio_devices:111  |   -> Added as OUTPUT device
2025-09-25 01:45:10 | audio_manager        | DEBUG    | get_audio_devices:75   | Device 19: 'Q27G4N (NVIDIA High Definition Audio)' (raw: 'Q27G4N (NVIDIA High Definition Audio)') - In:0 Out:2
2025-09-25 01:45:10 | audio_manager        | DEBUG    | get_audio_devices:111  |   -> Added as OUTPUT device
2025-09-25 01:45:10 | audio_manager        | DEBUG    | get_audio_devices:75   | Device 20: 'CR340HD (NVIDIA High Definition Audio)' (raw: 'CR340HD (NVIDIA High Definition Audio)') - In:0 Out:2
2025-09-25 01:45:10 | audio_manager        | DEBUG    | get_audio_devices:111  |   -> Added as OUTPUT device
2025-09-25 01:45:10 | audio_manager        | DEBUG    | get_audio_devices:75   | Device 21: 'LG ULTRAGEAR (NVIDIA High Definition Audio)' (raw: 'LG ULTRAGEAR (NVIDIA High Definition Audio)') - In:0 Out:2
2025-09-25 01:45:10 | audio_manager        | DEBUG    | get_audio_devices:111  |   -> Added as OUTPUT device
2025-09-25 01:45:10 | audio_manager        | DEBUG    | get_audio_devices:75   | Device 22: 'Speakers (Logi Z407)' (raw: 'Speakers (Logi Z407)') - In:0 Out:2
2025-09-25 01:45:10 | audio_manager        | DEBUG    | get_audio_devices:111  |   -> Added as OUTPUT device
2025-09-25 01:45:10 | audio_manager        | DEBUG    | get_audio_devices:75   | Device 23: 'Microphone (Logi C615 HD WebCam)' (raw: 'Microphone (Logi C615 HD WebCam)') - In:1 Out:0
2025-09-25 01:45:10 | audio_manager        | DEBUG    | get_audio_devices:99   |   -> Added as INPUT device
2025-09-25 01:45:10 | audio_manager        | DEBUG    | get_audio_devices:75   | Device 24: 'Microphone (TONOR TC30 Audio Device)' (raw: 'Microphone (TONOR TC30 Audio Device)') - In:1 Out:0
2025-09-25 01:45:10 | audio_manager        | DEBUG    | get_audio_devices:99   |   -> Added as INPUT device
2025-09-25 01:45:10 | audio_manager        | DEBUG    | get_audio_devices:75   | Device 25: 'Microphone (Logi C615 HD WebCam)' (raw: 'Microphone (Logi C615 HD WebCam)') - In:1 Out:0
2025-09-25 01:45:10 | audio_manager        | DEBUG    | get_audio_devices:99   |   -> Added as INPUT device
2025-09-25 01:45:10 | audio_manager        | DEBUG    | get_audio_devices:75   | Device 26: 'Microphone (Realtek HD Audio Mic input)' (raw: 'Microphone (Realtek HD Audio Mic input)') - In:2 Out:0
2025-09-25 01:45:10 | audio_manager        | DEBUG    | get_audio_devices:99   |   -> Added as INPUT device
2025-09-25 01:45:10 | audio_manager        | DEBUG    | get_audio_devices:75   | Device 27: 'SPDIF Out (Realtek HDA SPDIF Out)' (raw: 'SPDIF Out (Realtek HDA SPDIF Out)') - In:0 Out:2
2025-09-25 01:45:10 | audio_manager        | DEBUG    | get_audio_devices:111  |   -> Added as OUTPUT device
2025-09-25 01:45:10 | audio_manager        | DEBUG    | get_audio_devices:75   | Device 28: 'Line In (Realtek HD Audio Line input)' (raw: 'Line In (Realtek HD Audio Line input)') - In:2 Out:0
2025-09-25 01:45:10 | audio_manager        | DEBUG    | get_audio_devices:99   |   -> Added as INPUT device
2025-09-25 01:45:10 | audio_manager        | DEBUG    | get_audio_devices:75   | Device 29: 'Headphones (Realtek HD Audio 2nd output)' (raw: 'Headphones (Realtek HD Audio 2nd output)') - In:0 Out:2
2025-09-25 01:45:10 | audio_manager        | DEBUG    | get_audio_devices:111  |   -> Added as OUTPUT device
2025-09-25 01:45:10 | audio_manager        | DEBUG    | get_audio_devices:75   | Device 30: 'Speakers (Realtek HD Audio output)' (raw: 'Speakers (Realtek HD Audio output)') - In:0 Out:8
2025-09-25 01:45:10 | audio_manager        | DEBUG    | get_audio_devices:111  |   -> Added as OUTPUT device
2025-09-25 01:45:10 | audio_manager        | DEBUG    | get_audio_devices:75   | Device 31: 'Stereo Mix (Realtek HD Audio Stereo input)' (raw: 'Stereo Mix (Realtek HD Audio Stereo input)') - In:2 Out:0
2025-09-25 01:45:10 | audio_manager        | DEBUG    | get_audio_devices:89   |   -> Added as SYSTEM RECORDING device
2025-09-25 01:45:10 | audio_manager        | DEBUG    | get_audio_devices:75   | Device 32: 'Output (NVIDIA High Definition Audio)' (raw: 'Output (NVIDIA High Definition Audio)') - In:0 Out:2
2025-09-25 01:45:10 | audio_manager        | DEBUG    | get_audio_devices:111  |   -> Added as OUTPUT device
2025-09-25 01:45:10 | audio_manager        | DEBUG    | get_audio_devices:75   | Device 33: 'Output (NVIDIA High Definition Audio)' (raw: 'Output (NVIDIA High Definition Audio)') - In:0 Out:2
2025-09-25 01:45:10 | audio_manager        | DEBUG    | get_audio_devices:111  |   -> Added as OUTPUT device
2025-09-25 01:45:10 | audio_manager        | DEBUG    | get_audio_devices:75   | Device 34: 'Output (NVIDIA High Definition Audio)' (raw: 'Output (NVIDIA High Definition Audio)') - In:0 Out:2
2025-09-25 01:45:10 | audio_manager        | DEBUG    | get_audio_devices:111  |   -> Added as OUTPUT device
2025-09-25 01:45:10 | audio_manager        | DEBUG    | get_audio_devices:75   | Device 35: 'Speakers (Logi Z407)' (raw: 'Speakers (Logi Z407)') - In:0 Out:2
2025-09-25 01:45:10 | audio_manager        | DEBUG    | get_audio_devices:111  |   -> Added as OUTPUT device
2025-09-25 01:45:10 | audio_manager        | DEBUG    | get_audio_devices:75   | Device 36: 'Microphone (TONOR TC30 Audio Device)' (raw: 'Microphone (TONOR TC30 Audio Device)') - In:1 Out:0
2025-09-25 01:45:10 | audio_manager        | DEBUG    | get_audio_devices:99   |   -> Added as INPUT device
2025-09-25 01:45:10 | audio_manager        | INFO     | get_audio_devices:117  | Device scan complete: 12 input, 24 output, 1 system recording
2025-09-25 01:45:10 | audio_manager        | DEBUG    | wrapper        :209  | RETURN: get_audio_devices -> dict
2025-09-25 01:45:10 | audio_manager        | DEBUG    | preflight_open :488  | Preflight testing device: wasapi_loopback
2025-09-25 01:45:10 | audio_manager        | DEBUG    | supports_wasapi_loopback:171  | WASAPI host API not found
2025-09-25 01:45:10 | audio_manager        | DEBUG    | open_system_loopback_stream:182  | WASAPI loopback not supported
2025-09-25 01:45:10 | audio_manager        | DEBUG    | preflight_open :498  | WASAPI loopback preflight: FAILED
2025-09-25 01:45:10 | audio_manager        | DEBUG    | preflight_open :488  | Preflight testing device: 31
2025-09-25 01:45:10 | audio_manager        | DEBUG    | preflight_open :533  | Preflight FAILED: Device 31 - [Errno -9999] Unanticipated host error
2025-09-25 01:45:10 | audio_manager        | DEBUG    | preflight_open :488  | Preflight testing device: mic_only
2025-09-25 01:45:10 | audio_manager        | DEBUG    | preflight_open :503  | Mic-only preflight: SUCCESS (no system audio)
2025-09-25 01:45:10 | audio_manager        | INFO     | set_system_audio_mode:462  | Setting system audio mode to: mic_only
2025-09-25 01:45:10 | audio_manager        | INFO     | set_system_audio_mode:475  | System audio mode set to: mic_only
2025-09-25 01:45:10 | audio_manager        | DEBUG    | wrapper        :205  | CALL: start_recording(1 args, 0 kwargs)
2025-09-25 01:45:10 | audio_manager        | INFO     | start_recording:594  | Starting audio recording...
2025-09-25 01:45:10 | audio_manager        | DEBUG    | start_recording:621  | Testing device compatibility...
2025-09-25 01:45:10 | audio_manager        | DEBUG    | start_recording:634  | Microphone device test passed: Microphone (TONOR TC30 Audio De
2025-09-25 01:45:10 | audio_manager        | DEBUG    | start_recording:658  | Mic-only mode - skipping system audio test
2025-09-25 01:45:10 | audio_manager        | DEBUG    | start_recording:686  | Device validation passed - Mic: Microphone (TONOR TC30 Audio De (1 ch), System mode: mic_only
2025-09-25 01:45:10 | audio_manager        | DEBUG    | start_recording:696  | Creating recording thread...
2025-09-25 01:45:10 | audio_manager        | DEBUG    | _recording_loop:711  | Recording loop thread started
2025-09-25 01:45:10 | audio_manager        | INFO     | start_recording:701  | Audio recording started successfully
2025-09-25 01:45:10 | audio_manager        | DEBUG    | _recording_loop:730  | Opening microphone stream (device 1)
2025-09-25 01:45:10 | audio_manager        | DEBUG    | wrapper        :209  | RETURN: start_recording -> tuple
2025-09-25 01:45:10 | audio_manager        | DEBUG    | _recording_loop:750  | Mic-only mode - no system audio stream
2025-09-25 01:45:10 | audio_manager        | INFO     | _recording_loop:765  | Recording loop ready - Buffer max size: 7751 chunks (180s)
2025-09-25 01:45:10 | audio_manager        | DEBUG    | _recording_loop:783  | Stop command received from GUI
2025-09-25 01:45:10 | audio_manager        | INFO     | _recording_loop:847  | Recording loop ended after 0 chunks
2025-09-25 01:45:10 | audio_manager        | DEBUG    | _recording_loop:893  | Microphone stream closed
2025-09-25 01:45:10 | audio_manager        | DEBUG    | _recording_loop:915  | Recording loop thread finished
