2025-09-25 01:38:00 | logger_config        | INFO     | _setup_logging :100  | ================================================================================
2025-09-25 01:38:00 | logger_config        | INFO     | _setup_logging :101  | AMANUENSIS LOGGING SYSTEM INITIALIZED
2025-09-25 01:38:00 | logger_config        | INFO     | _setup_logging :102  | Main log file: logs\amanuensis_20250925_013800.log
2025-09-25 01:38:00 | logger_config        | INFO     | _setup_logging :103  | Error log file: logs\amanuensis_errors_20250925_013800.log
2025-09-25 01:38:00 | logger_config        | INFO     | _setup_logging :104  | Audio log file: logs\amanuensis_audio_20250925_013800.log
2025-09-25 01:38:00 | logger_config        | INFO     | _setup_logging :105  | ================================================================================
2025-09-25 01:38:00 | audio_manager        | INFO     | __init__       :14   | Initializing AudioManager
2025-09-25 01:38:01 | audio_manager        | INFO     | __init__       :48   | AudioManager initialized - Buffer: 180s, Sample Rate: 44100, Chunk Size: 1024
2025-09-25 01:38:01 | audio_manager        | DEBUG    | preflight_open :488  | Preflight testing device: mic_only
2025-09-25 01:38:01 | audio_manager        | DEBUG    | preflight_open :503  | Mic-only preflight: SUCCESS (no system audio)
2025-09-25 01:38:01 | audio_manager        | DEBUG    | preflight_open :488  | Preflight testing device: wasapi_loopback
2025-09-25 01:38:01 | audio_manager        | DEBUG    | supports_wasapi_loopback:171  | WASAPI host API not found
2025-09-25 01:38:01 | audio_manager        | DEBUG    | open_system_loopback_stream:182  | WASAPI loopback not supported
2025-09-25 01:38:01 | audio_manager        | DEBUG    | preflight_open :498  | WASAPI loopback preflight: FAILED
2025-09-25 01:38:01 | audio_manager        | DEBUG    | wrapper        :205  | CALL: get_audio_devices(1 args, 0 kwargs)
2025-09-25 01:38:01 | audio_manager        | DEBUG    | get_audio_devices:57   | Scanning for audio devices...
2025-09-25 01:38:01 | audio_manager        | INFO     | get_audio_devices:65   | Found 37 audio devices
2025-09-25 01:38:01 | audio_manager        | DEBUG    | get_audio_devices:75   | Device 0: 'Input' (raw: 'Microsoft Sound Mapper - Input') - In:2 Out:0
2025-09-25 01:38:01 | audio_manager        | DEBUG    | get_audio_devices:99   |   -> Added as INPUT device
2025-09-25 01:38:01 | audio_manager        | DEBUG    | get_audio_devices:75   | Device 1: 'Microphone (TONOR TC30 Audio De' (raw: 'Microphone (TONOR TC30 Audio De') - In:1 Out:0
2025-09-25 01:38:01 | audio_manager        | DEBUG    | get_audio_devices:99   |   -> Added as INPUT device
2025-09-25 01:38:01 | audio_manager        | DEBUG    | get_audio_devices:75   | Device 2: 'Microphone (Logi C615 HD WebCam' (raw: 'Microphone (Logi C615 HD WebCam') - In:1 Out:0
2025-09-25 01:38:01 | audio_manager        | DEBUG    | get_audio_devices:99   |   -> Added as INPUT device
2025-09-25 01:38:01 | audio_manager        | DEBUG    | get_audio_devices:75   | Device 3: 'Output' (raw: 'Microsoft Sound Mapper - Output') - In:0 Out:2
2025-09-25 01:38:01 | audio_manager        | DEBUG    | get_audio_devices:111  |   -> Added as OUTPUT device
2025-09-25 01:38:01 | audio_manager        | DEBUG    | get_audio_devices:75   | Device 4: 'Speakers (Logi Z407)' (raw: 'Speakers (Logi Z407)') - In:0 Out:2
2025-09-25 01:38:01 | audio_manager        | DEBUG    | get_audio_devices:111  |   -> Added as OUTPUT device
2025-09-25 01:38:01 | audio_manager        | DEBUG    | get_audio_devices:75   | Device 5: 'Realtek Digital Output (Realtek' (raw: 'Realtek Digital Output (Realtek') - In:0 Out:2
2025-09-25 01:38:01 | audio_manager        | DEBUG    | get_audio_devices:111  |   -> Added as OUTPUT device
2025-09-25 01:38:01 | audio_manager        | DEBUG    | get_audio_devices:75   | Device 6: 'Q27G4N (NVIDIA High Definition ' (raw: 'Q27G4N (NVIDIA High Definition ') - In:0 Out:2
2025-09-25 01:38:01 | audio_manager        | DEBUG    | get_audio_devices:111  |   -> Added as OUTPUT device
2025-09-25 01:38:01 | audio_manager        | DEBUG    | get_audio_devices:75   | Device 7: 'CR340HD (NVIDIA High Definition' (raw: 'CR340HD (NVIDIA High Definition') - In:0 Out:2
2025-09-25 01:38:01 | audio_manager        | DEBUG    | get_audio_devices:111  |   -> Added as OUTPUT device
2025-09-25 01:38:01 | audio_manager        | DEBUG    | get_audio_devices:75   | Device 8: 'LG ULTRAGEAR (NVIDIA High Defin' (raw: 'LG ULTRAGEAR (NVIDIA High Defin') - In:0 Out:2
2025-09-25 01:38:01 | audio_manager        | DEBUG    | get_audio_devices:111  |   -> Added as OUTPUT device
2025-09-25 01:38:01 | audio_manager        | DEBUG    | get_audio_devices:75   | Device 9: 'Primary Sound Capture Driver' (raw: 'Primary Sound Capture Driver') - In:2 Out:0
2025-09-25 01:38:01 | audio_manager        | DEBUG    | get_audio_devices:99   |   -> Added as INPUT device
2025-09-25 01:38:01 | audio_manager        | DEBUG    | get_audio_devices:75   | Device 10: 'Microphone (TONOR TC30 Audio Device)' (raw: 'Microphone (TONOR TC30 Audio Device)') - In:1 Out:0
2025-09-25 01:38:01 | audio_manager        | DEBUG    | get_audio_devices:99   |   -> Added as INPUT device
2025-09-25 01:38:01 | audio_manager        | DEBUG    | get_audio_devices:75   | Device 11: 'Microphone (Logi C615 HD WebCam)' (raw: 'Microphone (Logi C615 HD WebCam)') - In:1 Out:0
2025-09-25 01:38:01 | audio_manager        | DEBUG    | get_audio_devices:99   |   -> Added as INPUT device
2025-09-25 01:38:01 | audio_manager        | DEBUG    | get_audio_devices:75   | Device 12: 'Primary Sound Driver' (raw: 'Primary Sound Driver') - In:0 Out:2
2025-09-25 01:38:01 | audio_manager        | DEBUG    | get_audio_devices:111  |   -> Added as OUTPUT device
2025-09-25 01:38:01 | audio_manager        | DEBUG    | get_audio_devices:75   | Device 13: 'Speakers (Logi Z407)' (raw: 'Speakers (Logi Z407)') - In:0 Out:2
2025-09-25 01:38:01 | audio_manager        | DEBUG    | get_audio_devices:111  |   -> Added as OUTPUT device
2025-09-25 01:38:01 | audio_manager        | DEBUG    | get_audio_devices:75   | Device 14: 'Realtek Digital Output (Realtek(R) Audio)' (raw: 'Realtek Digital Output (Realtek(R) Audio)') - In:0 Out:2
2025-09-25 01:38:01 | audio_manager        | DEBUG    | get_audio_devices:111  |   -> Added as OUTPUT device
2025-09-25 01:38:01 | audio_manager        | DEBUG    | get_audio_devices:75   | Device 15: 'Q27G4N (NVIDIA High Definition Audio)' (raw: 'Q27G4N (NVIDIA High Definition Audio)') - In:0 Out:2
2025-09-25 01:38:01 | audio_manager        | DEBUG    | get_audio_devices:111  |   -> Added as OUTPUT device
2025-09-25 01:38:01 | audio_manager        | DEBUG    | get_audio_devices:75   | Device 16: 'CR340HD (NVIDIA High Definition Audio)' (raw: 'CR340HD (NVIDIA High Definition Audio)') - In:0 Out:2
2025-09-25 01:38:01 | audio_manager        | DEBUG    | get_audio_devices:111  |   -> Added as OUTPUT device
2025-09-25 01:38:01 | audio_manager        | DEBUG    | get_audio_devices:75   | Device 17: 'LG ULTRAGEAR (NVIDIA High Definition Audio)' (raw: 'LG ULTRAGEAR (NVIDIA High Definition Audio)') - In:0 Out:2
2025-09-25 01:38:01 | audio_manager        | DEBUG    | get_audio_devices:111  |   -> Added as OUTPUT device
2025-09-25 01:38:01 | audio_manager        | DEBUG    | get_audio_devices:75   | Device 18: 'Realtek Digital Output (Realtek(R) Audio)' (raw: 'Realtek Digital Output (Realtek(R) Audio)') - In:0 Out:2
2025-09-25 01:38:01 | audio_manager        | DEBUG    | get_audio_devices:111  |   -> Added as OUTPUT device
2025-09-25 01:38:01 | audio_manager        | DEBUG    | get_audio_devices:75   | Device 19: 'Q27G4N (NVIDIA High Definition Audio)' (raw: 'Q27G4N (NVIDIA High Definition Audio)') - In:0 Out:2
2025-09-25 01:38:01 | audio_manager        | DEBUG    | get_audio_devices:111  |   -> Added as OUTPUT device
2025-09-25 01:38:01 | audio_manager        | DEBUG    | get_audio_devices:75   | Device 20: 'CR340HD (NVIDIA High Definition Audio)' (raw: 'CR340HD (NVIDIA High Definition Audio)') - In:0 Out:2
2025-09-25 01:38:01 | audio_manager        | DEBUG    | get_audio_devices:111  |   -> Added as OUTPUT device
2025-09-25 01:38:01 | audio_manager        | DEBUG    | get_audio_devices:75   | Device 21: 'LG ULTRAGEAR (NVIDIA High Definition Audio)' (raw: 'LG ULTRAGEAR (NVIDIA High Definition Audio)') - In:0 Out:2
2025-09-25 01:38:01 | audio_manager        | DEBUG    | get_audio_devices:111  |   -> Added as OUTPUT device
2025-09-25 01:38:01 | audio_manager        | DEBUG    | get_audio_devices:75   | Device 22: 'Speakers (Logi Z407)' (raw: 'Speakers (Logi Z407)') - In:0 Out:2
2025-09-25 01:38:01 | audio_manager        | DEBUG    | get_audio_devices:111  |   -> Added as OUTPUT device
2025-09-25 01:38:01 | audio_manager        | DEBUG    | get_audio_devices:75   | Device 23: 'Microphone (Logi C615 HD WebCam)' (raw: 'Microphone (Logi C615 HD WebCam)') - In:1 Out:0
2025-09-25 01:38:01 | audio_manager        | DEBUG    | get_audio_devices:99   |   -> Added as INPUT device
2025-09-25 01:38:01 | audio_manager        | DEBUG    | get_audio_devices:75   | Device 24: 'Microphone (TONOR TC30 Audio Device)' (raw: 'Microphone (TONOR TC30 Audio Device)') - In:1 Out:0
2025-09-25 01:38:01 | audio_manager        | DEBUG    | get_audio_devices:99   |   -> Added as INPUT device
2025-09-25 01:38:01 | audio_manager        | DEBUG    | get_audio_devices:75   | Device 25: 'Microphone (Logi C615 HD WebCam)' (raw: 'Microphone (Logi C615 HD WebCam)') - In:1 Out:0
2025-09-25 01:38:01 | audio_manager        | DEBUG    | get_audio_devices:99   |   -> Added as INPUT device
2025-09-25 01:38:01 | audio_manager        | DEBUG    | get_audio_devices:75   | Device 26: 'Microphone (Realtek HD Audio Mic input)' (raw: 'Microphone (Realtek HD Audio Mic input)') - In:2 Out:0
2025-09-25 01:38:01 | audio_manager        | DEBUG    | get_audio_devices:99   |   -> Added as INPUT device
2025-09-25 01:38:01 | audio_manager        | DEBUG    | get_audio_devices:75   | Device 27: 'SPDIF Out (Realtek HDA SPDIF Out)' (raw: 'SPDIF Out (Realtek HDA SPDIF Out)') - In:0 Out:2
2025-09-25 01:38:01 | audio_manager        | DEBUG    | get_audio_devices:111  |   -> Added as OUTPUT device
2025-09-25 01:38:01 | audio_manager        | DEBUG    | get_audio_devices:75   | Device 28: 'Line In (Realtek HD Audio Line input)' (raw: 'Line In (Realtek HD Audio Line input)') - In:2 Out:0
2025-09-25 01:38:01 | audio_manager        | DEBUG    | get_audio_devices:99   |   -> Added as INPUT device
2025-09-25 01:38:01 | audio_manager        | DEBUG    | get_audio_devices:75   | Device 29: 'Headphones (Realtek HD Audio 2nd output)' (raw: 'Headphones (Realtek HD Audio 2nd output)') - In:0 Out:2
2025-09-25 01:38:01 | audio_manager        | DEBUG    | get_audio_devices:111  |   -> Added as OUTPUT device
2025-09-25 01:38:01 | audio_manager        | DEBUG    | get_audio_devices:75   | Device 30: 'Speakers (Realtek HD Audio output)' (raw: 'Speakers (Realtek HD Audio output)') - In:0 Out:8
2025-09-25 01:38:01 | audio_manager        | DEBUG    | get_audio_devices:111  |   -> Added as OUTPUT device
2025-09-25 01:38:01 | audio_manager        | DEBUG    | get_audio_devices:75   | Device 31: 'Stereo Mix (Realtek HD Audio Stereo input)' (raw: 'Stereo Mix (Realtek HD Audio Stereo input)') - In:2 Out:0
2025-09-25 01:38:01 | audio_manager        | DEBUG    | get_audio_devices:89   |   -> Added as SYSTEM RECORDING device
2025-09-25 01:38:01 | audio_manager        | DEBUG    | get_audio_devices:75   | Device 32: 'Output (NVIDIA High Definition Audio)' (raw: 'Output (NVIDIA High Definition Audio)') - In:0 Out:2
2025-09-25 01:38:01 | audio_manager        | DEBUG    | get_audio_devices:111  |   -> Added as OUTPUT device
2025-09-25 01:38:01 | audio_manager        | DEBUG    | get_audio_devices:75   | Device 33: 'Output (NVIDIA High Definition Audio)' (raw: 'Output (NVIDIA High Definition Audio)') - In:0 Out:2
2025-09-25 01:38:01 | audio_manager        | DEBUG    | get_audio_devices:111  |   -> Added as OUTPUT device
2025-09-25 01:38:01 | audio_manager        | DEBUG    | get_audio_devices:75   | Device 34: 'Output (NVIDIA High Definition Audio)' (raw: 'Output (NVIDIA High Definition Audio)') - In:0 Out:2
2025-09-25 01:38:01 | audio_manager        | DEBUG    | get_audio_devices:111  |   -> Added as OUTPUT device
2025-09-25 01:38:01 | audio_manager        | DEBUG    | get_audio_devices:75   | Device 35: 'Speakers (Logi Z407)' (raw: 'Speakers (Logi Z407)') - In:0 Out:2
2025-09-25 01:38:01 | audio_manager        | DEBUG    | get_audio_devices:111  |   -> Added as OUTPUT device
2025-09-25 01:38:01 | audio_manager        | DEBUG    | get_audio_devices:75   | Device 36: 'Microphone (TONOR TC30 Audio Device)' (raw: 'Microphone (TONOR TC30 Audio Device)') - In:1 Out:0
2025-09-25 01:38:01 | audio_manager        | DEBUG    | get_audio_devices:99   |   -> Added as INPUT device
2025-09-25 01:38:01 | audio_manager        | INFO     | get_audio_devices:117  | Device scan complete: 12 input, 24 output, 1 system recording
2025-09-25 01:38:01 | audio_manager        | DEBUG    | wrapper        :209  | RETURN: get_audio_devices -> dict
2025-09-25 01:38:01 | audio_manager        | DEBUG    | preflight_open :488  | Preflight testing device: 0
2025-09-25 01:38:01 | audio_manager        | DEBUG    | preflight_open :529  | Preflight SUCCESS: Device 'Microsoft Sound Mapper - Input' (index 0)
2025-09-25 01:38:01 | audio_manager        | DEBUG    | preflight_open :488  | Preflight testing device: 99999
2025-09-25 01:38:01 | audio_manager        | DEBUG    | preflight_open :533  | Preflight FAILED: Device 99999 - [Errno -9996] Invalid device info
2025-09-25 01:38:01 | audio_manager        | DEBUG    | wrapper        :205  | CALL: stop_recording(1 args, 0 kwargs)
2025-09-25 01:38:01 | audio_manager        | INFO     | stop_recording :920  | Stopping audio recording...
2025-09-25 01:38:01 | audio_manager        | INFO     | stop_recording :948  | Recording stopped - Buffer contains 0.0s (0 chunks)
2025-09-25 01:38:01 | audio_manager        | DEBUG    | wrapper        :209  | RETURN: stop_recording -> NoneType
2025-09-25 01:38:01 | audio_manager        | INFO     | __init__       :14   | Initializing AudioManager
2025-09-25 01:38:01 | audio_manager        | INFO     | __init__       :48   | AudioManager initialized - Buffer: 180s, Sample Rate: 44100, Chunk Size: 1024
2025-09-25 01:38:01 | audio_manager        | DEBUG    | wrapper        :205  | CALL: get_audio_devices(1 args, 0 kwargs)
2025-09-25 01:38:01 | audio_manager        | DEBUG    | get_audio_devices:57   | Scanning for audio devices...
2025-09-25 01:38:01 | audio_manager        | INFO     | get_audio_devices:65   | Found 37 audio devices
2025-09-25 01:38:01 | audio_manager        | DEBUG    | get_audio_devices:75   | Device 0: 'Input' (raw: 'Microsoft Sound Mapper - Input') - In:2 Out:0
2025-09-25 01:38:01 | audio_manager        | DEBUG    | get_audio_devices:99   |   -> Added as INPUT device
2025-09-25 01:38:01 | audio_manager        | DEBUG    | get_audio_devices:75   | Device 1: 'Microphone (TONOR TC30 Audio De' (raw: 'Microphone (TONOR TC30 Audio De') - In:1 Out:0
2025-09-25 01:38:01 | audio_manager        | DEBUG    | get_audio_devices:99   |   -> Added as INPUT device
2025-09-25 01:38:01 | audio_manager        | DEBUG    | get_audio_devices:75   | Device 2: 'Microphone (Logi C615 HD WebCam' (raw: 'Microphone (Logi C615 HD WebCam') - In:1 Out:0
2025-09-25 01:38:01 | audio_manager        | DEBUG    | get_audio_devices:99   |   -> Added as INPUT device
2025-09-25 01:38:01 | audio_manager        | DEBUG    | get_audio_devices:75   | Device 3: 'Output' (raw: 'Microsoft Sound Mapper - Output') - In:0 Out:2
2025-09-25 01:38:01 | audio_manager        | DEBUG    | get_audio_devices:111  |   -> Added as OUTPUT device
2025-09-25 01:38:01 | audio_manager        | DEBUG    | get_audio_devices:75   | Device 4: 'Speakers (Logi Z407)' (raw: 'Speakers (Logi Z407)') - In:0 Out:2
2025-09-25 01:38:01 | audio_manager        | DEBUG    | get_audio_devices:111  |   -> Added as OUTPUT device
2025-09-25 01:38:01 | audio_manager        | DEBUG    | get_audio_devices:75   | Device 5: 'Realtek Digital Output (Realtek' (raw: 'Realtek Digital Output (Realtek') - In:0 Out:2
2025-09-25 01:38:01 | audio_manager        | DEBUG    | get_audio_devices:111  |   -> Added as OUTPUT device
2025-09-25 01:38:01 | audio_manager        | DEBUG    | get_audio_devices:75   | Device 6: 'Q27G4N (NVIDIA High Definition ' (raw: 'Q27G4N (NVIDIA High Definition ') - In:0 Out:2
2025-09-25 01:38:01 | audio_manager        | DEBUG    | get_audio_devices:111  |   -> Added as OUTPUT device
2025-09-25 01:38:01 | audio_manager        | DEBUG    | get_audio_devices:75   | Device 7: 'CR340HD (NVIDIA High Definition' (raw: 'CR340HD (NVIDIA High Definition') - In:0 Out:2
2025-09-25 01:38:01 | audio_manager        | DEBUG    | get_audio_devices:111  |   -> Added as OUTPUT device
2025-09-25 01:38:01 | audio_manager        | DEBUG    | get_audio_devices:75   | Device 8: 'LG ULTRAGEAR (NVIDIA High Defin' (raw: 'LG ULTRAGEAR (NVIDIA High Defin') - In:0 Out:2
2025-09-25 01:38:01 | audio_manager        | DEBUG    | get_audio_devices:111  |   -> Added as OUTPUT device
2025-09-25 01:38:01 | audio_manager        | DEBUG    | get_audio_devices:75   | Device 9: 'Primary Sound Capture Driver' (raw: 'Primary Sound Capture Driver') - In:2 Out:0
2025-09-25 01:38:01 | audio_manager        | DEBUG    | get_audio_devices:99   |   -> Added as INPUT device
2025-09-25 01:38:01 | audio_manager        | DEBUG    | get_audio_devices:75   | Device 10: 'Microphone (TONOR TC30 Audio Device)' (raw: 'Microphone (TONOR TC30 Audio Device)') - In:1 Out:0
2025-09-25 01:38:01 | audio_manager        | DEBUG    | get_audio_devices:99   |   -> Added as INPUT device
2025-09-25 01:38:01 | audio_manager        | DEBUG    | get_audio_devices:75   | Device 11: 'Microphone (Logi C615 HD WebCam)' (raw: 'Microphone (Logi C615 HD WebCam)') - In:1 Out:0
2025-09-25 01:38:01 | audio_manager        | DEBUG    | get_audio_devices:99   |   -> Added as INPUT device
2025-09-25 01:38:01 | audio_manager        | DEBUG    | get_audio_devices:75   | Device 12: 'Primary Sound Driver' (raw: 'Primary Sound Driver') - In:0 Out:2
2025-09-25 01:38:01 | audio_manager        | DEBUG    | get_audio_devices:111  |   -> Added as OUTPUT device
2025-09-25 01:38:01 | audio_manager        | DEBUG    | get_audio_devices:75   | Device 13: 'Speakers (Logi Z407)' (raw: 'Speakers (Logi Z407)') - In:0 Out:2
2025-09-25 01:38:01 | audio_manager        | DEBUG    | get_audio_devices:111  |   -> Added as OUTPUT device
2025-09-25 01:38:01 | audio_manager        | DEBUG    | get_audio_devices:75   | Device 14: 'Realtek Digital Output (Realtek(R) Audio)' (raw: 'Realtek Digital Output (Realtek(R) Audio)') - In:0 Out:2
2025-09-25 01:38:01 | audio_manager        | DEBUG    | get_audio_devices:111  |   -> Added as OUTPUT device
2025-09-25 01:38:01 | audio_manager        | DEBUG    | get_audio_devices:75   | Device 15: 'Q27G4N (NVIDIA High Definition Audio)' (raw: 'Q27G4N (NVIDIA High Definition Audio)') - In:0 Out:2
2025-09-25 01:38:01 | audio_manager        | DEBUG    | get_audio_devices:111  |   -> Added as OUTPUT device
2025-09-25 01:38:01 | audio_manager        | DEBUG    | get_audio_devices:75   | Device 16: 'CR340HD (NVIDIA High Definition Audio)' (raw: 'CR340HD (NVIDIA High Definition Audio)') - In:0 Out:2
2025-09-25 01:38:01 | audio_manager        | DEBUG    | get_audio_devices:111  |   -> Added as OUTPUT device
2025-09-25 01:38:01 | audio_manager        | DEBUG    | get_audio_devices:75   | Device 17: 'LG ULTRAGEAR (NVIDIA High Definition Audio)' (raw: 'LG ULTRAGEAR (NVIDIA High Definition Audio)') - In:0 Out:2
2025-09-25 01:38:01 | audio_manager        | DEBUG    | get_audio_devices:111  |   -> Added as OUTPUT device
2025-09-25 01:38:01 | audio_manager        | DEBUG    | get_audio_devices:75   | Device 18: 'Realtek Digital Output (Realtek(R) Audio)' (raw: 'Realtek Digital Output (Realtek(R) Audio)') - In:0 Out:2
2025-09-25 01:38:01 | audio_manager        | DEBUG    | get_audio_devices:111  |   -> Added as OUTPUT device
2025-09-25 01:38:01 | audio_manager        | DEBUG    | get_audio_devices:75   | Device 19: 'Q27G4N (NVIDIA High Definition Audio)' (raw: 'Q27G4N (NVIDIA High Definition Audio)') - In:0 Out:2
2025-09-25 01:38:01 | audio_manager        | DEBUG    | get_audio_devices:111  |   -> Added as OUTPUT device
2025-09-25 01:38:01 | audio_manager        | DEBUG    | get_audio_devices:75   | Device 20: 'CR340HD (NVIDIA High Definition Audio)' (raw: 'CR340HD (NVIDIA High Definition Audio)') - In:0 Out:2
2025-09-25 01:38:01 | audio_manager        | DEBUG    | get_audio_devices:111  |   -> Added as OUTPUT device
2025-09-25 01:38:01 | audio_manager        | DEBUG    | get_audio_devices:75   | Device 21: 'LG ULTRAGEAR (NVIDIA High Definition Audio)' (raw: 'LG ULTRAGEAR (NVIDIA High Definition Audio)') - In:0 Out:2
2025-09-25 01:38:01 | audio_manager        | DEBUG    | get_audio_devices:111  |   -> Added as OUTPUT device
2025-09-25 01:38:01 | audio_manager        | DEBUG    | get_audio_devices:75   | Device 22: 'Speakers (Logi Z407)' (raw: 'Speakers (Logi Z407)') - In:0 Out:2
2025-09-25 01:38:01 | audio_manager        | DEBUG    | get_audio_devices:111  |   -> Added as OUTPUT device
2025-09-25 01:38:01 | audio_manager        | DEBUG    | get_audio_devices:75   | Device 23: 'Microphone (Logi C615 HD WebCam)' (raw: 'Microphone (Logi C615 HD WebCam)') - In:1 Out:0
2025-09-25 01:38:01 | audio_manager        | DEBUG    | get_audio_devices:99   |   -> Added as INPUT device
2025-09-25 01:38:01 | audio_manager        | DEBUG    | get_audio_devices:75   | Device 24: 'Microphone (TONOR TC30 Audio Device)' (raw: 'Microphone (TONOR TC30 Audio Device)') - In:1 Out:0
2025-09-25 01:38:01 | audio_manager        | DEBUG    | get_audio_devices:99   |   -> Added as INPUT device
2025-09-25 01:38:01 | audio_manager        | DEBUG    | get_audio_devices:75   | Device 25: 'Microphone (Logi C615 HD WebCam)' (raw: 'Microphone (Logi C615 HD WebCam)') - In:1 Out:0
2025-09-25 01:38:01 | audio_manager        | DEBUG    | get_audio_devices:99   |   -> Added as INPUT device
2025-09-25 01:38:01 | audio_manager        | DEBUG    | get_audio_devices:75   | Device 26: 'Microphone (Realtek HD Audio Mic input)' (raw: 'Microphone (Realtek HD Audio Mic input)') - In:2 Out:0
2025-09-25 01:38:01 | audio_manager        | DEBUG    | get_audio_devices:99   |   -> Added as INPUT device
2025-09-25 01:38:01 | audio_manager        | DEBUG    | get_audio_devices:75   | Device 27: 'SPDIF Out (Realtek HDA SPDIF Out)' (raw: 'SPDIF Out (Realtek HDA SPDIF Out)') - In:0 Out:2
2025-09-25 01:38:01 | audio_manager        | DEBUG    | get_audio_devices:111  |   -> Added as OUTPUT device
2025-09-25 01:38:01 | audio_manager        | DEBUG    | get_audio_devices:75   | Device 28: 'Line In (Realtek HD Audio Line input)' (raw: 'Line In (Realtek HD Audio Line input)') - In:2 Out:0
2025-09-25 01:38:01 | audio_manager        | DEBUG    | get_audio_devices:99   |   -> Added as INPUT device
2025-09-25 01:38:01 | audio_manager        | DEBUG    | get_audio_devices:75   | Device 29: 'Headphones (Realtek HD Audio 2nd output)' (raw: 'Headphones (Realtek HD Audio 2nd output)') - In:0 Out:2
2025-09-25 01:38:01 | audio_manager        | DEBUG    | get_audio_devices:111  |   -> Added as OUTPUT device
2025-09-25 01:38:01 | audio_manager        | DEBUG    | get_audio_devices:75   | Device 30: 'Speakers (Realtek HD Audio output)' (raw: 'Speakers (Realtek HD Audio output)') - In:0 Out:8
2025-09-25 01:38:01 | audio_manager        | DEBUG    | get_audio_devices:111  |   -> Added as OUTPUT device
2025-09-25 01:38:01 | audio_manager        | DEBUG    | get_audio_devices:75   | Device 31: 'Stereo Mix (Realtek HD Audio Stereo input)' (raw: 'Stereo Mix (Realtek HD Audio Stereo input)') - In:2 Out:0
2025-09-25 01:38:01 | audio_manager        | DEBUG    | get_audio_devices:89   |   -> Added as SYSTEM RECORDING device
2025-09-25 01:38:01 | audio_manager        | DEBUG    | get_audio_devices:75   | Device 32: 'Output (NVIDIA High Definition Audio)' (raw: 'Output (NVIDIA High Definition Audio)') - In:0 Out:2
2025-09-25 01:38:01 | audio_manager        | DEBUG    | get_audio_devices:111  |   -> Added as OUTPUT device
2025-09-25 01:38:01 | audio_manager        | DEBUG    | get_audio_devices:75   | Device 33: 'Output (NVIDIA High Definition Audio)' (raw: 'Output (NVIDIA High Definition Audio)') - In:0 Out:2
2025-09-25 01:38:01 | audio_manager        | DEBUG    | get_audio_devices:111  |   -> Added as OUTPUT device
2025-09-25 01:38:01 | audio_manager        | DEBUG    | get_audio_devices:75   | Device 34: 'Output (NVIDIA High Definition Audio)' (raw: 'Output (NVIDIA High Definition Audio)') - In:0 Out:2
2025-09-25 01:38:01 | audio_manager        | DEBUG    | get_audio_devices:111  |   -> Added as OUTPUT device
2025-09-25 01:38:01 | audio_manager        | DEBUG    | get_audio_devices:75   | Device 35: 'Speakers (Logi Z407)' (raw: 'Speakers (Logi Z407)') - In:0 Out:2
2025-09-25 01:38:01 | audio_manager        | DEBUG    | get_audio_devices:111  |   -> Added as OUTPUT device
2025-09-25 01:38:01 | audio_manager        | DEBUG    | get_audio_devices:75   | Device 36: 'Microphone (TONOR TC30 Audio Device)' (raw: 'Microphone (TONOR TC30 Audio Device)') - In:1 Out:0
2025-09-25 01:38:01 | audio_manager        | DEBUG    | get_audio_devices:99   |   -> Added as INPUT device
2025-09-25 01:38:01 | audio_manager        | INFO     | get_audio_devices:117  | Device scan complete: 12 input, 24 output, 1 system recording
2025-09-25 01:38:01 | audio_manager        | DEBUG    | wrapper        :209  | RETURN: get_audio_devices -> dict
2025-09-25 01:38:01 | audio_manager        | DEBUG    | preflight_open :488  | Preflight testing device: wasapi_loopback
2025-09-25 01:38:01 | audio_manager        | DEBUG    | supports_wasapi_loopback:171  | WASAPI host API not found
2025-09-25 01:38:01 | audio_manager        | DEBUG    | open_system_loopback_stream:182  | WASAPI loopback not supported
2025-09-25 01:38:01 | audio_manager        | DEBUG    | preflight_open :498  | WASAPI loopback preflight: FAILED
2025-09-25 01:38:01 | audio_manager        | DEBUG    | preflight_open :488  | Preflight testing device: 31
2025-09-25 01:38:01 | audio_manager        | DEBUG    | preflight_open :533  | Preflight FAILED: Device 31 - [Errno -9999] Unanticipated host error
2025-09-25 01:38:01 | audio_manager        | DEBUG    | preflight_open :488  | Preflight testing device: mic_only
2025-09-25 01:38:01 | audio_manager        | DEBUG    | preflight_open :503  | Mic-only preflight: SUCCESS (no system audio)
2025-09-25 01:38:01 | audio_manager        | DEBUG    | wrapper        :205  | CALL: stop_recording(1 args, 0 kwargs)
2025-09-25 01:38:01 | audio_manager        | INFO     | stop_recording :920  | Stopping audio recording...
2025-09-25 01:38:01 | audio_manager        | INFO     | stop_recording :948  | Recording stopped - Buffer contains 0.0s (0 chunks)
2025-09-25 01:38:01 | audio_manager        | DEBUG    | wrapper        :209  | RETURN: stop_recording -> NoneType
2025-09-25 01:38:01 | audio_manager        | INFO     | __init__       :14   | Initializing AudioManager
2025-09-25 01:38:01 | audio_manager        | INFO     | __init__       :48   | AudioManager initialized - Buffer: 180s, Sample Rate: 44100, Chunk Size: 1024
2025-09-25 01:38:01 | audio_manager        | DEBUG    | preflight_open :488  | Preflight testing device: 99999
2025-09-25 01:38:01 | audio_manager        | DEBUG    | preflight_open :533  | Preflight FAILED: Device 99999 - [Errno -9996] Invalid device info
2025-09-25 01:38:01 | audio_manager        | DEBUG    | preflight_open :488  | Preflight testing device: -1
2025-09-25 01:38:01 | audio_manager        | DEBUG    | preflight_open :533  | Preflight FAILED: Device -1 - [Errno -9996] Invalid device info
2025-09-25 01:38:01 | audio_manager        | DEBUG    | preflight_open :488  | Preflight testing device: invalid_device
2025-09-25 01:38:01 | audio_manager        | DEBUG    | preflight_open :533  | Preflight FAILED: Device invalid_device - 'str' object cannot be interpreted as an integer
2025-09-25 01:38:01 | audio_manager        | DEBUG    | wrapper        :205  | CALL: stop_recording(1 args, 0 kwargs)
2025-09-25 01:38:01 | audio_manager        | INFO     | stop_recording :920  | Stopping audio recording...
2025-09-25 01:38:01 | audio_manager        | INFO     | stop_recording :948  | Recording stopped - Buffer contains 0.0s (0 chunks)
2025-09-25 01:38:01 | audio_manager        | DEBUG    | wrapper        :209  | RETURN: stop_recording -> NoneType
