2025-09-25 00:14:46 | audio_manager        | INFO     | __init__       :14   | Initializing AudioManager
2025-09-25 00:14:46 | audio_manager        | INFO     | __init__       :48   | AudioManager initialized - Buffer: 180s, Sample Rate: 44100, Chunk Size: 1024
2025-09-25 00:14:59 | audio_manager        | DEBUG    | wrapper        :205  | CALL: get_audio_devices(1 args, 0 kwargs)
2025-09-25 00:14:59 | audio_manager        | DEBUG    | get_audio_devices:57   | Scanning for audio devices...
2025-09-25 00:14:59 | audio_manager        | INFO     | get_audio_devices:65   | Found 37 audio devices
2025-09-25 00:14:59 | audio_manager        | DEBUG    | get_audio_devices:75   | Device 0: 'Input' (raw: 'Microsoft Sound Mapper - Input') - In:2 Out:0
2025-09-25 00:14:59 | audio_manager        | DEBUG    | get_audio_devices:99   |   -> Added as INPUT device
2025-09-25 00:14:59 | audio_manager        | DEBUG    | get_audio_devices:75   | Device 1: 'Microphone (TONOR TC30 Audio De' (raw: 'Microphone (TONOR TC30 Audio De') - In:1 Out:0
2025-09-25 00:14:59 | audio_manager        | DEBUG    | get_audio_devices:99   |   -> Added as INPUT device
2025-09-25 00:14:59 | audio_manager        | DEBUG    | get_audio_devices:75   | Device 2: 'Microphone (Logi C615 HD WebCam' (raw: 'Microphone (Logi C615 HD WebCam') - In:1 Out:0
2025-09-25 00:14:59 | audio_manager        | DEBUG    | get_audio_devices:99   |   -> Added as INPUT device
2025-09-25 00:14:59 | audio_manager        | DEBUG    | get_audio_devices:75   | Device 3: 'Output' (raw: 'Microsoft Sound Mapper - Output') - In:0 Out:2
2025-09-25 00:14:59 | audio_manager        | DEBUG    | get_audio_devices:111  |   -> Added as OUTPUT device
2025-09-25 00:14:59 | audio_manager        | DEBUG    | get_audio_devices:75   | Device 4: 'Speakers (Logi Z407)' (raw: 'Speakers (Logi Z407)') - In:0 Out:2
2025-09-25 00:14:59 | audio_manager        | DEBUG    | get_audio_devices:111  |   -> Added as OUTPUT device
2025-09-25 00:14:59 | audio_manager        | DEBUG    | get_audio_devices:75   | Device 5: 'Realtek Digital Output (Realtek' (raw: 'Realtek Digital Output (Realtek') - In:0 Out:2
2025-09-25 00:14:59 | audio_manager        | DEBUG    | get_audio_devices:111  |   -> Added as OUTPUT device
2025-09-25 00:14:59 | audio_manager        | DEBUG    | get_audio_devices:75   | Device 6: 'Q27G4N (NVIDIA High Definition ' (raw: 'Q27G4N (NVIDIA High Definition ') - In:0 Out:2
2025-09-25 00:14:59 | audio_manager        | DEBUG    | get_audio_devices:111  |   -> Added as OUTPUT device
2025-09-25 00:14:59 | audio_manager        | DEBUG    | get_audio_devices:75   | Device 7: 'CR340HD (NVIDIA High Definition' (raw: 'CR340HD (NVIDIA High Definition') - In:0 Out:2
2025-09-25 00:14:59 | audio_manager        | DEBUG    | get_audio_devices:111  |   -> Added as OUTPUT device
2025-09-25 00:14:59 | audio_manager        | DEBUG    | get_audio_devices:75   | Device 8: 'LG ULTRAGEAR (NVIDIA High Defin' (raw: 'LG ULTRAGEAR (NVIDIA High Defin') - In:0 Out:2
2025-09-25 00:14:59 | audio_manager        | DEBUG    | get_audio_devices:111  |   -> Added as OUTPUT device
2025-09-25 00:14:59 | audio_manager        | DEBUG    | get_audio_devices:75   | Device 9: 'Primary Sound Capture Driver' (raw: 'Primary Sound Capture Driver') - In:2 Out:0
2025-09-25 00:14:59 | audio_manager        | DEBUG    | get_audio_devices:99   |   -> Added as INPUT device
2025-09-25 00:14:59 | audio_manager        | DEBUG    | get_audio_devices:75   | Device 10: 'Microphone (TONOR TC30 Audio Device)' (raw: 'Microphone (TONOR TC30 Audio Device)') - In:1 Out:0
2025-09-25 00:14:59 | audio_manager        | DEBUG    | get_audio_devices:99   |   -> Added as INPUT device
2025-09-25 00:14:59 | audio_manager        | DEBUG    | get_audio_devices:75   | Device 11: 'Microphone (Logi C615 HD WebCam)' (raw: 'Microphone (Logi C615 HD WebCam)') - In:1 Out:0
2025-09-25 00:14:59 | audio_manager        | DEBUG    | get_audio_devices:99   |   -> Added as INPUT device
2025-09-25 00:14:59 | audio_manager        | DEBUG    | get_audio_devices:75   | Device 12: 'Primary Sound Driver' (raw: 'Primary Sound Driver') - In:0 Out:2
2025-09-25 00:14:59 | audio_manager        | DEBUG    | get_audio_devices:111  |   -> Added as OUTPUT device
2025-09-25 00:14:59 | audio_manager        | DEBUG    | get_audio_devices:75   | Device 13: 'Speakers (Logi Z407)' (raw: 'Speakers (Logi Z407)') - In:0 Out:2
2025-09-25 00:14:59 | audio_manager        | DEBUG    | get_audio_devices:111  |   -> Added as OUTPUT device
2025-09-25 00:14:59 | audio_manager        | DEBUG    | get_audio_devices:75   | Device 14: 'Realtek Digital Output (Realtek(R) Audio)' (raw: 'Realtek Digital Output (Realtek(R) Audio)') - In:0 Out:2
2025-09-25 00:14:59 | audio_manager        | DEBUG    | get_audio_devices:111  |   -> Added as OUTPUT device
2025-09-25 00:14:59 | audio_manager        | DEBUG    | get_audio_devices:75   | Device 15: 'Q27G4N (NVIDIA High Definition Audio)' (raw: 'Q27G4N (NVIDIA High Definition Audio)') - In:0 Out:2
2025-09-25 00:14:59 | audio_manager        | DEBUG    | get_audio_devices:111  |   -> Added as OUTPUT device
2025-09-25 00:14:59 | audio_manager        | DEBUG    | get_audio_devices:75   | Device 16: 'CR340HD (NVIDIA High Definition Audio)' (raw: 'CR340HD (NVIDIA High Definition Audio)') - In:0 Out:2
2025-09-25 00:14:59 | audio_manager        | DEBUG    | get_audio_devices:111  |   -> Added as OUTPUT device
2025-09-25 00:14:59 | audio_manager        | DEBUG    | get_audio_devices:75   | Device 17: 'LG ULTRAGEAR (NVIDIA High Definition Audio)' (raw: 'LG ULTRAGEAR (NVIDIA High Definition Audio)') - In:0 Out:2
2025-09-25 00:14:59 | audio_manager        | DEBUG    | get_audio_devices:111  |   -> Added as OUTPUT device
2025-09-25 00:14:59 | audio_manager        | DEBUG    | get_audio_devices:75   | Device 18: 'Realtek Digital Output (Realtek(R) Audio)' (raw: 'Realtek Digital Output (Realtek(R) Audio)') - In:0 Out:2
2025-09-25 00:14:59 | audio_manager        | DEBUG    | get_audio_devices:111  |   -> Added as OUTPUT device
2025-09-25 00:14:59 | audio_manager        | DEBUG    | get_audio_devices:75   | Device 19: 'Q27G4N (NVIDIA High Definition Audio)' (raw: 'Q27G4N (NVIDIA High Definition Audio)') - In:0 Out:2
2025-09-25 00:14:59 | audio_manager        | DEBUG    | get_audio_devices:111  |   -> Added as OUTPUT device
2025-09-25 00:14:59 | audio_manager        | DEBUG    | get_audio_devices:75   | Device 20: 'CR340HD (NVIDIA High Definition Audio)' (raw: 'CR340HD (NVIDIA High Definition Audio)') - In:0 Out:2
2025-09-25 00:14:59 | audio_manager        | DEBUG    | get_audio_devices:111  |   -> Added as OUTPUT device
2025-09-25 00:14:59 | audio_manager        | DEBUG    | get_audio_devices:75   | Device 21: 'LG ULTRAGEAR (NVIDIA High Definition Audio)' (raw: 'LG ULTRAGEAR (NVIDIA High Definition Audio)') - In:0 Out:2
2025-09-25 00:14:59 | audio_manager        | DEBUG    | get_audio_devices:111  |   -> Added as OUTPUT device
2025-09-25 00:14:59 | audio_manager        | DEBUG    | get_audio_devices:75   | Device 22: 'Speakers (Logi Z407)' (raw: 'Speakers (Logi Z407)') - In:0 Out:2
2025-09-25 00:14:59 | audio_manager        | DEBUG    | get_audio_devices:111  |   -> Added as OUTPUT device
2025-09-25 00:14:59 | audio_manager        | DEBUG    | get_audio_devices:75   | Device 23: 'Microphone (Logi C615 HD WebCam)' (raw: 'Microphone (Logi C615 HD WebCam)') - In:1 Out:0
2025-09-25 00:14:59 | audio_manager        | DEBUG    | get_audio_devices:99   |   -> Added as INPUT device
2025-09-25 00:14:59 | audio_manager        | DEBUG    | get_audio_devices:75   | Device 24: 'Microphone (TONOR TC30 Audio Device)' (raw: 'Microphone (TONOR TC30 Audio Device)') - In:1 Out:0
2025-09-25 00:14:59 | audio_manager        | DEBUG    | get_audio_devices:99   |   -> Added as INPUT device
2025-09-25 00:14:59 | audio_manager        | DEBUG    | get_audio_devices:75   | Device 25: 'Microphone (Logi C615 HD WebCam)' (raw: 'Microphone (Logi C615 HD WebCam)') - In:1 Out:0
2025-09-25 00:14:59 | audio_manager        | DEBUG    | get_audio_devices:99   |   -> Added as INPUT device
2025-09-25 00:14:59 | audio_manager        | DEBUG    | get_audio_devices:75   | Device 26: 'Microphone (Realtek HD Audio Mic input)' (raw: 'Microphone (Realtek HD Audio Mic input)') - In:2 Out:0
2025-09-25 00:14:59 | audio_manager        | DEBUG    | get_audio_devices:99   |   -> Added as INPUT device
2025-09-25 00:14:59 | audio_manager        | DEBUG    | get_audio_devices:75   | Device 27: 'SPDIF Out (Realtek HDA SPDIF Out)' (raw: 'SPDIF Out (Realtek HDA SPDIF Out)') - In:0 Out:2
2025-09-25 00:14:59 | audio_manager        | DEBUG    | get_audio_devices:111  |   -> Added as OUTPUT device
2025-09-25 00:14:59 | audio_manager        | DEBUG    | get_audio_devices:75   | Device 28: 'Line In (Realtek HD Audio Line input)' (raw: 'Line In (Realtek HD Audio Line input)') - In:2 Out:0
2025-09-25 00:14:59 | audio_manager        | DEBUG    | get_audio_devices:99   |   -> Added as INPUT device
2025-09-25 00:14:59 | audio_manager        | DEBUG    | get_audio_devices:75   | Device 29: 'Headphones (Realtek HD Audio 2nd output)' (raw: 'Headphones (Realtek HD Audio 2nd output)') - In:0 Out:2
2025-09-25 00:14:59 | audio_manager        | DEBUG    | get_audio_devices:111  |   -> Added as OUTPUT device
2025-09-25 00:14:59 | audio_manager        | DEBUG    | get_audio_devices:75   | Device 30: 'Speakers (Realtek HD Audio output)' (raw: 'Speakers (Realtek HD Audio output)') - In:0 Out:8
2025-09-25 00:14:59 | audio_manager        | DEBUG    | get_audio_devices:111  |   -> Added as OUTPUT device
2025-09-25 00:14:59 | audio_manager        | DEBUG    | get_audio_devices:75   | Device 31: 'Stereo Mix (Realtek HD Audio Stereo input)' (raw: 'Stereo Mix (Realtek HD Audio Stereo input)') - In:2 Out:0
2025-09-25 00:14:59 | audio_manager        | DEBUG    | get_audio_devices:89   |   -> Added as SYSTEM RECORDING device
2025-09-25 00:14:59 | audio_manager        | DEBUG    | get_audio_devices:75   | Device 32: 'Output (NVIDIA High Definition Audio)' (raw: 'Output (NVIDIA High Definition Audio)') - In:0 Out:2
2025-09-25 00:14:59 | audio_manager        | DEBUG    | get_audio_devices:111  |   -> Added as OUTPUT device
2025-09-25 00:14:59 | audio_manager        | DEBUG    | get_audio_devices:75   | Device 33: 'Output (NVIDIA High Definition Audio)' (raw: 'Output (NVIDIA High Definition Audio)') - In:0 Out:2
2025-09-25 00:14:59 | audio_manager        | DEBUG    | get_audio_devices:111  |   -> Added as OUTPUT device
2025-09-25 00:14:59 | audio_manager        | DEBUG    | get_audio_devices:75   | Device 34: 'Output (NVIDIA High Definition Audio)' (raw: 'Output (NVIDIA High Definition Audio)') - In:0 Out:2
2025-09-25 00:14:59 | audio_manager        | DEBUG    | get_audio_devices:111  |   -> Added as OUTPUT device
2025-09-25 00:14:59 | audio_manager        | DEBUG    | get_audio_devices:75   | Device 35: 'Speakers (Logi Z407)' (raw: 'Speakers (Logi Z407)') - In:0 Out:2
2025-09-25 00:14:59 | audio_manager        | DEBUG    | get_audio_devices:111  |   -> Added as OUTPUT device
2025-09-25 00:14:59 | audio_manager        | DEBUG    | get_audio_devices:75   | Device 36: 'Microphone (TONOR TC30 Audio Device)' (raw: 'Microphone (TONOR TC30 Audio Device)') - In:1 Out:0
2025-09-25 00:14:59 | audio_manager        | DEBUG    | get_audio_devices:99   |   -> Added as INPUT device
2025-09-25 00:14:59 | audio_manager        | INFO     | get_audio_devices:117  | Device scan complete: 12 input, 24 output, 1 system recording
2025-09-25 00:14:59 | audio_manager        | DEBUG    | wrapper        :209  | RETURN: get_audio_devices -> dict
2025-09-25 00:14:59 | audio_manager        | DEBUG    | wrapper        :205  | CALL: get_audio_devices(1 args, 0 kwargs)
2025-09-25 00:14:59 | audio_manager        | DEBUG    | get_audio_devices:57   | Scanning for audio devices...
2025-09-25 00:14:59 | audio_manager        | INFO     | get_audio_devices:65   | Found 37 audio devices
2025-09-25 00:14:59 | audio_manager        | DEBUG    | get_audio_devices:75   | Device 0: 'Input' (raw: 'Microsoft Sound Mapper - Input') - In:2 Out:0
2025-09-25 00:14:59 | audio_manager        | DEBUG    | get_audio_devices:99   |   -> Added as INPUT device
2025-09-25 00:14:59 | audio_manager        | DEBUG    | get_audio_devices:75   | Device 1: 'Microphone (TONOR TC30 Audio De' (raw: 'Microphone (TONOR TC30 Audio De') - In:1 Out:0
2025-09-25 00:14:59 | audio_manager        | DEBUG    | get_audio_devices:99   |   -> Added as INPUT device
2025-09-25 00:14:59 | audio_manager        | DEBUG    | get_audio_devices:75   | Device 2: 'Microphone (Logi C615 HD WebCam' (raw: 'Microphone (Logi C615 HD WebCam') - In:1 Out:0
2025-09-25 00:14:59 | audio_manager        | DEBUG    | get_audio_devices:99   |   -> Added as INPUT device
2025-09-25 00:14:59 | audio_manager        | DEBUG    | get_audio_devices:75   | Device 3: 'Output' (raw: 'Microsoft Sound Mapper - Output') - In:0 Out:2
2025-09-25 00:14:59 | audio_manager        | DEBUG    | get_audio_devices:111  |   -> Added as OUTPUT device
2025-09-25 00:14:59 | audio_manager        | DEBUG    | get_audio_devices:75   | Device 4: 'Speakers (Logi Z407)' (raw: 'Speakers (Logi Z407)') - In:0 Out:2
2025-09-25 00:14:59 | audio_manager        | DEBUG    | get_audio_devices:111  |   -> Added as OUTPUT device
2025-09-25 00:14:59 | audio_manager        | DEBUG    | get_audio_devices:75   | Device 5: 'Realtek Digital Output (Realtek' (raw: 'Realtek Digital Output (Realtek') - In:0 Out:2
2025-09-25 00:14:59 | audio_manager        | DEBUG    | get_audio_devices:111  |   -> Added as OUTPUT device
2025-09-25 00:14:59 | audio_manager        | DEBUG    | get_audio_devices:75   | Device 6: 'Q27G4N (NVIDIA High Definition ' (raw: 'Q27G4N (NVIDIA High Definition ') - In:0 Out:2
2025-09-25 00:14:59 | audio_manager        | DEBUG    | get_audio_devices:111  |   -> Added as OUTPUT device
2025-09-25 00:14:59 | audio_manager        | DEBUG    | get_audio_devices:75   | Device 7: 'CR340HD (NVIDIA High Definition' (raw: 'CR340HD (NVIDIA High Definition') - In:0 Out:2
2025-09-25 00:14:59 | audio_manager        | DEBUG    | get_audio_devices:111  |   -> Added as OUTPUT device
2025-09-25 00:14:59 | audio_manager        | DEBUG    | get_audio_devices:75   | Device 8: 'LG ULTRAGEAR (NVIDIA High Defin' (raw: 'LG ULTRAGEAR (NVIDIA High Defin') - In:0 Out:2
2025-09-25 00:14:59 | audio_manager        | DEBUG    | get_audio_devices:111  |   -> Added as OUTPUT device
2025-09-25 00:14:59 | audio_manager        | DEBUG    | get_audio_devices:75   | Device 9: 'Primary Sound Capture Driver' (raw: 'Primary Sound Capture Driver') - In:2 Out:0
2025-09-25 00:14:59 | audio_manager        | DEBUG    | get_audio_devices:99   |   -> Added as INPUT device
2025-09-25 00:14:59 | audio_manager        | DEBUG    | get_audio_devices:75   | Device 10: 'Microphone (TONOR TC30 Audio Device)' (raw: 'Microphone (TONOR TC30 Audio Device)') - In:1 Out:0
2025-09-25 00:14:59 | audio_manager        | DEBUG    | get_audio_devices:99   |   -> Added as INPUT device
2025-09-25 00:14:59 | audio_manager        | DEBUG    | get_audio_devices:75   | Device 11: 'Microphone (Logi C615 HD WebCam)' (raw: 'Microphone (Logi C615 HD WebCam)') - In:1 Out:0
2025-09-25 00:14:59 | audio_manager        | DEBUG    | get_audio_devices:99   |   -> Added as INPUT device
2025-09-25 00:14:59 | audio_manager        | DEBUG    | get_audio_devices:75   | Device 12: 'Primary Sound Driver' (raw: 'Primary Sound Driver') - In:0 Out:2
2025-09-25 00:14:59 | audio_manager        | DEBUG    | get_audio_devices:111  |   -> Added as OUTPUT device
2025-09-25 00:14:59 | audio_manager        | DEBUG    | get_audio_devices:75   | Device 13: 'Speakers (Logi Z407)' (raw: 'Speakers (Logi Z407)') - In:0 Out:2
2025-09-25 00:14:59 | audio_manager        | DEBUG    | get_audio_devices:111  |   -> Added as OUTPUT device
2025-09-25 00:14:59 | audio_manager        | DEBUG    | get_audio_devices:75   | Device 14: 'Realtek Digital Output (Realtek(R) Audio)' (raw: 'Realtek Digital Output (Realtek(R) Audio)') - In:0 Out:2
2025-09-25 00:14:59 | audio_manager        | DEBUG    | get_audio_devices:111  |   -> Added as OUTPUT device
2025-09-25 00:14:59 | audio_manager        | DEBUG    | get_audio_devices:75   | Device 15: 'Q27G4N (NVIDIA High Definition Audio)' (raw: 'Q27G4N (NVIDIA High Definition Audio)') - In:0 Out:2
2025-09-25 00:14:59 | audio_manager        | DEBUG    | get_audio_devices:111  |   -> Added as OUTPUT device
2025-09-25 00:14:59 | audio_manager        | DEBUG    | get_audio_devices:75   | Device 16: 'CR340HD (NVIDIA High Definition Audio)' (raw: 'CR340HD (NVIDIA High Definition Audio)') - In:0 Out:2
2025-09-25 00:14:59 | audio_manager        | DEBUG    | get_audio_devices:111  |   -> Added as OUTPUT device
2025-09-25 00:14:59 | audio_manager        | DEBUG    | get_audio_devices:75   | Device 17: 'LG ULTRAGEAR (NVIDIA High Definition Audio)' (raw: 'LG ULTRAGEAR (NVIDIA High Definition Audio)') - In:0 Out:2
2025-09-25 00:14:59 | audio_manager        | DEBUG    | get_audio_devices:111  |   -> Added as OUTPUT device
2025-09-25 00:14:59 | audio_manager        | DEBUG    | get_audio_devices:75   | Device 18: 'Realtek Digital Output (Realtek(R) Audio)' (raw: 'Realtek Digital Output (Realtek(R) Audio)') - In:0 Out:2
2025-09-25 00:14:59 | audio_manager        | DEBUG    | get_audio_devices:111  |   -> Added as OUTPUT device
2025-09-25 00:14:59 | audio_manager        | DEBUG    | get_audio_devices:75   | Device 19: 'Q27G4N (NVIDIA High Definition Audio)' (raw: 'Q27G4N (NVIDIA High Definition Audio)') - In:0 Out:2
2025-09-25 00:14:59 | audio_manager        | DEBUG    | get_audio_devices:111  |   -> Added as OUTPUT device
2025-09-25 00:14:59 | audio_manager        | DEBUG    | get_audio_devices:75   | Device 20: 'CR340HD (NVIDIA High Definition Audio)' (raw: 'CR340HD (NVIDIA High Definition Audio)') - In:0 Out:2
2025-09-25 00:14:59 | audio_manager        | DEBUG    | get_audio_devices:111  |   -> Added as OUTPUT device
2025-09-25 00:14:59 | audio_manager        | DEBUG    | get_audio_devices:75   | Device 21: 'LG ULTRAGEAR (NVIDIA High Definition Audio)' (raw: 'LG ULTRAGEAR (NVIDIA High Definition Audio)') - In:0 Out:2
2025-09-25 00:14:59 | audio_manager        | DEBUG    | get_audio_devices:111  |   -> Added as OUTPUT device
2025-09-25 00:14:59 | audio_manager        | DEBUG    | get_audio_devices:75   | Device 22: 'Speakers (Logi Z407)' (raw: 'Speakers (Logi Z407)') - In:0 Out:2
2025-09-25 00:14:59 | audio_manager        | DEBUG    | get_audio_devices:111  |   -> Added as OUTPUT device
2025-09-25 00:14:59 | audio_manager        | DEBUG    | get_audio_devices:75   | Device 23: 'Microphone (Logi C615 HD WebCam)' (raw: 'Microphone (Logi C615 HD WebCam)') - In:1 Out:0
2025-09-25 00:14:59 | audio_manager        | DEBUG    | get_audio_devices:99   |   -> Added as INPUT device
2025-09-25 00:14:59 | audio_manager        | DEBUG    | get_audio_devices:75   | Device 24: 'Microphone (TONOR TC30 Audio Device)' (raw: 'Microphone (TONOR TC30 Audio Device)') - In:1 Out:0
2025-09-25 00:14:59 | audio_manager        | DEBUG    | get_audio_devices:99   |   -> Added as INPUT device
2025-09-25 00:14:59 | audio_manager        | DEBUG    | get_audio_devices:75   | Device 25: 'Microphone (Logi C615 HD WebCam)' (raw: 'Microphone (Logi C615 HD WebCam)') - In:1 Out:0
2025-09-25 00:14:59 | audio_manager        | DEBUG    | get_audio_devices:99   |   -> Added as INPUT device
2025-09-25 00:14:59 | audio_manager        | DEBUG    | get_audio_devices:75   | Device 26: 'Microphone (Realtek HD Audio Mic input)' (raw: 'Microphone (Realtek HD Audio Mic input)') - In:2 Out:0
2025-09-25 00:14:59 | audio_manager        | DEBUG    | get_audio_devices:99   |   -> Added as INPUT device
2025-09-25 00:14:59 | audio_manager        | DEBUG    | get_audio_devices:75   | Device 27: 'SPDIF Out (Realtek HDA SPDIF Out)' (raw: 'SPDIF Out (Realtek HDA SPDIF Out)') - In:0 Out:2
2025-09-25 00:14:59 | audio_manager        | DEBUG    | get_audio_devices:111  |   -> Added as OUTPUT device
2025-09-25 00:14:59 | audio_manager        | DEBUG    | get_audio_devices:75   | Device 28: 'Line In (Realtek HD Audio Line input)' (raw: 'Line In (Realtek HD Audio Line input)') - In:2 Out:0
2025-09-25 00:14:59 | audio_manager        | DEBUG    | get_audio_devices:99   |   -> Added as INPUT device
2025-09-25 00:14:59 | audio_manager        | DEBUG    | get_audio_devices:75   | Device 29: 'Headphones (Realtek HD Audio 2nd output)' (raw: 'Headphones (Realtek HD Audio 2nd output)') - In:0 Out:2
2025-09-25 00:14:59 | audio_manager        | DEBUG    | get_audio_devices:111  |   -> Added as OUTPUT device
2025-09-25 00:14:59 | audio_manager        | DEBUG    | get_audio_devices:75   | Device 30: 'Speakers (Realtek HD Audio output)' (raw: 'Speakers (Realtek HD Audio output)') - In:0 Out:8
2025-09-25 00:14:59 | audio_manager        | DEBUG    | get_audio_devices:111  |   -> Added as OUTPUT device
2025-09-25 00:14:59 | audio_manager        | DEBUG    | get_audio_devices:75   | Device 31: 'Stereo Mix (Realtek HD Audio Stereo input)' (raw: 'Stereo Mix (Realtek HD Audio Stereo input)') - In:2 Out:0
2025-09-25 00:14:59 | audio_manager        | DEBUG    | get_audio_devices:89   |   -> Added as SYSTEM RECORDING device
2025-09-25 00:14:59 | audio_manager        | DEBUG    | get_audio_devices:75   | Device 32: 'Output (NVIDIA High Definition Audio)' (raw: 'Output (NVIDIA High Definition Audio)') - In:0 Out:2
2025-09-25 00:14:59 | audio_manager        | DEBUG    | get_audio_devices:111  |   -> Added as OUTPUT device
2025-09-25 00:14:59 | audio_manager        | DEBUG    | get_audio_devices:75   | Device 33: 'Output (NVIDIA High Definition Audio)' (raw: 'Output (NVIDIA High Definition Audio)') - In:0 Out:2
2025-09-25 00:14:59 | audio_manager        | DEBUG    | get_audio_devices:111  |   -> Added as OUTPUT device
2025-09-25 00:14:59 | audio_manager        | DEBUG    | get_audio_devices:75   | Device 34: 'Output (NVIDIA High Definition Audio)' (raw: 'Output (NVIDIA High Definition Audio)') - In:0 Out:2
2025-09-25 00:14:59 | audio_manager        | DEBUG    | get_audio_devices:111  |   -> Added as OUTPUT device
2025-09-25 00:14:59 | audio_manager        | DEBUG    | get_audio_devices:75   | Device 35: 'Speakers (Logi Z407)' (raw: 'Speakers (Logi Z407)') - In:0 Out:2
2025-09-25 00:14:59 | audio_manager        | DEBUG    | get_audio_devices:111  |   -> Added as OUTPUT device
2025-09-25 00:14:59 | audio_manager        | DEBUG    | get_audio_devices:75   | Device 36: 'Microphone (TONOR TC30 Audio Device)' (raw: 'Microphone (TONOR TC30 Audio Device)') - In:1 Out:0
2025-09-25 00:14:59 | audio_manager        | DEBUG    | get_audio_devices:99   |   -> Added as INPUT device
2025-09-25 00:14:59 | audio_manager        | INFO     | get_audio_devices:117  | Device scan complete: 12 input, 24 output, 1 system recording
2025-09-25 00:14:59 | audio_manager        | DEBUG    | wrapper        :209  | RETURN: get_audio_devices -> dict
2025-09-25 00:15:07 | audio_manager        | DEBUG    | wrapper        :205  | CALL: get_audio_devices(1 args, 0 kwargs)
2025-09-25 00:15:07 | audio_manager        | DEBUG    | get_audio_devices:57   | Scanning for audio devices...
2025-09-25 00:15:07 | audio_manager        | INFO     | get_audio_devices:65   | Found 37 audio devices
2025-09-25 00:15:07 | audio_manager        | DEBUG    | get_audio_devices:75   | Device 0: 'Input' (raw: 'Microsoft Sound Mapper - Input') - In:2 Out:0
2025-09-25 00:15:07 | audio_manager        | DEBUG    | get_audio_devices:99   |   -> Added as INPUT device
2025-09-25 00:15:07 | audio_manager        | DEBUG    | get_audio_devices:75   | Device 1: 'Microphone (TONOR TC30 Audio De' (raw: 'Microphone (TONOR TC30 Audio De') - In:1 Out:0
2025-09-25 00:15:07 | audio_manager        | DEBUG    | get_audio_devices:99   |   -> Added as INPUT device
2025-09-25 00:15:07 | audio_manager        | DEBUG    | get_audio_devices:75   | Device 2: 'Microphone (Logi C615 HD WebCam' (raw: 'Microphone (Logi C615 HD WebCam') - In:1 Out:0
2025-09-25 00:15:07 | audio_manager        | DEBUG    | get_audio_devices:99   |   -> Added as INPUT device
2025-09-25 00:15:07 | audio_manager        | DEBUG    | get_audio_devices:75   | Device 3: 'Output' (raw: 'Microsoft Sound Mapper - Output') - In:0 Out:2
2025-09-25 00:15:07 | audio_manager        | DEBUG    | get_audio_devices:111  |   -> Added as OUTPUT device
2025-09-25 00:15:07 | audio_manager        | DEBUG    | get_audio_devices:75   | Device 4: 'Speakers (Logi Z407)' (raw: 'Speakers (Logi Z407)') - In:0 Out:2
2025-09-25 00:15:07 | audio_manager        | DEBUG    | get_audio_devices:111  |   -> Added as OUTPUT device
2025-09-25 00:15:07 | audio_manager        | DEBUG    | get_audio_devices:75   | Device 5: 'Realtek Digital Output (Realtek' (raw: 'Realtek Digital Output (Realtek') - In:0 Out:2
2025-09-25 00:15:07 | audio_manager        | DEBUG    | get_audio_devices:111  |   -> Added as OUTPUT device
2025-09-25 00:15:07 | audio_manager        | DEBUG    | get_audio_devices:75   | Device 6: 'Q27G4N (NVIDIA High Definition ' (raw: 'Q27G4N (NVIDIA High Definition ') - In:0 Out:2
2025-09-25 00:15:07 | audio_manager        | DEBUG    | get_audio_devices:111  |   -> Added as OUTPUT device
2025-09-25 00:15:07 | audio_manager        | DEBUG    | get_audio_devices:75   | Device 7: 'CR340HD (NVIDIA High Definition' (raw: 'CR340HD (NVIDIA High Definition') - In:0 Out:2
2025-09-25 00:15:07 | audio_manager        | DEBUG    | get_audio_devices:111  |   -> Added as OUTPUT device
2025-09-25 00:15:07 | audio_manager        | DEBUG    | get_audio_devices:75   | Device 8: 'LG ULTRAGEAR (NVIDIA High Defin' (raw: 'LG ULTRAGEAR (NVIDIA High Defin') - In:0 Out:2
2025-09-25 00:15:07 | audio_manager        | DEBUG    | get_audio_devices:111  |   -> Added as OUTPUT device
2025-09-25 00:15:07 | audio_manager        | DEBUG    | get_audio_devices:75   | Device 9: 'Primary Sound Capture Driver' (raw: 'Primary Sound Capture Driver') - In:2 Out:0
2025-09-25 00:15:07 | audio_manager        | DEBUG    | get_audio_devices:99   |   -> Added as INPUT device
2025-09-25 00:15:07 | audio_manager        | DEBUG    | get_audio_devices:75   | Device 10: 'Microphone (TONOR TC30 Audio Device)' (raw: 'Microphone (TONOR TC30 Audio Device)') - In:1 Out:0
2025-09-25 00:15:07 | audio_manager        | DEBUG    | get_audio_devices:99   |   -> Added as INPUT device
2025-09-25 00:15:07 | audio_manager        | DEBUG    | get_audio_devices:75   | Device 11: 'Microphone (Logi C615 HD WebCam)' (raw: 'Microphone (Logi C615 HD WebCam)') - In:1 Out:0
2025-09-25 00:15:07 | audio_manager        | DEBUG    | get_audio_devices:99   |   -> Added as INPUT device
2025-09-25 00:15:07 | audio_manager        | DEBUG    | get_audio_devices:75   | Device 12: 'Primary Sound Driver' (raw: 'Primary Sound Driver') - In:0 Out:2
2025-09-25 00:15:07 | audio_manager        | DEBUG    | get_audio_devices:111  |   -> Added as OUTPUT device
2025-09-25 00:15:07 | audio_manager        | DEBUG    | get_audio_devices:75   | Device 13: 'Speakers (Logi Z407)' (raw: 'Speakers (Logi Z407)') - In:0 Out:2
2025-09-25 00:15:07 | audio_manager        | DEBUG    | get_audio_devices:111  |   -> Added as OUTPUT device
2025-09-25 00:15:07 | audio_manager        | DEBUG    | get_audio_devices:75   | Device 14: 'Realtek Digital Output (Realtek(R) Audio)' (raw: 'Realtek Digital Output (Realtek(R) Audio)') - In:0 Out:2
2025-09-25 00:15:07 | audio_manager        | DEBUG    | get_audio_devices:111  |   -> Added as OUTPUT device
2025-09-25 00:15:07 | audio_manager        | DEBUG    | get_audio_devices:75   | Device 15: 'Q27G4N (NVIDIA High Definition Audio)' (raw: 'Q27G4N (NVIDIA High Definition Audio)') - In:0 Out:2
2025-09-25 00:15:07 | audio_manager        | DEBUG    | get_audio_devices:111  |   -> Added as OUTPUT device
2025-09-25 00:15:07 | audio_manager        | DEBUG    | get_audio_devices:75   | Device 16: 'CR340HD (NVIDIA High Definition Audio)' (raw: 'CR340HD (NVIDIA High Definition Audio)') - In:0 Out:2
2025-09-25 00:15:07 | audio_manager        | DEBUG    | get_audio_devices:111  |   -> Added as OUTPUT device
2025-09-25 00:15:07 | audio_manager        | DEBUG    | get_audio_devices:75   | Device 17: 'LG ULTRAGEAR (NVIDIA High Definition Audio)' (raw: 'LG ULTRAGEAR (NVIDIA High Definition Audio)') - In:0 Out:2
2025-09-25 00:15:07 | audio_manager        | DEBUG    | get_audio_devices:111  |   -> Added as OUTPUT device
2025-09-25 00:15:07 | audio_manager        | DEBUG    | get_audio_devices:75   | Device 18: 'Realtek Digital Output (Realtek(R) Audio)' (raw: 'Realtek Digital Output (Realtek(R) Audio)') - In:0 Out:2
2025-09-25 00:15:07 | audio_manager        | DEBUG    | get_audio_devices:111  |   -> Added as OUTPUT device
2025-09-25 00:15:07 | audio_manager        | DEBUG    | get_audio_devices:75   | Device 19: 'Q27G4N (NVIDIA High Definition Audio)' (raw: 'Q27G4N (NVIDIA High Definition Audio)') - In:0 Out:2
2025-09-25 00:15:07 | audio_manager        | DEBUG    | get_audio_devices:111  |   -> Added as OUTPUT device
2025-09-25 00:15:07 | audio_manager        | DEBUG    | get_audio_devices:75   | Device 20: 'CR340HD (NVIDIA High Definition Audio)' (raw: 'CR340HD (NVIDIA High Definition Audio)') - In:0 Out:2
2025-09-25 00:15:07 | audio_manager        | DEBUG    | get_audio_devices:111  |   -> Added as OUTPUT device
2025-09-25 00:15:07 | audio_manager        | DEBUG    | get_audio_devices:75   | Device 21: 'LG ULTRAGEAR (NVIDIA High Definition Audio)' (raw: 'LG ULTRAGEAR (NVIDIA High Definition Audio)') - In:0 Out:2
2025-09-25 00:15:07 | audio_manager        | DEBUG    | get_audio_devices:111  |   -> Added as OUTPUT device
2025-09-25 00:15:07 | audio_manager        | DEBUG    | get_audio_devices:75   | Device 22: 'Speakers (Logi Z407)' (raw: 'Speakers (Logi Z407)') - In:0 Out:2
2025-09-25 00:15:07 | audio_manager        | DEBUG    | get_audio_devices:111  |   -> Added as OUTPUT device
2025-09-25 00:15:07 | audio_manager        | DEBUG    | get_audio_devices:75   | Device 23: 'Microphone (Logi C615 HD WebCam)' (raw: 'Microphone (Logi C615 HD WebCam)') - In:1 Out:0
2025-09-25 00:15:07 | audio_manager        | DEBUG    | get_audio_devices:99   |   -> Added as INPUT device
2025-09-25 00:15:07 | audio_manager        | DEBUG    | get_audio_devices:75   | Device 24: 'Microphone (TONOR TC30 Audio Device)' (raw: 'Microphone (TONOR TC30 Audio Device)') - In:1 Out:0
2025-09-25 00:15:07 | audio_manager        | DEBUG    | get_audio_devices:99   |   -> Added as INPUT device
2025-09-25 00:15:07 | audio_manager        | DEBUG    | get_audio_devices:75   | Device 25: 'Microphone (Logi C615 HD WebCam)' (raw: 'Microphone (Logi C615 HD WebCam)') - In:1 Out:0
2025-09-25 00:15:07 | audio_manager        | DEBUG    | get_audio_devices:99   |   -> Added as INPUT device
2025-09-25 00:15:07 | audio_manager        | DEBUG    | get_audio_devices:75   | Device 26: 'Microphone (Realtek HD Audio Mic input)' (raw: 'Microphone (Realtek HD Audio Mic input)') - In:2 Out:0
2025-09-25 00:15:07 | audio_manager        | DEBUG    | get_audio_devices:99   |   -> Added as INPUT device
2025-09-25 00:15:07 | audio_manager        | DEBUG    | get_audio_devices:75   | Device 27: 'SPDIF Out (Realtek HDA SPDIF Out)' (raw: 'SPDIF Out (Realtek HDA SPDIF Out)') - In:0 Out:2
2025-09-25 00:15:07 | audio_manager        | DEBUG    | get_audio_devices:111  |   -> Added as OUTPUT device
2025-09-25 00:15:07 | audio_manager        | DEBUG    | get_audio_devices:75   | Device 28: 'Line In (Realtek HD Audio Line input)' (raw: 'Line In (Realtek HD Audio Line input)') - In:2 Out:0
2025-09-25 00:15:07 | audio_manager        | DEBUG    | get_audio_devices:99   |   -> Added as INPUT device
2025-09-25 00:15:07 | audio_manager        | DEBUG    | get_audio_devices:75   | Device 29: 'Headphones (Realtek HD Audio 2nd output)' (raw: 'Headphones (Realtek HD Audio 2nd output)') - In:0 Out:2
2025-09-25 00:15:07 | audio_manager        | DEBUG    | get_audio_devices:111  |   -> Added as OUTPUT device
2025-09-25 00:15:07 | audio_manager        | DEBUG    | get_audio_devices:75   | Device 30: 'Speakers (Realtek HD Audio output)' (raw: 'Speakers (Realtek HD Audio output)') - In:0 Out:8
2025-09-25 00:15:07 | audio_manager        | DEBUG    | get_audio_devices:111  |   -> Added as OUTPUT device
2025-09-25 00:15:07 | audio_manager        | DEBUG    | get_audio_devices:75   | Device 31: 'Stereo Mix (Realtek HD Audio Stereo input)' (raw: 'Stereo Mix (Realtek HD Audio Stereo input)') - In:2 Out:0
2025-09-25 00:15:07 | audio_manager        | DEBUG    | get_audio_devices:89   |   -> Added as SYSTEM RECORDING device
2025-09-25 00:15:07 | audio_manager        | DEBUG    | get_audio_devices:75   | Device 32: 'Output (NVIDIA High Definition Audio)' (raw: 'Output (NVIDIA High Definition Audio)') - In:0 Out:2
2025-09-25 00:15:07 | audio_manager        | DEBUG    | get_audio_devices:111  |   -> Added as OUTPUT device
2025-09-25 00:15:07 | audio_manager        | DEBUG    | get_audio_devices:75   | Device 33: 'Output (NVIDIA High Definition Audio)' (raw: 'Output (NVIDIA High Definition Audio)') - In:0 Out:2
2025-09-25 00:15:07 | audio_manager        | DEBUG    | get_audio_devices:111  |   -> Added as OUTPUT device
2025-09-25 00:15:07 | audio_manager        | DEBUG    | get_audio_devices:75   | Device 34: 'Output (NVIDIA High Definition Audio)' (raw: 'Output (NVIDIA High Definition Audio)') - In:0 Out:2
2025-09-25 00:15:07 | audio_manager        | DEBUG    | get_audio_devices:111  |   -> Added as OUTPUT device
2025-09-25 00:15:07 | audio_manager        | DEBUG    | get_audio_devices:75   | Device 35: 'Speakers (Logi Z407)' (raw: 'Speakers (Logi Z407)') - In:0 Out:2
2025-09-25 00:15:07 | audio_manager        | DEBUG    | get_audio_devices:111  |   -> Added as OUTPUT device
2025-09-25 00:15:07 | audio_manager        | DEBUG    | get_audio_devices:75   | Device 36: 'Microphone (TONOR TC30 Audio Device)' (raw: 'Microphone (TONOR TC30 Audio Device)') - In:1 Out:0
2025-09-25 00:15:07 | audio_manager        | DEBUG    | get_audio_devices:99   |   -> Added as INPUT device
2025-09-25 00:15:07 | audio_manager        | INFO     | get_audio_devices:117  | Device scan complete: 12 input, 24 output, 1 system recording
2025-09-25 00:15:07 | audio_manager        | DEBUG    | wrapper        :209  | RETURN: get_audio_devices -> dict
2025-09-25 00:15:07 | audio_manager        | DEBUG    | wrapper        :205  | CALL: get_audio_devices(1 args, 0 kwargs)
2025-09-25 00:15:07 | audio_manager        | DEBUG    | get_audio_devices:57   | Scanning for audio devices...
2025-09-25 00:15:07 | audio_manager        | INFO     | get_audio_devices:65   | Found 37 audio devices
2025-09-25 00:15:07 | audio_manager        | DEBUG    | get_audio_devices:75   | Device 0: 'Input' (raw: 'Microsoft Sound Mapper - Input') - In:2 Out:0
2025-09-25 00:15:07 | audio_manager        | DEBUG    | get_audio_devices:99   |   -> Added as INPUT device
2025-09-25 00:15:07 | audio_manager        | DEBUG    | get_audio_devices:75   | Device 1: 'Microphone (TONOR TC30 Audio De' (raw: 'Microphone (TONOR TC30 Audio De') - In:1 Out:0
2025-09-25 00:15:07 | audio_manager        | DEBUG    | get_audio_devices:99   |   -> Added as INPUT device
2025-09-25 00:15:07 | audio_manager        | DEBUG    | get_audio_devices:75   | Device 2: 'Microphone (Logi C615 HD WebCam' (raw: 'Microphone (Logi C615 HD WebCam') - In:1 Out:0
2025-09-25 00:15:07 | audio_manager        | DEBUG    | get_audio_devices:99   |   -> Added as INPUT device
2025-09-25 00:15:07 | audio_manager        | DEBUG    | get_audio_devices:75   | Device 3: 'Output' (raw: 'Microsoft Sound Mapper - Output') - In:0 Out:2
2025-09-25 00:15:07 | audio_manager        | DEBUG    | get_audio_devices:111  |   -> Added as OUTPUT device
2025-09-25 00:15:07 | audio_manager        | DEBUG    | get_audio_devices:75   | Device 4: 'Speakers (Logi Z407)' (raw: 'Speakers (Logi Z407)') - In:0 Out:2
2025-09-25 00:15:07 | audio_manager        | DEBUG    | get_audio_devices:111  |   -> Added as OUTPUT device
2025-09-25 00:15:07 | audio_manager        | DEBUG    | get_audio_devices:75   | Device 5: 'Realtek Digital Output (Realtek' (raw: 'Realtek Digital Output (Realtek') - In:0 Out:2
2025-09-25 00:15:07 | audio_manager        | DEBUG    | get_audio_devices:111  |   -> Added as OUTPUT device
2025-09-25 00:15:07 | audio_manager        | DEBUG    | get_audio_devices:75   | Device 6: 'Q27G4N (NVIDIA High Definition ' (raw: 'Q27G4N (NVIDIA High Definition ') - In:0 Out:2
2025-09-25 00:15:07 | audio_manager        | DEBUG    | get_audio_devices:111  |   -> Added as OUTPUT device
2025-09-25 00:15:07 | audio_manager        | DEBUG    | get_audio_devices:75   | Device 7: 'CR340HD (NVIDIA High Definition' (raw: 'CR340HD (NVIDIA High Definition') - In:0 Out:2
2025-09-25 00:15:07 | audio_manager        | DEBUG    | get_audio_devices:111  |   -> Added as OUTPUT device
2025-09-25 00:15:07 | audio_manager        | DEBUG    | get_audio_devices:75   | Device 8: 'LG ULTRAGEAR (NVIDIA High Defin' (raw: 'LG ULTRAGEAR (NVIDIA High Defin') - In:0 Out:2
2025-09-25 00:15:07 | audio_manager        | DEBUG    | get_audio_devices:111  |   -> Added as OUTPUT device
2025-09-25 00:15:07 | audio_manager        | DEBUG    | get_audio_devices:75   | Device 9: 'Primary Sound Capture Driver' (raw: 'Primary Sound Capture Driver') - In:2 Out:0
2025-09-25 00:15:07 | audio_manager        | DEBUG    | get_audio_devices:99   |   -> Added as INPUT device
2025-09-25 00:15:07 | audio_manager        | DEBUG    | get_audio_devices:75   | Device 10: 'Microphone (TONOR TC30 Audio Device)' (raw: 'Microphone (TONOR TC30 Audio Device)') - In:1 Out:0
2025-09-25 00:15:07 | audio_manager        | DEBUG    | get_audio_devices:99   |   -> Added as INPUT device
2025-09-25 00:15:07 | audio_manager        | DEBUG    | get_audio_devices:75   | Device 11: 'Microphone (Logi C615 HD WebCam)' (raw: 'Microphone (Logi C615 HD WebCam)') - In:1 Out:0
2025-09-25 00:15:07 | audio_manager        | DEBUG    | get_audio_devices:99   |   -> Added as INPUT device
2025-09-25 00:15:07 | audio_manager        | DEBUG    | get_audio_devices:75   | Device 12: 'Primary Sound Driver' (raw: 'Primary Sound Driver') - In:0 Out:2
2025-09-25 00:15:07 | audio_manager        | DEBUG    | get_audio_devices:111  |   -> Added as OUTPUT device
2025-09-25 00:15:07 | audio_manager        | DEBUG    | get_audio_devices:75   | Device 13: 'Speakers (Logi Z407)' (raw: 'Speakers (Logi Z407)') - In:0 Out:2
2025-09-25 00:15:07 | audio_manager        | DEBUG    | get_audio_devices:111  |   -> Added as OUTPUT device
2025-09-25 00:15:07 | audio_manager        | DEBUG    | get_audio_devices:75   | Device 14: 'Realtek Digital Output (Realtek(R) Audio)' (raw: 'Realtek Digital Output (Realtek(R) Audio)') - In:0 Out:2
2025-09-25 00:15:07 | audio_manager        | DEBUG    | get_audio_devices:111  |   -> Added as OUTPUT device
2025-09-25 00:15:07 | audio_manager        | DEBUG    | get_audio_devices:75   | Device 15: 'Q27G4N (NVIDIA High Definition Audio)' (raw: 'Q27G4N (NVIDIA High Definition Audio)') - In:0 Out:2
2025-09-25 00:15:07 | audio_manager        | DEBUG    | get_audio_devices:111  |   -> Added as OUTPUT device
2025-09-25 00:15:07 | audio_manager        | DEBUG    | get_audio_devices:75   | Device 16: 'CR340HD (NVIDIA High Definition Audio)' (raw: 'CR340HD (NVIDIA High Definition Audio)') - In:0 Out:2
2025-09-25 00:15:07 | audio_manager        | DEBUG    | get_audio_devices:111  |   -> Added as OUTPUT device
2025-09-25 00:15:07 | audio_manager        | DEBUG    | get_audio_devices:75   | Device 17: 'LG ULTRAGEAR (NVIDIA High Definition Audio)' (raw: 'LG ULTRAGEAR (NVIDIA High Definition Audio)') - In:0 Out:2
2025-09-25 00:15:07 | audio_manager        | DEBUG    | get_audio_devices:111  |   -> Added as OUTPUT device
2025-09-25 00:15:07 | audio_manager        | DEBUG    | get_audio_devices:75   | Device 18: 'Realtek Digital Output (Realtek(R) Audio)' (raw: 'Realtek Digital Output (Realtek(R) Audio)') - In:0 Out:2
2025-09-25 00:15:07 | audio_manager        | DEBUG    | get_audio_devices:111  |   -> Added as OUTPUT device
2025-09-25 00:15:07 | audio_manager        | DEBUG    | get_audio_devices:75   | Device 19: 'Q27G4N (NVIDIA High Definition Audio)' (raw: 'Q27G4N (NVIDIA High Definition Audio)') - In:0 Out:2
2025-09-25 00:15:07 | audio_manager        | DEBUG    | get_audio_devices:111  |   -> Added as OUTPUT device
2025-09-25 00:15:07 | audio_manager        | DEBUG    | get_audio_devices:75   | Device 20: 'CR340HD (NVIDIA High Definition Audio)' (raw: 'CR340HD (NVIDIA High Definition Audio)') - In:0 Out:2
2025-09-25 00:15:07 | audio_manager        | DEBUG    | get_audio_devices:111  |   -> Added as OUTPUT device
2025-09-25 00:15:07 | audio_manager        | DEBUG    | get_audio_devices:75   | Device 21: 'LG ULTRAGEAR (NVIDIA High Definition Audio)' (raw: 'LG ULTRAGEAR (NVIDIA High Definition Audio)') - In:0 Out:2
2025-09-25 00:15:07 | audio_manager        | DEBUG    | get_audio_devices:111  |   -> Added as OUTPUT device
2025-09-25 00:15:07 | audio_manager        | DEBUG    | get_audio_devices:75   | Device 22: 'Speakers (Logi Z407)' (raw: 'Speakers (Logi Z407)') - In:0 Out:2
2025-09-25 00:15:07 | audio_manager        | DEBUG    | get_audio_devices:111  |   -> Added as OUTPUT device
2025-09-25 00:15:07 | audio_manager        | DEBUG    | get_audio_devices:75   | Device 23: 'Microphone (Logi C615 HD WebCam)' (raw: 'Microphone (Logi C615 HD WebCam)') - In:1 Out:0
2025-09-25 00:15:07 | audio_manager        | DEBUG    | get_audio_devices:99   |   -> Added as INPUT device
2025-09-25 00:15:07 | audio_manager        | DEBUG    | get_audio_devices:75   | Device 24: 'Microphone (TONOR TC30 Audio Device)' (raw: 'Microphone (TONOR TC30 Audio Device)') - In:1 Out:0
2025-09-25 00:15:07 | audio_manager        | DEBUG    | get_audio_devices:99   |   -> Added as INPUT device
2025-09-25 00:15:07 | audio_manager        | DEBUG    | get_audio_devices:75   | Device 25: 'Microphone (Logi C615 HD WebCam)' (raw: 'Microphone (Logi C615 HD WebCam)') - In:1 Out:0
2025-09-25 00:15:07 | audio_manager        | DEBUG    | get_audio_devices:99   |   -> Added as INPUT device
2025-09-25 00:15:07 | audio_manager        | DEBUG    | get_audio_devices:75   | Device 26: 'Microphone (Realtek HD Audio Mic input)' (raw: 'Microphone (Realtek HD Audio Mic input)') - In:2 Out:0
2025-09-25 00:15:07 | audio_manager        | DEBUG    | get_audio_devices:99   |   -> Added as INPUT device
2025-09-25 00:15:07 | audio_manager        | DEBUG    | get_audio_devices:75   | Device 27: 'SPDIF Out (Realtek HDA SPDIF Out)' (raw: 'SPDIF Out (Realtek HDA SPDIF Out)') - In:0 Out:2
2025-09-25 00:15:07 | audio_manager        | DEBUG    | get_audio_devices:111  |   -> Added as OUTPUT device
2025-09-25 00:15:07 | audio_manager        | DEBUG    | get_audio_devices:75   | Device 28: 'Line In (Realtek HD Audio Line input)' (raw: 'Line In (Realtek HD Audio Line input)') - In:2 Out:0
2025-09-25 00:15:07 | audio_manager        | DEBUG    | get_audio_devices:99   |   -> Added as INPUT device
2025-09-25 00:15:07 | audio_manager        | DEBUG    | get_audio_devices:75   | Device 29: 'Headphones (Realtek HD Audio 2nd output)' (raw: 'Headphones (Realtek HD Audio 2nd output)') - In:0 Out:2
2025-09-25 00:15:07 | audio_manager        | DEBUG    | get_audio_devices:111  |   -> Added as OUTPUT device
2025-09-25 00:15:07 | audio_manager        | DEBUG    | get_audio_devices:75   | Device 30: 'Speakers (Realtek HD Audio output)' (raw: 'Speakers (Realtek HD Audio output)') - In:0 Out:8
2025-09-25 00:15:07 | audio_manager        | DEBUG    | get_audio_devices:111  |   -> Added as OUTPUT device
2025-09-25 00:15:07 | audio_manager        | DEBUG    | get_audio_devices:75   | Device 31: 'Stereo Mix (Realtek HD Audio Stereo input)' (raw: 'Stereo Mix (Realtek HD Audio Stereo input)') - In:2 Out:0
2025-09-25 00:15:07 | audio_manager        | DEBUG    | get_audio_devices:89   |   -> Added as SYSTEM RECORDING device
2025-09-25 00:15:07 | audio_manager        | DEBUG    | get_audio_devices:75   | Device 32: 'Output (NVIDIA High Definition Audio)' (raw: 'Output (NVIDIA High Definition Audio)') - In:0 Out:2
2025-09-25 00:15:07 | audio_manager        | DEBUG    | get_audio_devices:111  |   -> Added as OUTPUT device
2025-09-25 00:15:07 | audio_manager        | DEBUG    | get_audio_devices:75   | Device 33: 'Output (NVIDIA High Definition Audio)' (raw: 'Output (NVIDIA High Definition Audio)') - In:0 Out:2
2025-09-25 00:15:07 | audio_manager        | DEBUG    | get_audio_devices:111  |   -> Added as OUTPUT device
2025-09-25 00:15:07 | audio_manager        | DEBUG    | get_audio_devices:75   | Device 34: 'Output (NVIDIA High Definition Audio)' (raw: 'Output (NVIDIA High Definition Audio)') - In:0 Out:2
2025-09-25 00:15:07 | audio_manager        | DEBUG    | get_audio_devices:111  |   -> Added as OUTPUT device
2025-09-25 00:15:07 | audio_manager        | DEBUG    | get_audio_devices:75   | Device 35: 'Speakers (Logi Z407)' (raw: 'Speakers (Logi Z407)') - In:0 Out:2
2025-09-25 00:15:07 | audio_manager        | DEBUG    | get_audio_devices:111  |   -> Added as OUTPUT device
2025-09-25 00:15:07 | audio_manager        | DEBUG    | get_audio_devices:75   | Device 36: 'Microphone (TONOR TC30 Audio Device)' (raw: 'Microphone (TONOR TC30 Audio Device)') - In:1 Out:0
2025-09-25 00:15:07 | audio_manager        | DEBUG    | get_audio_devices:99   |   -> Added as INPUT device
2025-09-25 00:15:07 | audio_manager        | INFO     | get_audio_devices:117  | Device scan complete: 12 input, 24 output, 1 system recording
2025-09-25 00:15:07 | audio_manager        | DEBUG    | wrapper        :209  | RETURN: get_audio_devices -> dict
2025-09-25 00:15:07 | audio_manager        | INFO     | set_input_device:319  | Setting input device to index 0
2025-09-25 00:15:07 | audio_manager        | INFO     | set_input_device:332  | Input device set: 'Microsoft Sound Mapper - Input' (channels: 2)
2025-09-25 00:15:07 | audio_manager        | INFO     | set_system_audio_device:344  | Setting system audio device to index 31
2025-09-25 00:15:07 | audio_manager        | INFO     | set_system_audio_device:365  | System audio device set: 'Stereo Mix (Realtek HD Audio Stereo input)' (channels: 2)
2025-09-25 00:15:07 | audio_manager        | DEBUG    | wrapper        :205  | CALL: start_recording(1 args, 0 kwargs)
2025-09-25 00:15:07 | audio_manager        | INFO     | start_recording:429  | Starting audio recording...
2025-09-25 00:15:07 | audio_manager        | DEBUG    | start_recording:453  | Device validation passed - Mic: Microsoft Sound Mapper - Input (2 ch), Sys: Stereo Mix (Realtek HD Audio Stereo input) (2 ch)
2025-09-25 00:15:07 | audio_manager        | DEBUG    | start_recording:463  | Creating recording thread...
2025-09-25 00:15:07 | audio_manager        | DEBUG    | _recording_loop:478  | Recording loop thread started
2025-09-25 00:15:07 | audio_manager        | INFO     | start_recording:468  | Audio recording started successfully
2025-09-25 00:15:07 | audio_manager        | DEBUG    | _recording_loop:497  | Opening microphone stream (device 0)
2025-09-25 00:15:07 | audio_manager        | DEBUG    | wrapper        :209  | RETURN: start_recording -> tuple
2025-09-25 00:15:07 | audio_manager        | DEBUG    | _recording_loop:508  | Opening system audio stream (device 31)
2025-09-25 00:15:07 | audio_manager        | ERROR    | _recording_loop:599  | Recording loop initialization error: [Errno -9999] Unanticipated host error
2025-09-25 00:15:07 | audio_manager        | DEBUG    | _recording_loop:630  | Microphone stream closed
2025-09-25 00:15:07 | audio_manager        | DEBUG    | _recording_loop:652  | Recording loop thread finished
2025-09-25 00:15:14 | audio_manager        | DEBUG    | wrapper        :205  | CALL: stop_recording(1 args, 0 kwargs)
2025-09-25 00:15:14 | audio_manager        | INFO     | stop_recording :657  | Stopping audio recording...
2025-09-25 00:15:14 | audio_manager        | INFO     | stop_recording :685  | Recording stopped - Buffer contains 0.0s (0 chunks)
2025-09-25 00:15:14 | audio_manager        | DEBUG    | wrapper        :209  | RETURN: stop_recording -> NoneType
2025-09-25 00:15:23 | audio_manager        | DEBUG    | wrapper        :205  | CALL: get_audio_devices(1 args, 0 kwargs)
2025-09-25 00:15:23 | audio_manager        | DEBUG    | get_audio_devices:57   | Scanning for audio devices...
2025-09-25 00:15:23 | audio_manager        | INFO     | get_audio_devices:65   | Found 37 audio devices
2025-09-25 00:15:23 | audio_manager        | DEBUG    | get_audio_devices:75   | Device 0: 'Input' (raw: 'Microsoft Sound Mapper - Input') - In:2 Out:0
2025-09-25 00:15:23 | audio_manager        | DEBUG    | get_audio_devices:99   |   -> Added as INPUT device
2025-09-25 00:15:23 | audio_manager        | DEBUG    | get_audio_devices:75   | Device 1: 'Microphone (TONOR TC30 Audio De' (raw: 'Microphone (TONOR TC30 Audio De') - In:1 Out:0
2025-09-25 00:15:23 | audio_manager        | DEBUG    | get_audio_devices:99   |   -> Added as INPUT device
2025-09-25 00:15:23 | audio_manager        | DEBUG    | get_audio_devices:75   | Device 2: 'Microphone (Logi C615 HD WebCam' (raw: 'Microphone (Logi C615 HD WebCam') - In:1 Out:0
2025-09-25 00:15:23 | audio_manager        | DEBUG    | get_audio_devices:99   |   -> Added as INPUT device
2025-09-25 00:15:23 | audio_manager        | DEBUG    | get_audio_devices:75   | Device 3: 'Output' (raw: 'Microsoft Sound Mapper - Output') - In:0 Out:2
2025-09-25 00:15:23 | audio_manager        | DEBUG    | get_audio_devices:111  |   -> Added as OUTPUT device
2025-09-25 00:15:23 | audio_manager        | DEBUG    | get_audio_devices:75   | Device 4: 'Speakers (Logi Z407)' (raw: 'Speakers (Logi Z407)') - In:0 Out:2
2025-09-25 00:15:23 | audio_manager        | DEBUG    | get_audio_devices:111  |   -> Added as OUTPUT device
2025-09-25 00:15:23 | audio_manager        | DEBUG    | get_audio_devices:75   | Device 5: 'Realtek Digital Output (Realtek' (raw: 'Realtek Digital Output (Realtek') - In:0 Out:2
2025-09-25 00:15:23 | audio_manager        | DEBUG    | get_audio_devices:111  |   -> Added as OUTPUT device
2025-09-25 00:15:23 | audio_manager        | DEBUG    | get_audio_devices:75   | Device 6: 'Q27G4N (NVIDIA High Definition ' (raw: 'Q27G4N (NVIDIA High Definition ') - In:0 Out:2
2025-09-25 00:15:23 | audio_manager        | DEBUG    | get_audio_devices:111  |   -> Added as OUTPUT device
2025-09-25 00:15:23 | audio_manager        | DEBUG    | get_audio_devices:75   | Device 7: 'CR340HD (NVIDIA High Definition' (raw: 'CR340HD (NVIDIA High Definition') - In:0 Out:2
2025-09-25 00:15:23 | audio_manager        | DEBUG    | get_audio_devices:111  |   -> Added as OUTPUT device
2025-09-25 00:15:23 | audio_manager        | DEBUG    | get_audio_devices:75   | Device 8: 'LG ULTRAGEAR (NVIDIA High Defin' (raw: 'LG ULTRAGEAR (NVIDIA High Defin') - In:0 Out:2
2025-09-25 00:15:23 | audio_manager        | DEBUG    | get_audio_devices:111  |   -> Added as OUTPUT device
2025-09-25 00:15:23 | audio_manager        | DEBUG    | get_audio_devices:75   | Device 9: 'Primary Sound Capture Driver' (raw: 'Primary Sound Capture Driver') - In:2 Out:0
2025-09-25 00:15:23 | audio_manager        | DEBUG    | get_audio_devices:99   |   -> Added as INPUT device
2025-09-25 00:15:23 | audio_manager        | DEBUG    | get_audio_devices:75   | Device 10: 'Microphone (TONOR TC30 Audio Device)' (raw: 'Microphone (TONOR TC30 Audio Device)') - In:1 Out:0
2025-09-25 00:15:23 | audio_manager        | DEBUG    | get_audio_devices:99   |   -> Added as INPUT device
2025-09-25 00:15:23 | audio_manager        | DEBUG    | get_audio_devices:75   | Device 11: 'Microphone (Logi C615 HD WebCam)' (raw: 'Microphone (Logi C615 HD WebCam)') - In:1 Out:0
2025-09-25 00:15:23 | audio_manager        | DEBUG    | get_audio_devices:99   |   -> Added as INPUT device
2025-09-25 00:15:23 | audio_manager        | DEBUG    | get_audio_devices:75   | Device 12: 'Primary Sound Driver' (raw: 'Primary Sound Driver') - In:0 Out:2
2025-09-25 00:15:23 | audio_manager        | DEBUG    | get_audio_devices:111  |   -> Added as OUTPUT device
2025-09-25 00:15:23 | audio_manager        | DEBUG    | get_audio_devices:75   | Device 13: 'Speakers (Logi Z407)' (raw: 'Speakers (Logi Z407)') - In:0 Out:2
2025-09-25 00:15:23 | audio_manager        | DEBUG    | get_audio_devices:111  |   -> Added as OUTPUT device
2025-09-25 00:15:23 | audio_manager        | DEBUG    | get_audio_devices:75   | Device 14: 'Realtek Digital Output (Realtek(R) Audio)' (raw: 'Realtek Digital Output (Realtek(R) Audio)') - In:0 Out:2
2025-09-25 00:15:23 | audio_manager        | DEBUG    | get_audio_devices:111  |   -> Added as OUTPUT device
2025-09-25 00:15:23 | audio_manager        | DEBUG    | get_audio_devices:75   | Device 15: 'Q27G4N (NVIDIA High Definition Audio)' (raw: 'Q27G4N (NVIDIA High Definition Audio)') - In:0 Out:2
2025-09-25 00:15:23 | audio_manager        | DEBUG    | get_audio_devices:111  |   -> Added as OUTPUT device
2025-09-25 00:15:23 | audio_manager        | DEBUG    | get_audio_devices:75   | Device 16: 'CR340HD (NVIDIA High Definition Audio)' (raw: 'CR340HD (NVIDIA High Definition Audio)') - In:0 Out:2
2025-09-25 00:15:23 | audio_manager        | DEBUG    | get_audio_devices:111  |   -> Added as OUTPUT device
2025-09-25 00:15:23 | audio_manager        | DEBUG    | get_audio_devices:75   | Device 17: 'LG ULTRAGEAR (NVIDIA High Definition Audio)' (raw: 'LG ULTRAGEAR (NVIDIA High Definition Audio)') - In:0 Out:2
2025-09-25 00:15:23 | audio_manager        | DEBUG    | get_audio_devices:111  |   -> Added as OUTPUT device
2025-09-25 00:15:23 | audio_manager        | DEBUG    | get_audio_devices:75   | Device 18: 'Realtek Digital Output (Realtek(R) Audio)' (raw: 'Realtek Digital Output (Realtek(R) Audio)') - In:0 Out:2
2025-09-25 00:15:23 | audio_manager        | DEBUG    | get_audio_devices:111  |   -> Added as OUTPUT device
2025-09-25 00:15:23 | audio_manager        | DEBUG    | get_audio_devices:75   | Device 19: 'Q27G4N (NVIDIA High Definition Audio)' (raw: 'Q27G4N (NVIDIA High Definition Audio)') - In:0 Out:2
2025-09-25 00:15:23 | audio_manager        | DEBUG    | get_audio_devices:111  |   -> Added as OUTPUT device
2025-09-25 00:15:23 | audio_manager        | DEBUG    | get_audio_devices:75   | Device 20: 'CR340HD (NVIDIA High Definition Audio)' (raw: 'CR340HD (NVIDIA High Definition Audio)') - In:0 Out:2
2025-09-25 00:15:23 | audio_manager        | DEBUG    | get_audio_devices:111  |   -> Added as OUTPUT device
2025-09-25 00:15:23 | audio_manager        | DEBUG    | get_audio_devices:75   | Device 21: 'LG ULTRAGEAR (NVIDIA High Definition Audio)' (raw: 'LG ULTRAGEAR (NVIDIA High Definition Audio)') - In:0 Out:2
2025-09-25 00:15:23 | audio_manager        | DEBUG    | get_audio_devices:111  |   -> Added as OUTPUT device
2025-09-25 00:15:23 | audio_manager        | DEBUG    | get_audio_devices:75   | Device 22: 'Speakers (Logi Z407)' (raw: 'Speakers (Logi Z407)') - In:0 Out:2
2025-09-25 00:15:23 | audio_manager        | DEBUG    | get_audio_devices:111  |   -> Added as OUTPUT device
2025-09-25 00:15:23 | audio_manager        | DEBUG    | get_audio_devices:75   | Device 23: 'Microphone (Logi C615 HD WebCam)' (raw: 'Microphone (Logi C615 HD WebCam)') - In:1 Out:0
2025-09-25 00:15:23 | audio_manager        | DEBUG    | get_audio_devices:99   |   -> Added as INPUT device
2025-09-25 00:15:23 | audio_manager        | DEBUG    | get_audio_devices:75   | Device 24: 'Microphone (TONOR TC30 Audio Device)' (raw: 'Microphone (TONOR TC30 Audio Device)') - In:1 Out:0
2025-09-25 00:15:23 | audio_manager        | DEBUG    | get_audio_devices:99   |   -> Added as INPUT device
2025-09-25 00:15:23 | audio_manager        | DEBUG    | get_audio_devices:75   | Device 25: 'Microphone (Logi C615 HD WebCam)' (raw: 'Microphone (Logi C615 HD WebCam)') - In:1 Out:0
2025-09-25 00:15:23 | audio_manager        | DEBUG    | get_audio_devices:99   |   -> Added as INPUT device
2025-09-25 00:15:23 | audio_manager        | DEBUG    | get_audio_devices:75   | Device 26: 'Microphone (Realtek HD Audio Mic input)' (raw: 'Microphone (Realtek HD Audio Mic input)') - In:2 Out:0
2025-09-25 00:15:23 | audio_manager        | DEBUG    | get_audio_devices:99   |   -> Added as INPUT device
2025-09-25 00:15:23 | audio_manager        | DEBUG    | get_audio_devices:75   | Device 27: 'SPDIF Out (Realtek HDA SPDIF Out)' (raw: 'SPDIF Out (Realtek HDA SPDIF Out)') - In:0 Out:2
2025-09-25 00:15:23 | audio_manager        | DEBUG    | get_audio_devices:111  |   -> Added as OUTPUT device
2025-09-25 00:15:23 | audio_manager        | DEBUG    | get_audio_devices:75   | Device 28: 'Line In (Realtek HD Audio Line input)' (raw: 'Line In (Realtek HD Audio Line input)') - In:2 Out:0
2025-09-25 00:15:23 | audio_manager        | DEBUG    | get_audio_devices:99   |   -> Added as INPUT device
2025-09-25 00:15:23 | audio_manager        | DEBUG    | get_audio_devices:75   | Device 29: 'Headphones (Realtek HD Audio 2nd output)' (raw: 'Headphones (Realtek HD Audio 2nd output)') - In:0 Out:2
2025-09-25 00:15:23 | audio_manager        | DEBUG    | get_audio_devices:111  |   -> Added as OUTPUT device
2025-09-25 00:15:23 | audio_manager        | DEBUG    | get_audio_devices:75   | Device 30: 'Speakers (Realtek HD Audio output)' (raw: 'Speakers (Realtek HD Audio output)') - In:0 Out:8
2025-09-25 00:15:23 | audio_manager        | DEBUG    | get_audio_devices:111  |   -> Added as OUTPUT device
2025-09-25 00:15:23 | audio_manager        | DEBUG    | get_audio_devices:75   | Device 31: 'Stereo Mix (Realtek HD Audio Stereo input)' (raw: 'Stereo Mix (Realtek HD Audio Stereo input)') - In:2 Out:0
2025-09-25 00:15:23 | audio_manager        | DEBUG    | get_audio_devices:89   |   -> Added as SYSTEM RECORDING device
2025-09-25 00:15:23 | audio_manager        | DEBUG    | get_audio_devices:75   | Device 32: 'Output (NVIDIA High Definition Audio)' (raw: 'Output (NVIDIA High Definition Audio)') - In:0 Out:2
2025-09-25 00:15:23 | audio_manager        | DEBUG    | get_audio_devices:111  |   -> Added as OUTPUT device
2025-09-25 00:15:23 | audio_manager        | DEBUG    | get_audio_devices:75   | Device 33: 'Output (NVIDIA High Definition Audio)' (raw: 'Output (NVIDIA High Definition Audio)') - In:0 Out:2
2025-09-25 00:15:23 | audio_manager        | DEBUG    | get_audio_devices:111  |   -> Added as OUTPUT device
2025-09-25 00:15:23 | audio_manager        | DEBUG    | get_audio_devices:75   | Device 34: 'Output (NVIDIA High Definition Audio)' (raw: 'Output (NVIDIA High Definition Audio)') - In:0 Out:2
2025-09-25 00:15:23 | audio_manager        | DEBUG    | get_audio_devices:111  |   -> Added as OUTPUT device
2025-09-25 00:15:23 | audio_manager        | DEBUG    | get_audio_devices:75   | Device 35: 'Speakers (Logi Z407)' (raw: 'Speakers (Logi Z407)') - In:0 Out:2
2025-09-25 00:15:23 | audio_manager        | DEBUG    | get_audio_devices:111  |   -> Added as OUTPUT device
2025-09-25 00:15:23 | audio_manager        | DEBUG    | get_audio_devices:75   | Device 36: 'Microphone (TONOR TC30 Audio Device)' (raw: 'Microphone (TONOR TC30 Audio Device)') - In:1 Out:0
2025-09-25 00:15:23 | audio_manager        | DEBUG    | get_audio_devices:99   |   -> Added as INPUT device
2025-09-25 00:15:23 | audio_manager        | INFO     | get_audio_devices:117  | Device scan complete: 12 input, 24 output, 1 system recording
2025-09-25 00:15:23 | audio_manager        | DEBUG    | wrapper        :209  | RETURN: get_audio_devices -> dict
2025-09-25 00:15:23 | audio_manager        | DEBUG    | wrapper        :205  | CALL: get_audio_devices(1 args, 0 kwargs)
2025-09-25 00:15:23 | audio_manager        | DEBUG    | get_audio_devices:57   | Scanning for audio devices...
2025-09-25 00:15:23 | audio_manager        | INFO     | get_audio_devices:65   | Found 37 audio devices
2025-09-25 00:15:23 | audio_manager        | DEBUG    | get_audio_devices:75   | Device 0: 'Input' (raw: 'Microsoft Sound Mapper - Input') - In:2 Out:0
2025-09-25 00:15:23 | audio_manager        | DEBUG    | get_audio_devices:99   |   -> Added as INPUT device
2025-09-25 00:15:23 | audio_manager        | DEBUG    | get_audio_devices:75   | Device 1: 'Microphone (TONOR TC30 Audio De' (raw: 'Microphone (TONOR TC30 Audio De') - In:1 Out:0
2025-09-25 00:15:23 | audio_manager        | DEBUG    | get_audio_devices:99   |   -> Added as INPUT device
2025-09-25 00:15:23 | audio_manager        | DEBUG    | get_audio_devices:75   | Device 2: 'Microphone (Logi C615 HD WebCam' (raw: 'Microphone (Logi C615 HD WebCam') - In:1 Out:0
2025-09-25 00:15:23 | audio_manager        | DEBUG    | get_audio_devices:99   |   -> Added as INPUT device
2025-09-25 00:15:23 | audio_manager        | DEBUG    | get_audio_devices:75   | Device 3: 'Output' (raw: 'Microsoft Sound Mapper - Output') - In:0 Out:2
2025-09-25 00:15:23 | audio_manager        | DEBUG    | get_audio_devices:111  |   -> Added as OUTPUT device
2025-09-25 00:15:23 | audio_manager        | DEBUG    | get_audio_devices:75   | Device 4: 'Speakers (Logi Z407)' (raw: 'Speakers (Logi Z407)') - In:0 Out:2
2025-09-25 00:15:23 | audio_manager        | DEBUG    | get_audio_devices:111  |   -> Added as OUTPUT device
2025-09-25 00:15:23 | audio_manager        | DEBUG    | get_audio_devices:75   | Device 5: 'Realtek Digital Output (Realtek' (raw: 'Realtek Digital Output (Realtek') - In:0 Out:2
2025-09-25 00:15:23 | audio_manager        | DEBUG    | get_audio_devices:111  |   -> Added as OUTPUT device
2025-09-25 00:15:23 | audio_manager        | DEBUG    | get_audio_devices:75   | Device 6: 'Q27G4N (NVIDIA High Definition ' (raw: 'Q27G4N (NVIDIA High Definition ') - In:0 Out:2
2025-09-25 00:15:23 | audio_manager        | DEBUG    | get_audio_devices:111  |   -> Added as OUTPUT device
2025-09-25 00:15:23 | audio_manager        | DEBUG    | get_audio_devices:75   | Device 7: 'CR340HD (NVIDIA High Definition' (raw: 'CR340HD (NVIDIA High Definition') - In:0 Out:2
2025-09-25 00:15:23 | audio_manager        | DEBUG    | get_audio_devices:111  |   -> Added as OUTPUT device
2025-09-25 00:15:23 | audio_manager        | DEBUG    | get_audio_devices:75   | Device 8: 'LG ULTRAGEAR (NVIDIA High Defin' (raw: 'LG ULTRAGEAR (NVIDIA High Defin') - In:0 Out:2
2025-09-25 00:15:23 | audio_manager        | DEBUG    | get_audio_devices:111  |   -> Added as OUTPUT device
2025-09-25 00:15:23 | audio_manager        | DEBUG    | get_audio_devices:75   | Device 9: 'Primary Sound Capture Driver' (raw: 'Primary Sound Capture Driver') - In:2 Out:0
2025-09-25 00:15:23 | audio_manager        | DEBUG    | get_audio_devices:99   |   -> Added as INPUT device
2025-09-25 00:15:23 | audio_manager        | DEBUG    | get_audio_devices:75   | Device 10: 'Microphone (TONOR TC30 Audio Device)' (raw: 'Microphone (TONOR TC30 Audio Device)') - In:1 Out:0
2025-09-25 00:15:23 | audio_manager        | DEBUG    | get_audio_devices:99   |   -> Added as INPUT device
2025-09-25 00:15:23 | audio_manager        | DEBUG    | get_audio_devices:75   | Device 11: 'Microphone (Logi C615 HD WebCam)' (raw: 'Microphone (Logi C615 HD WebCam)') - In:1 Out:0
2025-09-25 00:15:23 | audio_manager        | DEBUG    | get_audio_devices:99   |   -> Added as INPUT device
2025-09-25 00:15:23 | audio_manager        | DEBUG    | get_audio_devices:75   | Device 12: 'Primary Sound Driver' (raw: 'Primary Sound Driver') - In:0 Out:2
2025-09-25 00:15:23 | audio_manager        | DEBUG    | get_audio_devices:111  |   -> Added as OUTPUT device
2025-09-25 00:15:23 | audio_manager        | DEBUG    | get_audio_devices:75   | Device 13: 'Speakers (Logi Z407)' (raw: 'Speakers (Logi Z407)') - In:0 Out:2
2025-09-25 00:15:23 | audio_manager        | DEBUG    | get_audio_devices:111  |   -> Added as OUTPUT device
2025-09-25 00:15:23 | audio_manager        | DEBUG    | get_audio_devices:75   | Device 14: 'Realtek Digital Output (Realtek(R) Audio)' (raw: 'Realtek Digital Output (Realtek(R) Audio)') - In:0 Out:2
2025-09-25 00:15:23 | audio_manager        | DEBUG    | get_audio_devices:111  |   -> Added as OUTPUT device
2025-09-25 00:15:23 | audio_manager        | DEBUG    | get_audio_devices:75   | Device 15: 'Q27G4N (NVIDIA High Definition Audio)' (raw: 'Q27G4N (NVIDIA High Definition Audio)') - In:0 Out:2
2025-09-25 00:15:23 | audio_manager        | DEBUG    | get_audio_devices:111  |   -> Added as OUTPUT device
2025-09-25 00:15:23 | audio_manager        | DEBUG    | get_audio_devices:75   | Device 16: 'CR340HD (NVIDIA High Definition Audio)' (raw: 'CR340HD (NVIDIA High Definition Audio)') - In:0 Out:2
2025-09-25 00:15:23 | audio_manager        | DEBUG    | get_audio_devices:111  |   -> Added as OUTPUT device
2025-09-25 00:15:23 | audio_manager        | DEBUG    | get_audio_devices:75   | Device 17: 'LG ULTRAGEAR (NVIDIA High Definition Audio)' (raw: 'LG ULTRAGEAR (NVIDIA High Definition Audio)') - In:0 Out:2
2025-09-25 00:15:23 | audio_manager        | DEBUG    | get_audio_devices:111  |   -> Added as OUTPUT device
2025-09-25 00:15:23 | audio_manager        | DEBUG    | get_audio_devices:75   | Device 18: 'Realtek Digital Output (Realtek(R) Audio)' (raw: 'Realtek Digital Output (Realtek(R) Audio)') - In:0 Out:2
2025-09-25 00:15:23 | audio_manager        | DEBUG    | get_audio_devices:111  |   -> Added as OUTPUT device
2025-09-25 00:15:23 | audio_manager        | DEBUG    | get_audio_devices:75   | Device 19: 'Q27G4N (NVIDIA High Definition Audio)' (raw: 'Q27G4N (NVIDIA High Definition Audio)') - In:0 Out:2
2025-09-25 00:15:23 | audio_manager        | DEBUG    | get_audio_devices:111  |   -> Added as OUTPUT device
2025-09-25 00:15:23 | audio_manager        | DEBUG    | get_audio_devices:75   | Device 20: 'CR340HD (NVIDIA High Definition Audio)' (raw: 'CR340HD (NVIDIA High Definition Audio)') - In:0 Out:2
2025-09-25 00:15:23 | audio_manager        | DEBUG    | get_audio_devices:111  |   -> Added as OUTPUT device
2025-09-25 00:15:23 | audio_manager        | DEBUG    | get_audio_devices:75   | Device 21: 'LG ULTRAGEAR (NVIDIA High Definition Audio)' (raw: 'LG ULTRAGEAR (NVIDIA High Definition Audio)') - In:0 Out:2
2025-09-25 00:15:23 | audio_manager        | DEBUG    | get_audio_devices:111  |   -> Added as OUTPUT device
2025-09-25 00:15:23 | audio_manager        | DEBUG    | get_audio_devices:75   | Device 22: 'Speakers (Logi Z407)' (raw: 'Speakers (Logi Z407)') - In:0 Out:2
2025-09-25 00:15:23 | audio_manager        | DEBUG    | get_audio_devices:111  |   -> Added as OUTPUT device
2025-09-25 00:15:23 | audio_manager        | DEBUG    | get_audio_devices:75   | Device 23: 'Microphone (Logi C615 HD WebCam)' (raw: 'Microphone (Logi C615 HD WebCam)') - In:1 Out:0
2025-09-25 00:15:23 | audio_manager        | DEBUG    | get_audio_devices:99   |   -> Added as INPUT device
2025-09-25 00:15:23 | audio_manager        | DEBUG    | get_audio_devices:75   | Device 24: 'Microphone (TONOR TC30 Audio Device)' (raw: 'Microphone (TONOR TC30 Audio Device)') - In:1 Out:0
2025-09-25 00:15:23 | audio_manager        | DEBUG    | get_audio_devices:99   |   -> Added as INPUT device
2025-09-25 00:15:23 | audio_manager        | DEBUG    | get_audio_devices:75   | Device 25: 'Microphone (Logi C615 HD WebCam)' (raw: 'Microphone (Logi C615 HD WebCam)') - In:1 Out:0
2025-09-25 00:15:23 | audio_manager        | DEBUG    | get_audio_devices:99   |   -> Added as INPUT device
2025-09-25 00:15:23 | audio_manager        | DEBUG    | get_audio_devices:75   | Device 26: 'Microphone (Realtek HD Audio Mic input)' (raw: 'Microphone (Realtek HD Audio Mic input)') - In:2 Out:0
2025-09-25 00:15:23 | audio_manager        | DEBUG    | get_audio_devices:99   |   -> Added as INPUT device
2025-09-25 00:15:23 | audio_manager        | DEBUG    | get_audio_devices:75   | Device 27: 'SPDIF Out (Realtek HDA SPDIF Out)' (raw: 'SPDIF Out (Realtek HDA SPDIF Out)') - In:0 Out:2
2025-09-25 00:15:23 | audio_manager        | DEBUG    | get_audio_devices:111  |   -> Added as OUTPUT device
2025-09-25 00:15:23 | audio_manager        | DEBUG    | get_audio_devices:75   | Device 28: 'Line In (Realtek HD Audio Line input)' (raw: 'Line In (Realtek HD Audio Line input)') - In:2 Out:0
2025-09-25 00:15:23 | audio_manager        | DEBUG    | get_audio_devices:99   |   -> Added as INPUT device
2025-09-25 00:15:23 | audio_manager        | DEBUG    | get_audio_devices:75   | Device 29: 'Headphones (Realtek HD Audio 2nd output)' (raw: 'Headphones (Realtek HD Audio 2nd output)') - In:0 Out:2
2025-09-25 00:15:23 | audio_manager        | DEBUG    | get_audio_devices:111  |   -> Added as OUTPUT device
2025-09-25 00:15:23 | audio_manager        | DEBUG    | get_audio_devices:75   | Device 30: 'Speakers (Realtek HD Audio output)' (raw: 'Speakers (Realtek HD Audio output)') - In:0 Out:8
2025-09-25 00:15:23 | audio_manager        | DEBUG    | get_audio_devices:111  |   -> Added as OUTPUT device
2025-09-25 00:15:23 | audio_manager        | DEBUG    | get_audio_devices:75   | Device 31: 'Stereo Mix (Realtek HD Audio Stereo input)' (raw: 'Stereo Mix (Realtek HD Audio Stereo input)') - In:2 Out:0
2025-09-25 00:15:23 | audio_manager        | DEBUG    | get_audio_devices:89   |   -> Added as SYSTEM RECORDING device
2025-09-25 00:15:23 | audio_manager        | DEBUG    | get_audio_devices:75   | Device 32: 'Output (NVIDIA High Definition Audio)' (raw: 'Output (NVIDIA High Definition Audio)') - In:0 Out:2
2025-09-25 00:15:23 | audio_manager        | DEBUG    | get_audio_devices:111  |   -> Added as OUTPUT device
2025-09-25 00:15:23 | audio_manager        | DEBUG    | get_audio_devices:75   | Device 33: 'Output (NVIDIA High Definition Audio)' (raw: 'Output (NVIDIA High Definition Audio)') - In:0 Out:2
2025-09-25 00:15:23 | audio_manager        | DEBUG    | get_audio_devices:111  |   -> Added as OUTPUT device
2025-09-25 00:15:23 | audio_manager        | DEBUG    | get_audio_devices:75   | Device 34: 'Output (NVIDIA High Definition Audio)' (raw: 'Output (NVIDIA High Definition Audio)') - In:0 Out:2
2025-09-25 00:15:23 | audio_manager        | DEBUG    | get_audio_devices:111  |   -> Added as OUTPUT device
2025-09-25 00:15:23 | audio_manager        | DEBUG    | get_audio_devices:75   | Device 35: 'Speakers (Logi Z407)' (raw: 'Speakers (Logi Z407)') - In:0 Out:2
2025-09-25 00:15:23 | audio_manager        | DEBUG    | get_audio_devices:111  |   -> Added as OUTPUT device
2025-09-25 00:15:23 | audio_manager        | DEBUG    | get_audio_devices:75   | Device 36: 'Microphone (TONOR TC30 Audio Device)' (raw: 'Microphone (TONOR TC30 Audio Device)') - In:1 Out:0
2025-09-25 00:15:23 | audio_manager        | DEBUG    | get_audio_devices:99   |   -> Added as INPUT device
2025-09-25 00:15:23 | audio_manager        | INFO     | get_audio_devices:117  | Device scan complete: 12 input, 24 output, 1 system recording
2025-09-25 00:15:23 | audio_manager        | DEBUG    | wrapper        :209  | RETURN: get_audio_devices -> dict
2025-09-25 00:15:36 | audio_manager        | DEBUG    | wrapper        :205  | CALL: get_audio_devices(1 args, 0 kwargs)
2025-09-25 00:15:36 | audio_manager        | DEBUG    | get_audio_devices:57   | Scanning for audio devices...
2025-09-25 00:15:36 | audio_manager        | INFO     | get_audio_devices:65   | Found 37 audio devices
2025-09-25 00:15:36 | audio_manager        | DEBUG    | get_audio_devices:75   | Device 0: 'Input' (raw: 'Microsoft Sound Mapper - Input') - In:2 Out:0
2025-09-25 00:15:36 | audio_manager        | DEBUG    | get_audio_devices:99   |   -> Added as INPUT device
2025-09-25 00:15:36 | audio_manager        | DEBUG    | get_audio_devices:75   | Device 1: 'Microphone (TONOR TC30 Audio De' (raw: 'Microphone (TONOR TC30 Audio De') - In:1 Out:0
2025-09-25 00:15:36 | audio_manager        | DEBUG    | get_audio_devices:99   |   -> Added as INPUT device
2025-09-25 00:15:36 | audio_manager        | DEBUG    | get_audio_devices:75   | Device 2: 'Microphone (Logi C615 HD WebCam' (raw: 'Microphone (Logi C615 HD WebCam') - In:1 Out:0
2025-09-25 00:15:36 | audio_manager        | DEBUG    | get_audio_devices:99   |   -> Added as INPUT device
2025-09-25 00:15:36 | audio_manager        | DEBUG    | get_audio_devices:75   | Device 3: 'Output' (raw: 'Microsoft Sound Mapper - Output') - In:0 Out:2
2025-09-25 00:15:36 | audio_manager        | DEBUG    | get_audio_devices:111  |   -> Added as OUTPUT device
2025-09-25 00:15:36 | audio_manager        | DEBUG    | get_audio_devices:75   | Device 4: 'Speakers (Logi Z407)' (raw: 'Speakers (Logi Z407)') - In:0 Out:2
2025-09-25 00:15:36 | audio_manager        | DEBUG    | get_audio_devices:111  |   -> Added as OUTPUT device
2025-09-25 00:15:36 | audio_manager        | DEBUG    | get_audio_devices:75   | Device 5: 'Realtek Digital Output (Realtek' (raw: 'Realtek Digital Output (Realtek') - In:0 Out:2
2025-09-25 00:15:36 | audio_manager        | DEBUG    | get_audio_devices:111  |   -> Added as OUTPUT device
2025-09-25 00:15:36 | audio_manager        | DEBUG    | get_audio_devices:75   | Device 6: 'Q27G4N (NVIDIA High Definition ' (raw: 'Q27G4N (NVIDIA High Definition ') - In:0 Out:2
2025-09-25 00:15:36 | audio_manager        | DEBUG    | get_audio_devices:111  |   -> Added as OUTPUT device
2025-09-25 00:15:36 | audio_manager        | DEBUG    | get_audio_devices:75   | Device 7: 'CR340HD (NVIDIA High Definition' (raw: 'CR340HD (NVIDIA High Definition') - In:0 Out:2
2025-09-25 00:15:36 | audio_manager        | DEBUG    | get_audio_devices:111  |   -> Added as OUTPUT device
2025-09-25 00:15:36 | audio_manager        | DEBUG    | get_audio_devices:75   | Device 8: 'LG ULTRAGEAR (NVIDIA High Defin' (raw: 'LG ULTRAGEAR (NVIDIA High Defin') - In:0 Out:2
2025-09-25 00:15:36 | audio_manager        | DEBUG    | get_audio_devices:111  |   -> Added as OUTPUT device
2025-09-25 00:15:36 | audio_manager        | DEBUG    | get_audio_devices:75   | Device 9: 'Primary Sound Capture Driver' (raw: 'Primary Sound Capture Driver') - In:2 Out:0
2025-09-25 00:15:36 | audio_manager        | DEBUG    | get_audio_devices:99   |   -> Added as INPUT device
2025-09-25 00:15:36 | audio_manager        | DEBUG    | get_audio_devices:75   | Device 10: 'Microphone (TONOR TC30 Audio Device)' (raw: 'Microphone (TONOR TC30 Audio Device)') - In:1 Out:0
2025-09-25 00:15:36 | audio_manager        | DEBUG    | get_audio_devices:99   |   -> Added as INPUT device
2025-09-25 00:15:36 | audio_manager        | DEBUG    | get_audio_devices:75   | Device 11: 'Microphone (Logi C615 HD WebCam)' (raw: 'Microphone (Logi C615 HD WebCam)') - In:1 Out:0
2025-09-25 00:15:36 | audio_manager        | DEBUG    | get_audio_devices:99   |   -> Added as INPUT device
2025-09-25 00:15:36 | audio_manager        | DEBUG    | get_audio_devices:75   | Device 12: 'Primary Sound Driver' (raw: 'Primary Sound Driver') - In:0 Out:2
2025-09-25 00:15:36 | audio_manager        | DEBUG    | get_audio_devices:111  |   -> Added as OUTPUT device
2025-09-25 00:15:36 | audio_manager        | DEBUG    | get_audio_devices:75   | Device 13: 'Speakers (Logi Z407)' (raw: 'Speakers (Logi Z407)') - In:0 Out:2
2025-09-25 00:15:36 | audio_manager        | DEBUG    | get_audio_devices:111  |   -> Added as OUTPUT device
2025-09-25 00:15:36 | audio_manager        | DEBUG    | get_audio_devices:75   | Device 14: 'Realtek Digital Output (Realtek(R) Audio)' (raw: 'Realtek Digital Output (Realtek(R) Audio)') - In:0 Out:2
2025-09-25 00:15:36 | audio_manager        | DEBUG    | get_audio_devices:111  |   -> Added as OUTPUT device
2025-09-25 00:15:36 | audio_manager        | DEBUG    | get_audio_devices:75   | Device 15: 'Q27G4N (NVIDIA High Definition Audio)' (raw: 'Q27G4N (NVIDIA High Definition Audio)') - In:0 Out:2
2025-09-25 00:15:36 | audio_manager        | DEBUG    | get_audio_devices:111  |   -> Added as OUTPUT device
2025-09-25 00:15:36 | audio_manager        | DEBUG    | get_audio_devices:75   | Device 16: 'CR340HD (NVIDIA High Definition Audio)' (raw: 'CR340HD (NVIDIA High Definition Audio)') - In:0 Out:2
2025-09-25 00:15:36 | audio_manager        | DEBUG    | get_audio_devices:111  |   -> Added as OUTPUT device
2025-09-25 00:15:36 | audio_manager        | DEBUG    | get_audio_devices:75   | Device 17: 'LG ULTRAGEAR (NVIDIA High Definition Audio)' (raw: 'LG ULTRAGEAR (NVIDIA High Definition Audio)') - In:0 Out:2
2025-09-25 00:15:36 | audio_manager        | DEBUG    | get_audio_devices:111  |   -> Added as OUTPUT device
2025-09-25 00:15:36 | audio_manager        | DEBUG    | get_audio_devices:75   | Device 18: 'Realtek Digital Output (Realtek(R) Audio)' (raw: 'Realtek Digital Output (Realtek(R) Audio)') - In:0 Out:2
2025-09-25 00:15:36 | audio_manager        | DEBUG    | get_audio_devices:111  |   -> Added as OUTPUT device
2025-09-25 00:15:36 | audio_manager        | DEBUG    | get_audio_devices:75   | Device 19: 'Q27G4N (NVIDIA High Definition Audio)' (raw: 'Q27G4N (NVIDIA High Definition Audio)') - In:0 Out:2
2025-09-25 00:15:36 | audio_manager        | DEBUG    | get_audio_devices:111  |   -> Added as OUTPUT device
2025-09-25 00:15:36 | audio_manager        | DEBUG    | get_audio_devices:75   | Device 20: 'CR340HD (NVIDIA High Definition Audio)' (raw: 'CR340HD (NVIDIA High Definition Audio)') - In:0 Out:2
2025-09-25 00:15:36 | audio_manager        | DEBUG    | get_audio_devices:111  |   -> Added as OUTPUT device
2025-09-25 00:15:36 | audio_manager        | DEBUG    | get_audio_devices:75   | Device 21: 'LG ULTRAGEAR (NVIDIA High Definition Audio)' (raw: 'LG ULTRAGEAR (NVIDIA High Definition Audio)') - In:0 Out:2
2025-09-25 00:15:36 | audio_manager        | DEBUG    | get_audio_devices:111  |   -> Added as OUTPUT device
2025-09-25 00:15:36 | audio_manager        | DEBUG    | get_audio_devices:75   | Device 22: 'Speakers (Logi Z407)' (raw: 'Speakers (Logi Z407)') - In:0 Out:2
2025-09-25 00:15:36 | audio_manager        | DEBUG    | get_audio_devices:111  |   -> Added as OUTPUT device
2025-09-25 00:15:36 | audio_manager        | DEBUG    | get_audio_devices:75   | Device 23: 'Microphone (Logi C615 HD WebCam)' (raw: 'Microphone (Logi C615 HD WebCam)') - In:1 Out:0
2025-09-25 00:15:36 | audio_manager        | DEBUG    | get_audio_devices:99   |   -> Added as INPUT device
2025-09-25 00:15:36 | audio_manager        | DEBUG    | get_audio_devices:75   | Device 24: 'Microphone (TONOR TC30 Audio Device)' (raw: 'Microphone (TONOR TC30 Audio Device)') - In:1 Out:0
2025-09-25 00:15:36 | audio_manager        | DEBUG    | get_audio_devices:99   |   -> Added as INPUT device
2025-09-25 00:15:36 | audio_manager        | DEBUG    | get_audio_devices:75   | Device 25: 'Microphone (Logi C615 HD WebCam)' (raw: 'Microphone (Logi C615 HD WebCam)') - In:1 Out:0
2025-09-25 00:15:36 | audio_manager        | DEBUG    | get_audio_devices:99   |   -> Added as INPUT device
2025-09-25 00:15:36 | audio_manager        | DEBUG    | get_audio_devices:75   | Device 26: 'Microphone (Realtek HD Audio Mic input)' (raw: 'Microphone (Realtek HD Audio Mic input)') - In:2 Out:0
2025-09-25 00:15:36 | audio_manager        | DEBUG    | get_audio_devices:99   |   -> Added as INPUT device
2025-09-25 00:15:36 | audio_manager        | DEBUG    | get_audio_devices:75   | Device 27: 'SPDIF Out (Realtek HDA SPDIF Out)' (raw: 'SPDIF Out (Realtek HDA SPDIF Out)') - In:0 Out:2
2025-09-25 00:15:36 | audio_manager        | DEBUG    | get_audio_devices:111  |   -> Added as OUTPUT device
2025-09-25 00:15:36 | audio_manager        | DEBUG    | get_audio_devices:75   | Device 28: 'Line In (Realtek HD Audio Line input)' (raw: 'Line In (Realtek HD Audio Line input)') - In:2 Out:0
2025-09-25 00:15:36 | audio_manager        | DEBUG    | get_audio_devices:99   |   -> Added as INPUT device
2025-09-25 00:15:36 | audio_manager        | DEBUG    | get_audio_devices:75   | Device 29: 'Headphones (Realtek HD Audio 2nd output)' (raw: 'Headphones (Realtek HD Audio 2nd output)') - In:0 Out:2
2025-09-25 00:15:36 | audio_manager        | DEBUG    | get_audio_devices:111  |   -> Added as OUTPUT device
2025-09-25 00:15:36 | audio_manager        | DEBUG    | get_audio_devices:75   | Device 30: 'Speakers (Realtek HD Audio output)' (raw: 'Speakers (Realtek HD Audio output)') - In:0 Out:8
2025-09-25 00:15:36 | audio_manager        | DEBUG    | get_audio_devices:111  |   -> Added as OUTPUT device
2025-09-25 00:15:36 | audio_manager        | DEBUG    | get_audio_devices:75   | Device 31: 'Stereo Mix (Realtek HD Audio Stereo input)' (raw: 'Stereo Mix (Realtek HD Audio Stereo input)') - In:2 Out:0
2025-09-25 00:15:36 | audio_manager        | DEBUG    | get_audio_devices:89   |   -> Added as SYSTEM RECORDING device
2025-09-25 00:15:36 | audio_manager        | DEBUG    | get_audio_devices:75   | Device 32: 'Output (NVIDIA High Definition Audio)' (raw: 'Output (NVIDIA High Definition Audio)') - In:0 Out:2
2025-09-25 00:15:36 | audio_manager        | DEBUG    | get_audio_devices:111  |   -> Added as OUTPUT device
2025-09-25 00:15:36 | audio_manager        | DEBUG    | get_audio_devices:75   | Device 33: 'Output (NVIDIA High Definition Audio)' (raw: 'Output (NVIDIA High Definition Audio)') - In:0 Out:2
2025-09-25 00:15:36 | audio_manager        | DEBUG    | get_audio_devices:111  |   -> Added as OUTPUT device
2025-09-25 00:15:36 | audio_manager        | DEBUG    | get_audio_devices:75   | Device 34: 'Output (NVIDIA High Definition Audio)' (raw: 'Output (NVIDIA High Definition Audio)') - In:0 Out:2
2025-09-25 00:15:36 | audio_manager        | DEBUG    | get_audio_devices:111  |   -> Added as OUTPUT device
2025-09-25 00:15:36 | audio_manager        | DEBUG    | get_audio_devices:75   | Device 35: 'Speakers (Logi Z407)' (raw: 'Speakers (Logi Z407)') - In:0 Out:2
2025-09-25 00:15:36 | audio_manager        | DEBUG    | get_audio_devices:111  |   -> Added as OUTPUT device
2025-09-25 00:15:36 | audio_manager        | DEBUG    | get_audio_devices:75   | Device 36: 'Microphone (TONOR TC30 Audio Device)' (raw: 'Microphone (TONOR TC30 Audio Device)') - In:1 Out:0
2025-09-25 00:15:36 | audio_manager        | DEBUG    | get_audio_devices:99   |   -> Added as INPUT device
2025-09-25 00:15:36 | audio_manager        | INFO     | get_audio_devices:117  | Device scan complete: 12 input, 24 output, 1 system recording
2025-09-25 00:15:36 | audio_manager        | DEBUG    | wrapper        :209  | RETURN: get_audio_devices -> dict
2025-09-25 00:15:36 | audio_manager        | DEBUG    | wrapper        :205  | CALL: get_audio_devices(1 args, 0 kwargs)
2025-09-25 00:15:36 | audio_manager        | DEBUG    | get_audio_devices:57   | Scanning for audio devices...
2025-09-25 00:15:36 | audio_manager        | INFO     | get_audio_devices:65   | Found 37 audio devices
2025-09-25 00:15:36 | audio_manager        | DEBUG    | get_audio_devices:75   | Device 0: 'Input' (raw: 'Microsoft Sound Mapper - Input') - In:2 Out:0
2025-09-25 00:15:36 | audio_manager        | DEBUG    | get_audio_devices:99   |   -> Added as INPUT device
2025-09-25 00:15:36 | audio_manager        | DEBUG    | get_audio_devices:75   | Device 1: 'Microphone (TONOR TC30 Audio De' (raw: 'Microphone (TONOR TC30 Audio De') - In:1 Out:0
2025-09-25 00:15:36 | audio_manager        | DEBUG    | get_audio_devices:99   |   -> Added as INPUT device
2025-09-25 00:15:36 | audio_manager        | DEBUG    | get_audio_devices:75   | Device 2: 'Microphone (Logi C615 HD WebCam' (raw: 'Microphone (Logi C615 HD WebCam') - In:1 Out:0
2025-09-25 00:15:36 | audio_manager        | DEBUG    | get_audio_devices:99   |   -> Added as INPUT device
2025-09-25 00:15:36 | audio_manager        | DEBUG    | get_audio_devices:75   | Device 3: 'Output' (raw: 'Microsoft Sound Mapper - Output') - In:0 Out:2
2025-09-25 00:15:36 | audio_manager        | DEBUG    | get_audio_devices:111  |   -> Added as OUTPUT device
2025-09-25 00:15:36 | audio_manager        | DEBUG    | get_audio_devices:75   | Device 4: 'Speakers (Logi Z407)' (raw: 'Speakers (Logi Z407)') - In:0 Out:2
2025-09-25 00:15:36 | audio_manager        | DEBUG    | get_audio_devices:111  |   -> Added as OUTPUT device
2025-09-25 00:15:36 | audio_manager        | DEBUG    | get_audio_devices:75   | Device 5: 'Realtek Digital Output (Realtek' (raw: 'Realtek Digital Output (Realtek') - In:0 Out:2
2025-09-25 00:15:36 | audio_manager        | DEBUG    | get_audio_devices:111  |   -> Added as OUTPUT device
2025-09-25 00:15:36 | audio_manager        | DEBUG    | get_audio_devices:75   | Device 6: 'Q27G4N (NVIDIA High Definition ' (raw: 'Q27G4N (NVIDIA High Definition ') - In:0 Out:2
2025-09-25 00:15:36 | audio_manager        | DEBUG    | get_audio_devices:111  |   -> Added as OUTPUT device
2025-09-25 00:15:36 | audio_manager        | DEBUG    | get_audio_devices:75   | Device 7: 'CR340HD (NVIDIA High Definition' (raw: 'CR340HD (NVIDIA High Definition') - In:0 Out:2
2025-09-25 00:15:36 | audio_manager        | DEBUG    | get_audio_devices:111  |   -> Added as OUTPUT device
2025-09-25 00:15:36 | audio_manager        | DEBUG    | get_audio_devices:75   | Device 8: 'LG ULTRAGEAR (NVIDIA High Defin' (raw: 'LG ULTRAGEAR (NVIDIA High Defin') - In:0 Out:2
2025-09-25 00:15:36 | audio_manager        | DEBUG    | get_audio_devices:111  |   -> Added as OUTPUT device
2025-09-25 00:15:36 | audio_manager        | DEBUG    | get_audio_devices:75   | Device 9: 'Primary Sound Capture Driver' (raw: 'Primary Sound Capture Driver') - In:2 Out:0
2025-09-25 00:15:36 | audio_manager        | DEBUG    | get_audio_devices:99   |   -> Added as INPUT device
2025-09-25 00:15:36 | audio_manager        | DEBUG    | get_audio_devices:75   | Device 10: 'Microphone (TONOR TC30 Audio Device)' (raw: 'Microphone (TONOR TC30 Audio Device)') - In:1 Out:0
2025-09-25 00:15:36 | audio_manager        | DEBUG    | get_audio_devices:99   |   -> Added as INPUT device
2025-09-25 00:15:36 | audio_manager        | DEBUG    | get_audio_devices:75   | Device 11: 'Microphone (Logi C615 HD WebCam)' (raw: 'Microphone (Logi C615 HD WebCam)') - In:1 Out:0
2025-09-25 00:15:36 | audio_manager        | DEBUG    | get_audio_devices:99   |   -> Added as INPUT device
2025-09-25 00:15:36 | audio_manager        | DEBUG    | get_audio_devices:75   | Device 12: 'Primary Sound Driver' (raw: 'Primary Sound Driver') - In:0 Out:2
2025-09-25 00:15:36 | audio_manager        | DEBUG    | get_audio_devices:111  |   -> Added as OUTPUT device
2025-09-25 00:15:36 | audio_manager        | DEBUG    | get_audio_devices:75   | Device 13: 'Speakers (Logi Z407)' (raw: 'Speakers (Logi Z407)') - In:0 Out:2
2025-09-25 00:15:36 | audio_manager        | DEBUG    | get_audio_devices:111  |   -> Added as OUTPUT device
2025-09-25 00:15:36 | audio_manager        | DEBUG    | get_audio_devices:75   | Device 14: 'Realtek Digital Output (Realtek(R) Audio)' (raw: 'Realtek Digital Output (Realtek(R) Audio)') - In:0 Out:2
2025-09-25 00:15:36 | audio_manager        | DEBUG    | get_audio_devices:111  |   -> Added as OUTPUT device
2025-09-25 00:15:36 | audio_manager        | DEBUG    | get_audio_devices:75   | Device 15: 'Q27G4N (NVIDIA High Definition Audio)' (raw: 'Q27G4N (NVIDIA High Definition Audio)') - In:0 Out:2
2025-09-25 00:15:36 | audio_manager        | DEBUG    | get_audio_devices:111  |   -> Added as OUTPUT device
2025-09-25 00:15:36 | audio_manager        | DEBUG    | get_audio_devices:75   | Device 16: 'CR340HD (NVIDIA High Definition Audio)' (raw: 'CR340HD (NVIDIA High Definition Audio)') - In:0 Out:2
2025-09-25 00:15:36 | audio_manager        | DEBUG    | get_audio_devices:111  |   -> Added as OUTPUT device
2025-09-25 00:15:36 | audio_manager        | DEBUG    | get_audio_devices:75   | Device 17: 'LG ULTRAGEAR (NVIDIA High Definition Audio)' (raw: 'LG ULTRAGEAR (NVIDIA High Definition Audio)') - In:0 Out:2
2025-09-25 00:15:36 | audio_manager        | DEBUG    | get_audio_devices:111  |   -> Added as OUTPUT device
2025-09-25 00:15:36 | audio_manager        | DEBUG    | get_audio_devices:75   | Device 18: 'Realtek Digital Output (Realtek(R) Audio)' (raw: 'Realtek Digital Output (Realtek(R) Audio)') - In:0 Out:2
2025-09-25 00:15:36 | audio_manager        | DEBUG    | get_audio_devices:111  |   -> Added as OUTPUT device
2025-09-25 00:15:36 | audio_manager        | DEBUG    | get_audio_devices:75   | Device 19: 'Q27G4N (NVIDIA High Definition Audio)' (raw: 'Q27G4N (NVIDIA High Definition Audio)') - In:0 Out:2
2025-09-25 00:15:36 | audio_manager        | DEBUG    | get_audio_devices:111  |   -> Added as OUTPUT device
2025-09-25 00:15:36 | audio_manager        | DEBUG    | get_audio_devices:75   | Device 20: 'CR340HD (NVIDIA High Definition Audio)' (raw: 'CR340HD (NVIDIA High Definition Audio)') - In:0 Out:2
2025-09-25 00:15:36 | audio_manager        | DEBUG    | get_audio_devices:111  |   -> Added as OUTPUT device
2025-09-25 00:15:36 | audio_manager        | DEBUG    | get_audio_devices:75   | Device 21: 'LG ULTRAGEAR (NVIDIA High Definition Audio)' (raw: 'LG ULTRAGEAR (NVIDIA High Definition Audio)') - In:0 Out:2
2025-09-25 00:15:36 | audio_manager        | DEBUG    | get_audio_devices:111  |   -> Added as OUTPUT device
2025-09-25 00:15:36 | audio_manager        | DEBUG    | get_audio_devices:75   | Device 22: 'Speakers (Logi Z407)' (raw: 'Speakers (Logi Z407)') - In:0 Out:2
2025-09-25 00:15:36 | audio_manager        | DEBUG    | get_audio_devices:111  |   -> Added as OUTPUT device
2025-09-25 00:15:36 | audio_manager        | DEBUG    | get_audio_devices:75   | Device 23: 'Microphone (Logi C615 HD WebCam)' (raw: 'Microphone (Logi C615 HD WebCam)') - In:1 Out:0
2025-09-25 00:15:36 | audio_manager        | DEBUG    | get_audio_devices:99   |   -> Added as INPUT device
2025-09-25 00:15:36 | audio_manager        | DEBUG    | get_audio_devices:75   | Device 24: 'Microphone (TONOR TC30 Audio Device)' (raw: 'Microphone (TONOR TC30 Audio Device)') - In:1 Out:0
2025-09-25 00:15:36 | audio_manager        | DEBUG    | get_audio_devices:99   |   -> Added as INPUT device
2025-09-25 00:15:36 | audio_manager        | DEBUG    | get_audio_devices:75   | Device 25: 'Microphone (Logi C615 HD WebCam)' (raw: 'Microphone (Logi C615 HD WebCam)') - In:1 Out:0
2025-09-25 00:15:36 | audio_manager        | DEBUG    | get_audio_devices:99   |   -> Added as INPUT device
2025-09-25 00:15:36 | audio_manager        | DEBUG    | get_audio_devices:75   | Device 26: 'Microphone (Realtek HD Audio Mic input)' (raw: 'Microphone (Realtek HD Audio Mic input)') - In:2 Out:0
2025-09-25 00:15:36 | audio_manager        | DEBUG    | get_audio_devices:99   |   -> Added as INPUT device
2025-09-25 00:15:36 | audio_manager        | DEBUG    | get_audio_devices:75   | Device 27: 'SPDIF Out (Realtek HDA SPDIF Out)' (raw: 'SPDIF Out (Realtek HDA SPDIF Out)') - In:0 Out:2
2025-09-25 00:15:36 | audio_manager        | DEBUG    | get_audio_devices:111  |   -> Added as OUTPUT device
2025-09-25 00:15:36 | audio_manager        | DEBUG    | get_audio_devices:75   | Device 28: 'Line In (Realtek HD Audio Line input)' (raw: 'Line In (Realtek HD Audio Line input)') - In:2 Out:0
2025-09-25 00:15:36 | audio_manager        | DEBUG    | get_audio_devices:99   |   -> Added as INPUT device
2025-09-25 00:15:36 | audio_manager        | DEBUG    | get_audio_devices:75   | Device 29: 'Headphones (Realtek HD Audio 2nd output)' (raw: 'Headphones (Realtek HD Audio 2nd output)') - In:0 Out:2
2025-09-25 00:15:36 | audio_manager        | DEBUG    | get_audio_devices:111  |   -> Added as OUTPUT device
2025-09-25 00:15:36 | audio_manager        | DEBUG    | get_audio_devices:75   | Device 30: 'Speakers (Realtek HD Audio output)' (raw: 'Speakers (Realtek HD Audio output)') - In:0 Out:8
2025-09-25 00:15:36 | audio_manager        | DEBUG    | get_audio_devices:111  |   -> Added as OUTPUT device
2025-09-25 00:15:36 | audio_manager        | DEBUG    | get_audio_devices:75   | Device 31: 'Stereo Mix (Realtek HD Audio Stereo input)' (raw: 'Stereo Mix (Realtek HD Audio Stereo input)') - In:2 Out:0
2025-09-25 00:15:36 | audio_manager        | DEBUG    | get_audio_devices:89   |   -> Added as SYSTEM RECORDING device
2025-09-25 00:15:36 | audio_manager        | DEBUG    | get_audio_devices:75   | Device 32: 'Output (NVIDIA High Definition Audio)' (raw: 'Output (NVIDIA High Definition Audio)') - In:0 Out:2
2025-09-25 00:15:36 | audio_manager        | DEBUG    | get_audio_devices:111  |   -> Added as OUTPUT device
2025-09-25 00:15:36 | audio_manager        | DEBUG    | get_audio_devices:75   | Device 33: 'Output (NVIDIA High Definition Audio)' (raw: 'Output (NVIDIA High Definition Audio)') - In:0 Out:2
2025-09-25 00:15:36 | audio_manager        | DEBUG    | get_audio_devices:111  |   -> Added as OUTPUT device
2025-09-25 00:15:36 | audio_manager        | DEBUG    | get_audio_devices:75   | Device 34: 'Output (NVIDIA High Definition Audio)' (raw: 'Output (NVIDIA High Definition Audio)') - In:0 Out:2
2025-09-25 00:15:36 | audio_manager        | DEBUG    | get_audio_devices:111  |   -> Added as OUTPUT device
2025-09-25 00:15:36 | audio_manager        | DEBUG    | get_audio_devices:75   | Device 35: 'Speakers (Logi Z407)' (raw: 'Speakers (Logi Z407)') - In:0 Out:2
2025-09-25 00:15:36 | audio_manager        | DEBUG    | get_audio_devices:111  |   -> Added as OUTPUT device
2025-09-25 00:15:36 | audio_manager        | DEBUG    | get_audio_devices:75   | Device 36: 'Microphone (TONOR TC30 Audio Device)' (raw: 'Microphone (TONOR TC30 Audio Device)') - In:1 Out:0
2025-09-25 00:15:36 | audio_manager        | DEBUG    | get_audio_devices:99   |   -> Added as INPUT device
2025-09-25 00:15:36 | audio_manager        | INFO     | get_audio_devices:117  | Device scan complete: 12 input, 24 output, 1 system recording
2025-09-25 00:15:36 | audio_manager        | DEBUG    | wrapper        :209  | RETURN: get_audio_devices -> dict
2025-09-25 00:15:36 | audio_manager        | INFO     | set_input_device:319  | Setting input device to index 0
2025-09-25 00:15:36 | audio_manager        | INFO     | set_input_device:332  | Input device set: 'Microsoft Sound Mapper - Input' (channels: 2)
2025-09-25 00:15:36 | audio_manager        | INFO     | set_system_audio_device:344  | Setting system audio device to index 31
2025-09-25 00:15:36 | audio_manager        | INFO     | set_system_audio_device:365  | System audio device set: 'Stereo Mix (Realtek HD Audio Stereo input)' (channels: 2)
2025-09-25 00:15:36 | audio_manager        | DEBUG    | wrapper        :205  | CALL: start_recording(1 args, 0 kwargs)
2025-09-25 00:15:36 | audio_manager        | INFO     | start_recording:429  | Starting audio recording...
2025-09-25 00:15:36 | audio_manager        | DEBUG    | start_recording:453  | Device validation passed - Mic: Microsoft Sound Mapper - Input (2 ch), Sys: Stereo Mix (Realtek HD Audio Stereo input) (2 ch)
2025-09-25 00:15:36 | audio_manager        | DEBUG    | start_recording:463  | Creating recording thread...
2025-09-25 00:15:36 | audio_manager        | DEBUG    | _recording_loop:478  | Recording loop thread started
2025-09-25 00:15:36 | audio_manager        | INFO     | start_recording:468  | Audio recording started successfully
2025-09-25 00:15:36 | audio_manager        | DEBUG    | _recording_loop:497  | Opening microphone stream (device 0)
2025-09-25 00:15:36 | audio_manager        | DEBUG    | wrapper        :209  | RETURN: start_recording -> tuple
2025-09-25 00:15:36 | audio_manager        | DEBUG    | _recording_loop:508  | Opening system audio stream (device 31)
2025-09-25 00:15:36 | audio_manager        | ERROR    | _recording_loop:599  | Recording loop initialization error: [Errno -9999] Unanticipated host error
2025-09-25 00:15:36 | audio_manager        | DEBUG    | _recording_loop:630  | Microphone stream closed
2025-09-25 00:15:36 | audio_manager        | DEBUG    | _recording_loop:652  | Recording loop thread finished
2025-09-25 01:18:38 | audio_manager        | DEBUG    | wrapper        :205  | CALL: stop_recording(1 args, 0 kwargs)
2025-09-25 01:18:38 | audio_manager        | INFO     | stop_recording :657  | Stopping audio recording...
2025-09-25 01:18:38 | audio_manager        | INFO     | stop_recording :685  | Recording stopped - Buffer contains 0.0s (0 chunks)
2025-09-25 01:18:38 | audio_manager        | DEBUG    | wrapper        :209  | RETURN: stop_recording -> NoneType
2025-09-25 01:18:38 | audio_manager        | DEBUG    | wrapper        :205  | CALL: stop_recording(1 args, 0 kwargs)
2025-09-25 01:18:38 | audio_manager        | INFO     | stop_recording :657  | Stopping audio recording...
2025-09-25 01:18:38 | audio_manager        | INFO     | stop_recording :685  | Recording stopped - Buffer contains 0.0s (0 chunks)
2025-09-25 01:18:38 | audio_manager        | DEBUG    | wrapper        :209  | RETURN: stop_recording -> NoneType
