2025-09-25 00:14:46 | faster_whisper       | WARNING  | download_model :124  | An error occured while synchronizing the model Systran/faster-whisper-tiny from the Hugging Face Hub:
Cannot find an appropriate cached snapshot folder for the specified revision on the local disk and outgoing traffic has been disabled. To enable repo look-ups and downloads online, pass 'local_files_only=False' as input.
2025-09-25 00:14:46 | faster_whisper       | WARNING  | download_model :129  | Trying to load the model directly from the local cache, if it exists.
2025-09-25 00:14:46 | faster_whisper       | WARNING  | download_model :124  | An error occured while synchronizing the model Systran/faster-whisper-base from the Hugging Face Hub:
Cannot find an appropriate cached snapshot folder for the specified revision on the local disk and outgoing traffic has been disabled. To enable repo look-ups and downloads online, pass 'local_files_only=False' as input.
2025-09-25 00:14:46 | faster_whisper       | WARNING  | download_model :129  | Trying to load the model directly from the local cache, if it exists.
2025-09-25 00:14:50 | faster_whisper       | WARNING  | download_model :124  | An error occured while synchronizing the model Systran/faster-whisper-large-v3 from the Hugging Face Hub:
Cannot find an appropriate cached snapshot folder for the specified revision on the local disk and outgoing traffic has been disabled. To enable repo look-ups and downloads online, pass 'local_files_only=False' as input.
2025-09-25 00:14:50 | faster_whisper       | WARNING  | download_model :129  | Trying to load the model directly from the local cache, if it exists.
2025-09-25 00:14:50 | faster_whisper       | WARNING  | download_model :124  | An error occured while synchronizing the model Systran/faster-whisper-tiny from the Hugging Face Hub:
Cannot find an appropriate cached snapshot folder for the specified revision on the local disk and outgoing traffic has been disabled. To enable repo look-ups and downloads online, pass 'local_files_only=False' as input.
2025-09-25 00:14:50 | faster_whisper       | WARNING  | download_model :129  | Trying to load the model directly from the local cache, if it exists.
2025-09-25 00:14:50 | faster_whisper       | WARNING  | download_model :124  | An error occured while synchronizing the model Systran/faster-whisper-base from the Hugging Face Hub:
Cannot find an appropriate cached snapshot folder for the specified revision on the local disk and outgoing traffic has been disabled. To enable repo look-ups and downloads online, pass 'local_files_only=False' as input.
2025-09-25 00:14:50 | faster_whisper       | WARNING  | download_model :129  | Trying to load the model directly from the local cache, if it exists.
2025-09-25 00:14:54 | faster_whisper       | WARNING  | download_model :124  | An error occured while synchronizing the model Systran/faster-whisper-large-v3 from the Hugging Face Hub:
Cannot find an appropriate cached snapshot folder for the specified revision on the local disk and outgoing traffic has been disabled. To enable repo look-ups and downloads online, pass 'local_files_only=False' as input.
2025-09-25 00:14:54 | faster_whisper       | WARNING  | download_model :129  | Trying to load the model directly from the local cache, if it exists.
2025-09-25 00:14:59 | faster_whisper       | WARNING  | download_model :124  | An error occured while synchronizing the model Systran/faster-whisper-medium from the Hugging Face Hub:
Cannot find an appropriate cached snapshot folder for the specified revision on the local disk and outgoing traffic has been disabled. To enable repo look-ups and downloads online, pass 'local_files_only=False' as input.
2025-09-25 00:14:59 | faster_whisper       | WARNING  | download_model :129  | Trying to load the model directly from the local cache, if it exists.
2025-09-25 00:14:59 | local_whisper        | ERROR    | load_model     :117  | Failed to load model 'medium': Cannot find an appropriate cached snapshot folder for the specified revision on the local disk and outgoing traffic has been disabled. To enable repo look-ups and downloads online, pass 'local_files_only=False' as input.
2025-09-25 00:15:07 | audio_manager        | ERROR    | _recording_loop:599  | Recording loop initialization error: [Errno -9999] Unanticipated host error
2025-09-25 00:15:14 | session_storage      | WARNING  | save_full_session_audio:211  | No audio buffer available
2025-09-25 00:15:19 | faster_whisper       | WARNING  | download_model :124  | An error occured while synchronizing the model Systran/faster-whisper-tiny from the Hugging Face Hub:
Cannot find an appropriate cached snapshot folder for the specified revision on the local disk and outgoing traffic has been disabled. To enable repo look-ups and downloads online, pass 'local_files_only=False' as input.
2025-09-25 00:15:19 | faster_whisper       | WARNING  | download_model :129  | Trying to load the model directly from the local cache, if it exists.
2025-09-25 00:15:19 | faster_whisper       | WARNING  | download_model :124  | An error occured while synchronizing the model Systran/faster-whisper-base from the Hugging Face Hub:
Cannot find an appropriate cached snapshot folder for the specified revision on the local disk and outgoing traffic has been disabled. To enable repo look-ups and downloads online, pass 'local_files_only=False' as input.
2025-09-25 00:15:19 | faster_whisper       | WARNING  | download_model :129  | Trying to load the model directly from the local cache, if it exists.
2025-09-25 00:15:23 | faster_whisper       | WARNING  | download_model :124  | An error occured while synchronizing the model Systran/faster-whisper-large-v3 from the Hugging Face Hub:
Cannot find an appropriate cached snapshot folder for the specified revision on the local disk and outgoing traffic has been disabled. To enable repo look-ups and downloads online, pass 'local_files_only=False' as input.
2025-09-25 00:15:23 | faster_whisper       | WARNING  | download_model :129  | Trying to load the model directly from the local cache, if it exists.
2025-09-25 00:15:36 | audio_manager        | ERROR    | _recording_loop:599  | Recording loop initialization error: [Errno -9999] Unanticipated host error
2025-09-25 01:18:38 | session_storage      | WARNING  | save_full_session_audio:211  | No audio buffer available
2025-09-25 01:18:38 | session_recorder     | ERROR    | stop_recording :755  | Error saving session: invalid command name ".!ctkframe.!ctkframe2.!ctklabel2.!label"
